16:11:29 [INFO][main][org.springframework.boot.test.context.SpringBootTestContextBootstrapper]- Neither @ContextConfiguration nor @ContextHierarchy found for test class [springbootTest.TestSptingboot], using SpringBootContextLoader
16:11:29 [INFO][main][org.springframework.test.context.support.AbstractContextLoader]- Could not detect default resource locations for test class [springbootTest.TestSptingboot]: no resource found for suffixes {-context.xml, Context.groovy}.
16:11:29 [INFO][main][org.springframework.boot.test.context.SpringBootTestContextBootstrapper]- Loaded default TestExecutionListener class names from location [META-INF/spring.factories]: [org.springframework.boot.test.mock.mockito.MockitoTestExecutionListener, org.springframework.boot.test.mock.mockito.ResetMocksTestExecutionListener, org.springframework.boot.test.autoconfigure.restdocs.RestDocsTestExecutionListener, org.springframework.boot.test.autoconfigure.web.client.MockRestServiceServerResetTestExecutionListener, org.springframework.boot.test.autoconfigure.web.servlet.MockMvcPrintOnlyOnFailureTestExecutionListener, org.springframework.boot.test.autoconfigure.web.servlet.WebDriverTestExecutionListener, org.springframework.test.context.web.ServletTestExecutionListener, org.springframework.test.context.support.DirtiesContextBeforeModesTestExecutionListener, org.springframework.test.context.support.DependencyInjectionTestExecutionListener, org.springframework.test.context.support.DirtiesContextTestExecutionListener, org.springframework.test.context.transaction.TransactionalTestExecutionListener, org.springframework.test.context.jdbc.SqlScriptsTestExecutionListener]
16:11:29 [INFO][main][org.springframework.boot.test.context.SpringBootTestContextBootstrapper]- Using TestExecutionListeners: [org.springframework.test.context.web.ServletTestExecutionListener@2bbf4b8b, org.springframework.test.context.support.DirtiesContextBeforeModesTestExecutionListener@30a3107a, org.springframework.boot.test.autoconfigure.SpringBootDependencyInjectionTestExecutionListener@33c7e1bb, org.springframework.test.context.support.DirtiesContextTestExecutionListener@34c4973, org.springframework.test.context.transaction.TransactionalTestExecutionListener@52feb982, org.springframework.test.context.jdbc.SqlScriptsTestExecutionListener@7a765367, org.springframework.boot.test.autoconfigure.restdocs.RestDocsTestExecutionListener@76b0bfab, org.springframework.boot.test.autoconfigure.web.servlet.WebDriverTestExecutionListener@17d677df, org.springframework.boot.test.autoconfigure.web.client.MockRestServiceServerResetTestExecutionListener@3043fe0e, org.springframework.boot.test.mock.mockito.MockitoTestExecutionListener@78e67e0a, org.springframework.boot.test.mock.mockito.ResetMocksTestExecutionListener@bd8db5a, org.springframework.boot.test.autoconfigure.web.servlet.MockMvcPrintOnlyOnFailureTestExecutionListener@2f943d71]
16:11:30 [INFO][main][springbootTest.TestSptingboot]- Starting TestSptingboot on DESKTOP-4EJ981U with PID 6364 (started by weipan in D:\Users\admin\weip\springbootTest)
16:11:30 [INFO][main][springbootTest.TestSptingboot]- The following profiles are active: test
16:11:30 [INFO][main][org.springframework.web.context.support.GenericWebApplicationContext]- Refreshing org.springframework.web.context.support.GenericWebApplicationContext@79da8dc5: startup date [Mon Apr 23 16:11:30 CST 2018]; root of context hierarchy
16:11:31 [INFO][background-preinit][org.hibernate.validator.internal.util.Version]- HV000001: Hibernate Validator 5.3.4.Final
16:11:31 [INFO][main][org.springframework.beans.factory.support.DefaultListableBeanFactory]- Overriding bean definition for bean 'sqlSessionTemplate1' with a different definition: replacing [Root bean: class [null]; scope=; abstract=false; lazyInit=false; autowireMode=3; dependencyCheck=0; autowireCandidate=true; primary=false; factoryBeanName=mybatisDb1Config; factoryMethodName=sqlSessionTemplate1; initMethodName=null; destroyMethodName=(inferred); defined in class path resource [com/test/config/MybatisDb1Config.class]] with [Root bean: class [null]; scope=; abstract=false; lazyInit=false; autowireMode=3; dependencyCheck=0; autowireCandidate=true; primary=false; factoryBeanName=mybatisDb2Config; factoryMethodName=sqlSessionTemplate1; initMethodName=null; destroyMethodName=(inferred); defined in class path resource [com/test/config/MybatisDb2Config.class]]
16:11:31 [WARN][main][org.mybatis.spring.mapper.ClassPathMapperScanner]- No MyBatis mapper was found in '[com.test.testmapper]' package. Please check your configuration.
16:11:32 [INFO][main][org.springframework.context.support.PostProcessorRegistrationDelegate$BeanPostProcessorChecker]- Bean 'org.springframework.boot.autoconfigure.validation.ValidationAutoConfiguration' of type [class org.springframework.boot.autoconfigure.validation.ValidationAutoConfiguration] is not eligible for getting processed by all BeanPostProcessors (for example: not eligible for auto-proxying)
16:11:32 [INFO][main][org.springframework.context.support.PostProcessorRegistrationDelegate$BeanPostProcessorChecker]- Bean 'validator' of type [class org.springframework.validation.beanvalidation.LocalValidatorFactoryBean] is not eligible for getting processed by all BeanPostProcessors (for example: not eligible for auto-proxying)
16:11:32 [INFO][main][org.springframework.context.support.PostProcessorRegistrationDelegate$BeanPostProcessorChecker]- Bean 'org.springframework.transaction.annotation.ProxyTransactionManagementConfiguration' of type [class org.springframework.transaction.annotation.ProxyTransactionManagementConfiguration$$EnhancerBySpringCGLIB$$d43cff29] is not eligible for getting processed by all BeanPostProcessors (for example: not eligible for auto-proxying)
16:11:34 [INFO][main][org.springframework.web.servlet.mvc.method.annotation.RequestMappingHandlerAdapter]- Looking for @ControllerAdvice: org.springframework.web.context.support.GenericWebApplicationContext@79da8dc5: startup date [Mon Apr 23 16:11:30 CST 2018]; root of context hierarchy
16:11:34 [INFO][main][org.springframework.web.servlet.mvc.method.annotation.RequestMappingHandlerMapping]- Mapped "{[/getEmps],methods=[GET]}" onto public java.util.Map<java.lang.String, java.util.List<com.test.entity.Emp>> com.test.controller.Controller.getEmps()
16:11:34 [INFO][main][org.springframework.web.servlet.mvc.method.annotation.RequestMappingHandlerMapping]- Mapped "{[/exception]}" onto public int com.test.controller.Controller.Exception()
16:11:34 [INFO][main][org.springframework.web.servlet.mvc.method.annotation.RequestMappingHandlerMapping]- Mapped "{[/error]}" onto public org.springframework.http.ResponseEntity<java.util.Map<java.lang.String, java.lang.Object>> org.springframework.boot.autoconfigure.web.BasicErrorController.error(javax.servlet.http.HttpServletRequest)
16:11:34 [INFO][main][org.springframework.web.servlet.mvc.method.annotation.RequestMappingHandlerMapping]- Mapped "{[/error],produces=[text/html]}" onto public org.springframework.web.servlet.ModelAndView org.springframework.boot.autoconfigure.web.BasicErrorController.errorHtml(javax.servlet.http.HttpServletRequest,javax.servlet.http.HttpServletResponse)
16:11:34 [INFO][main][org.springframework.web.servlet.handler.SimpleUrlHandlerMapping]- Mapped URL path [/webjars/**] onto handler of type [class org.springframework.web.servlet.resource.ResourceHttpRequestHandler]
16:11:34 [INFO][main][org.springframework.web.servlet.handler.SimpleUrlHandlerMapping]- Mapped URL path [/**] onto handler of type [class org.springframework.web.servlet.resource.ResourceHttpRequestHandler]
16:11:34 [INFO][main][org.springframework.web.servlet.mvc.method.annotation.ExceptionHandlerExceptionResolver]- Detected @ExceptionHandler methods in globalExceptionHandler
16:11:34 [INFO][main][org.springframework.web.servlet.handler.SimpleUrlHandlerMapping]- Mapped URL path [/**/favicon.ico] onto handler of type [class org.springframework.web.servlet.resource.ResourceHttpRequestHandler]
16:11:34 [INFO][main][org.springframework.boot.autoconfigure.web.WebMvcAutoConfiguration$WelcomePageHandlerMapping]- Adding welcome page: ServletContext resource [/index.html]
16:11:35 [INFO][main][springbootTest.TestSptingboot]- Started TestSptingboot in 5.596 seconds (JVM running for 6.811)
16:11:35 [INFO][Thread-3][org.springframework.web.context.support.GenericWebApplicationContext]- Closing org.springframework.web.context.support.GenericWebApplicationContext@79da8dc5: startup date [Mon Apr 23 16:11:30 CST 2018]; root of context hierarchy
16:21:30 [INFO][main][org.springframework.boot.test.context.SpringBootTestContextBootstrapper]- Neither @ContextConfiguration nor @ContextHierarchy found for test class [springbootTest.TestSptingboot], using SpringBootContextLoader
16:21:30 [INFO][main][org.springframework.test.context.support.AbstractContextLoader]- Could not detect default resource locations for test class [springbootTest.TestSptingboot]: no resource found for suffixes {-context.xml, Context.groovy}.
16:21:30 [INFO][main][org.springframework.boot.test.context.SpringBootTestContextBootstrapper]- Loaded default TestExecutionListener class names from location [META-INF/spring.factories]: [org.springframework.boot.test.mock.mockito.MockitoTestExecutionListener, org.springframework.boot.test.mock.mockito.ResetMocksTestExecutionListener, org.springframework.boot.test.autoconfigure.restdocs.RestDocsTestExecutionListener, org.springframework.boot.test.autoconfigure.web.client.MockRestServiceServerResetTestExecutionListener, org.springframework.boot.test.autoconfigure.web.servlet.MockMvcPrintOnlyOnFailureTestExecutionListener, org.springframework.boot.test.autoconfigure.web.servlet.WebDriverTestExecutionListener, org.springframework.test.context.web.ServletTestExecutionListener, org.springframework.test.context.support.DirtiesContextBeforeModesTestExecutionListener, org.springframework.test.context.support.DependencyInjectionTestExecutionListener, org.springframework.test.context.support.DirtiesContextTestExecutionListener, org.springframework.test.context.transaction.TransactionalTestExecutionListener, org.springframework.test.context.jdbc.SqlScriptsTestExecutionListener]
16:21:30 [INFO][main][org.springframework.boot.test.context.SpringBootTestContextBootstrapper]- Using TestExecutionListeners: [org.springframework.test.context.web.ServletTestExecutionListener@2bbf4b8b, org.springframework.test.context.support.DirtiesContextBeforeModesTestExecutionListener@30a3107a, org.springframework.boot.test.autoconfigure.SpringBootDependencyInjectionTestExecutionListener@33c7e1bb, org.springframework.test.context.support.DirtiesContextTestExecutionListener@34c4973, org.springframework.test.context.transaction.TransactionalTestExecutionListener@52feb982, org.springframework.test.context.jdbc.SqlScriptsTestExecutionListener@7a765367, org.springframework.boot.test.autoconfigure.restdocs.RestDocsTestExecutionListener@76b0bfab, org.springframework.boot.test.autoconfigure.web.servlet.WebDriverTestExecutionListener@17d677df, org.springframework.boot.test.autoconfigure.web.client.MockRestServiceServerResetTestExecutionListener@3043fe0e, org.springframework.boot.test.mock.mockito.MockitoTestExecutionListener@78e67e0a, org.springframework.boot.test.mock.mockito.ResetMocksTestExecutionListener@bd8db5a, org.springframework.boot.test.autoconfigure.web.servlet.MockMvcPrintOnlyOnFailureTestExecutionListener@2f943d71]
16:21:30 [INFO][main][springbootTest.TestSptingboot]- Starting TestSptingboot on DESKTOP-4EJ981U with PID 2564 (started by weipan in D:\Users\admin\weip\springbootTest)
16:21:30 [INFO][main][springbootTest.TestSptingboot]- The following profiles are active: test
16:21:30 [INFO][main][org.springframework.web.context.support.GenericWebApplicationContext]- Refreshing org.springframework.web.context.support.GenericWebApplicationContext@79da8dc5: startup date [Mon Apr 23 16:21:30 CST 2018]; root of context hierarchy
16:21:31 [INFO][background-preinit][org.hibernate.validator.internal.util.Version]- HV000001: Hibernate Validator 5.3.4.Final
16:21:31 [INFO][main][org.springframework.beans.factory.support.DefaultListableBeanFactory]- Overriding bean definition for bean 'sqlSessionTemplate1' with a different definition: replacing [Root bean: class [null]; scope=; abstract=false; lazyInit=false; autowireMode=3; dependencyCheck=0; autowireCandidate=true; primary=false; factoryBeanName=mybatisDb1Config; factoryMethodName=sqlSessionTemplate1; initMethodName=null; destroyMethodName=(inferred); defined in class path resource [com/test/config/MybatisDb1Config.class]] with [Root bean: class [null]; scope=; abstract=false; lazyInit=false; autowireMode=3; dependencyCheck=0; autowireCandidate=true; primary=false; factoryBeanName=mybatisDb2Config; factoryMethodName=sqlSessionTemplate1; initMethodName=null; destroyMethodName=(inferred); defined in class path resource [com/test/config/MybatisDb2Config.class]]
16:21:31 [WARN][main][org.mybatis.spring.mapper.ClassPathMapperScanner]- No MyBatis mapper was found in '[com.test.testmapper]' package. Please check your configuration.
16:21:32 [INFO][main][org.springframework.context.support.PostProcessorRegistrationDelegate$BeanPostProcessorChecker]- Bean 'org.springframework.boot.autoconfigure.validation.ValidationAutoConfiguration' of type [class org.springframework.boot.autoconfigure.validation.ValidationAutoConfiguration] is not eligible for getting processed by all BeanPostProcessors (for example: not eligible for auto-proxying)
16:21:32 [INFO][main][org.springframework.context.support.PostProcessorRegistrationDelegate$BeanPostProcessorChecker]- Bean 'validator' of type [class org.springframework.validation.beanvalidation.LocalValidatorFactoryBean] is not eligible for getting processed by all BeanPostProcessors (for example: not eligible for auto-proxying)
16:21:32 [INFO][main][org.springframework.context.support.PostProcessorRegistrationDelegate$BeanPostProcessorChecker]- Bean 'org.springframework.transaction.annotation.ProxyTransactionManagementConfiguration' of type [class org.springframework.transaction.annotation.ProxyTransactionManagementConfiguration$$EnhancerBySpringCGLIB$$58255fb9] is not eligible for getting processed by all BeanPostProcessors (for example: not eligible for auto-proxying)
16:21:34 [INFO][main][org.springframework.web.servlet.mvc.method.annotation.RequestMappingHandlerAdapter]- Looking for @ControllerAdvice: org.springframework.web.context.support.GenericWebApplicationContext@79da8dc5: startup date [Mon Apr 23 16:21:30 CST 2018]; root of context hierarchy
16:21:34 [INFO][main][org.springframework.web.servlet.mvc.method.annotation.RequestMappingHandlerMapping]- Mapped "{[/exception]}" onto public int com.test.controller.Controller.Exception()
16:21:34 [INFO][main][org.springframework.web.servlet.mvc.method.annotation.RequestMappingHandlerMapping]- Mapped "{[/getEmps],methods=[GET]}" onto public java.util.Map<java.lang.String, java.util.List<com.test.entity.Emp>> com.test.controller.Controller.getEmps()
16:21:34 [INFO][main][org.springframework.web.servlet.mvc.method.annotation.RequestMappingHandlerMapping]- Mapped "{[/error]}" onto public org.springframework.http.ResponseEntity<java.util.Map<java.lang.String, java.lang.Object>> org.springframework.boot.autoconfigure.web.BasicErrorController.error(javax.servlet.http.HttpServletRequest)
16:21:34 [INFO][main][org.springframework.web.servlet.mvc.method.annotation.RequestMappingHandlerMapping]- Mapped "{[/error],produces=[text/html]}" onto public org.springframework.web.servlet.ModelAndView org.springframework.boot.autoconfigure.web.BasicErrorController.errorHtml(javax.servlet.http.HttpServletRequest,javax.servlet.http.HttpServletResponse)
16:21:34 [INFO][main][org.springframework.web.servlet.handler.SimpleUrlHandlerMapping]- Mapped URL path [/webjars/**] onto handler of type [class org.springframework.web.servlet.resource.ResourceHttpRequestHandler]
16:21:34 [INFO][main][org.springframework.web.servlet.handler.SimpleUrlHandlerMapping]- Mapped URL path [/**] onto handler of type [class org.springframework.web.servlet.resource.ResourceHttpRequestHandler]
16:21:34 [INFO][main][org.springframework.web.servlet.mvc.method.annotation.ExceptionHandlerExceptionResolver]- Detected @ExceptionHandler methods in globalExceptionHandler
16:21:34 [INFO][main][org.springframework.web.servlet.handler.SimpleUrlHandlerMapping]- Mapped URL path [/**/favicon.ico] onto handler of type [class org.springframework.web.servlet.resource.ResourceHttpRequestHandler]
16:21:34 [INFO][main][org.springframework.boot.autoconfigure.web.WebMvcAutoConfiguration$WelcomePageHandlerMapping]- Adding welcome page: ServletContext resource [/index.html]
16:21:35 [INFO][main][springbootTest.TestSptingboot]- Started TestSptingboot in 4.688 seconds (JVM running for 5.557)
16:21:35 [INFO][Thread-3][org.springframework.web.context.support.GenericWebApplicationContext]- Closing org.springframework.web.context.support.GenericWebApplicationContext@79da8dc5: startup date [Mon Apr 23 16:21:30 CST 2018]; root of context hierarchy
16:24:47 [INFO][main][org.springframework.boot.test.context.SpringBootTestContextBootstrapper]- Neither @ContextConfiguration nor @ContextHierarchy found for test class [springbootTest.TestSptingboot], using SpringBootContextLoader
16:24:47 [INFO][main][org.springframework.test.context.support.AbstractContextLoader]- Could not detect default resource locations for test class [springbootTest.TestSptingboot]: no resource found for suffixes {-context.xml, Context.groovy}.
16:24:48 [INFO][main][org.springframework.boot.test.context.SpringBootTestContextBootstrapper]- Loaded default TestExecutionListener class names from location [META-INF/spring.factories]: [org.springframework.boot.test.mock.mockito.MockitoTestExecutionListener, org.springframework.boot.test.mock.mockito.ResetMocksTestExecutionListener, org.springframework.boot.test.autoconfigure.restdocs.RestDocsTestExecutionListener, org.springframework.boot.test.autoconfigure.web.client.MockRestServiceServerResetTestExecutionListener, org.springframework.boot.test.autoconfigure.web.servlet.MockMvcPrintOnlyOnFailureTestExecutionListener, org.springframework.boot.test.autoconfigure.web.servlet.WebDriverTestExecutionListener, org.springframework.test.context.web.ServletTestExecutionListener, org.springframework.test.context.support.DirtiesContextBeforeModesTestExecutionListener, org.springframework.test.context.support.DependencyInjectionTestExecutionListener, org.springframework.test.context.support.DirtiesContextTestExecutionListener, org.springframework.test.context.transaction.TransactionalTestExecutionListener, org.springframework.test.context.jdbc.SqlScriptsTestExecutionListener]
16:24:48 [INFO][main][org.springframework.boot.test.context.SpringBootTestContextBootstrapper]- Using TestExecutionListeners: [org.springframework.test.context.web.ServletTestExecutionListener@2bbf4b8b, org.springframework.test.context.support.DirtiesContextBeforeModesTestExecutionListener@30a3107a, org.springframework.boot.test.autoconfigure.SpringBootDependencyInjectionTestExecutionListener@33c7e1bb, org.springframework.test.context.support.DirtiesContextTestExecutionListener@34c4973, org.springframework.test.context.transaction.TransactionalTestExecutionListener@52feb982, org.springframework.test.context.jdbc.SqlScriptsTestExecutionListener@7a765367, org.springframework.boot.test.autoconfigure.restdocs.RestDocsTestExecutionListener@76b0bfab, org.springframework.boot.test.autoconfigure.web.servlet.WebDriverTestExecutionListener@17d677df, org.springframework.boot.test.autoconfigure.web.client.MockRestServiceServerResetTestExecutionListener@3043fe0e, org.springframework.boot.test.mock.mockito.MockitoTestExecutionListener@78e67e0a, org.springframework.boot.test.mock.mockito.ResetMocksTestExecutionListener@bd8db5a, org.springframework.boot.test.autoconfigure.web.servlet.MockMvcPrintOnlyOnFailureTestExecutionListener@2f943d71]
16:24:48 [INFO][main][springbootTest.TestSptingboot]- Starting TestSptingboot on DESKTOP-4EJ981U with PID 12948 (started by weipan in D:\Users\admin\weip\springbootTest)
16:24:48 [INFO][main][springbootTest.TestSptingboot]- The following profiles are active: test
16:24:48 [INFO][main][org.springframework.web.context.support.GenericWebApplicationContext]- Refreshing org.springframework.web.context.support.GenericWebApplicationContext@702b8b12: startup date [Mon Apr 23 16:24:48 CST 2018]; root of context hierarchy
16:24:49 [INFO][background-preinit][org.hibernate.validator.internal.util.Version]- HV000001: Hibernate Validator 5.3.4.Final
16:24:49 [INFO][main][org.springframework.beans.factory.support.DefaultListableBeanFactory]- Overriding bean definition for bean 'sqlSessionTemplate1' with a different definition: replacing [Root bean: class [null]; scope=; abstract=false; lazyInit=false; autowireMode=3; dependencyCheck=0; autowireCandidate=true; primary=false; factoryBeanName=mybatisDb1Config; factoryMethodName=sqlSessionTemplate1; initMethodName=null; destroyMethodName=(inferred); defined in class path resource [com/test/config/MybatisDb1Config.class]] with [Root bean: class [null]; scope=; abstract=false; lazyInit=false; autowireMode=3; dependencyCheck=0; autowireCandidate=true; primary=false; factoryBeanName=mybatisDb2Config; factoryMethodName=sqlSessionTemplate1; initMethodName=null; destroyMethodName=(inferred); defined in class path resource [com/test/config/MybatisDb2Config.class]]
16:24:49 [WARN][main][org.mybatis.spring.mapper.ClassPathMapperScanner]- No MyBatis mapper was found in '[com.test.testmapper]' package. Please check your configuration.
16:24:50 [INFO][main][org.springframework.context.support.PostProcessorRegistrationDelegate$BeanPostProcessorChecker]- Bean 'org.springframework.boot.autoconfigure.validation.ValidationAutoConfiguration' of type [class org.springframework.boot.autoconfigure.validation.ValidationAutoConfiguration] is not eligible for getting processed by all BeanPostProcessors (for example: not eligible for auto-proxying)
16:24:50 [INFO][main][org.springframework.context.support.PostProcessorRegistrationDelegate$BeanPostProcessorChecker]- Bean 'validator' of type [class org.springframework.validation.beanvalidation.LocalValidatorFactoryBean] is not eligible for getting processed by all BeanPostProcessors (for example: not eligible for auto-proxying)
16:24:50 [INFO][main][org.springframework.context.support.PostProcessorRegistrationDelegate$BeanPostProcessorChecker]- Bean 'org.springframework.transaction.annotation.ProxyTransactionManagementConfiguration' of type [class org.springframework.transaction.annotation.ProxyTransactionManagementConfiguration$$EnhancerBySpringCGLIB$$1d286883] is not eligible for getting processed by all BeanPostProcessors (for example: not eligible for auto-proxying)
16:24:52 [INFO][main][org.springframework.web.servlet.mvc.method.annotation.RequestMappingHandlerAdapter]- Looking for @ControllerAdvice: org.springframework.web.context.support.GenericWebApplicationContext@702b8b12: startup date [Mon Apr 23 16:24:48 CST 2018]; root of context hierarchy
16:24:52 [INFO][main][org.springframework.web.servlet.mvc.method.annotation.RequestMappingHandlerMapping]- Mapped "{[/exception]}" onto public int com.test.controller.Controller.Exception()
16:24:52 [INFO][main][org.springframework.web.servlet.mvc.method.annotation.RequestMappingHandlerMapping]- Mapped "{[/getEmps],methods=[GET]}" onto public java.util.Map<java.lang.String, java.util.List<com.test.entity.Emp>> com.test.controller.Controller.getEmps()
16:24:52 [INFO][main][org.springframework.web.servlet.mvc.method.annotation.RequestMappingHandlerMapping]- Mapped "{[/error]}" onto public org.springframework.http.ResponseEntity<java.util.Map<java.lang.String, java.lang.Object>> org.springframework.boot.autoconfigure.web.BasicErrorController.error(javax.servlet.http.HttpServletRequest)
16:24:52 [INFO][main][org.springframework.web.servlet.mvc.method.annotation.RequestMappingHandlerMapping]- Mapped "{[/error],produces=[text/html]}" onto public org.springframework.web.servlet.ModelAndView org.springframework.boot.autoconfigure.web.BasicErrorController.errorHtml(javax.servlet.http.HttpServletRequest,javax.servlet.http.HttpServletResponse)
16:24:52 [INFO][main][org.springframework.web.servlet.handler.SimpleUrlHandlerMapping]- Mapped URL path [/webjars/**] onto handler of type [class org.springframework.web.servlet.resource.ResourceHttpRequestHandler]
16:24:52 [INFO][main][org.springframework.web.servlet.handler.SimpleUrlHandlerMapping]- Mapped URL path [/**] onto handler of type [class org.springframework.web.servlet.resource.ResourceHttpRequestHandler]
16:24:52 [INFO][main][org.springframework.web.servlet.mvc.method.annotation.ExceptionHandlerExceptionResolver]- Detected @ExceptionHandler methods in globalExceptionHandler
16:24:52 [INFO][main][org.springframework.web.servlet.handler.SimpleUrlHandlerMapping]- Mapped URL path [/**/favicon.ico] onto handler of type [class org.springframework.web.servlet.resource.ResourceHttpRequestHandler]
16:24:52 [INFO][main][org.springframework.boot.autoconfigure.web.WebMvcAutoConfiguration$WelcomePageHandlerMapping]- Adding welcome page: ServletContext resource [/index.html]
16:24:52 [INFO][main][springbootTest.TestSptingboot]- Started TestSptingboot in 4.705 seconds (JVM running for 5.54)
16:24:53 [INFO][Thread-3][org.springframework.web.context.support.GenericWebApplicationContext]- Closing org.springframework.web.context.support.GenericWebApplicationContext@702b8b12: startup date [Mon Apr 23 16:24:48 CST 2018]; root of context hierarchy
16:26:17 [INFO][main][org.springframework.boot.test.context.SpringBootTestContextBootstrapper]- Neither @ContextConfiguration nor @ContextHierarchy found for test class [springbootTest.TestSptingboot], using SpringBootContextLoader
16:26:17 [INFO][main][org.springframework.test.context.support.AbstractContextLoader]- Could not detect default resource locations for test class [springbootTest.TestSptingboot]: no resource found for suffixes {-context.xml, Context.groovy}.
16:26:17 [INFO][main][org.springframework.boot.test.context.SpringBootTestContextBootstrapper]- Loaded default TestExecutionListener class names from location [META-INF/spring.factories]: [org.springframework.boot.test.mock.mockito.MockitoTestExecutionListener, org.springframework.boot.test.mock.mockito.ResetMocksTestExecutionListener, org.springframework.boot.test.autoconfigure.restdocs.RestDocsTestExecutionListener, org.springframework.boot.test.autoconfigure.web.client.MockRestServiceServerResetTestExecutionListener, org.springframework.boot.test.autoconfigure.web.servlet.MockMvcPrintOnlyOnFailureTestExecutionListener, org.springframework.boot.test.autoconfigure.web.servlet.WebDriverTestExecutionListener, org.springframework.test.context.web.ServletTestExecutionListener, org.springframework.test.context.support.DirtiesContextBeforeModesTestExecutionListener, org.springframework.test.context.support.DependencyInjectionTestExecutionListener, org.springframework.test.context.support.DirtiesContextTestExecutionListener, org.springframework.test.context.transaction.TransactionalTestExecutionListener, org.springframework.test.context.jdbc.SqlScriptsTestExecutionListener]
16:26:17 [INFO][main][org.springframework.boot.test.context.SpringBootTestContextBootstrapper]- Using TestExecutionListeners: [org.springframework.test.context.web.ServletTestExecutionListener@2bbf4b8b, org.springframework.test.context.support.DirtiesContextBeforeModesTestExecutionListener@30a3107a, org.springframework.boot.test.autoconfigure.SpringBootDependencyInjectionTestExecutionListener@33c7e1bb, org.springframework.test.context.support.DirtiesContextTestExecutionListener@34c4973, org.springframework.test.context.transaction.TransactionalTestExecutionListener@52feb982, org.springframework.test.context.jdbc.SqlScriptsTestExecutionListener@7a765367, org.springframework.boot.test.autoconfigure.restdocs.RestDocsTestExecutionListener@76b0bfab, org.springframework.boot.test.autoconfigure.web.servlet.WebDriverTestExecutionListener@17d677df, org.springframework.boot.test.autoconfigure.web.client.MockRestServiceServerResetTestExecutionListener@3043fe0e, org.springframework.boot.test.mock.mockito.MockitoTestExecutionListener@78e67e0a, org.springframework.boot.test.mock.mockito.ResetMocksTestExecutionListener@bd8db5a, org.springframework.boot.test.autoconfigure.web.servlet.MockMvcPrintOnlyOnFailureTestExecutionListener@2f943d71]
16:26:17 [INFO][main][springbootTest.TestSptingboot]- Starting TestSptingboot on DESKTOP-4EJ981U with PID 7144 (started by weipan in D:\Users\admin\weip\springbootTest)
16:26:17 [INFO][main][springbootTest.TestSptingboot]- The following profiles are active: test
16:26:17 [INFO][main][org.springframework.web.context.support.GenericWebApplicationContext]- Refreshing org.springframework.web.context.support.GenericWebApplicationContext@4de4b452: startup date [Mon Apr 23 16:26:17 CST 2018]; root of context hierarchy
16:26:18 [INFO][background-preinit][org.hibernate.validator.internal.util.Version]- HV000001: Hibernate Validator 5.3.4.Final
16:26:18 [INFO][main][org.springframework.beans.factory.support.DefaultListableBeanFactory]- Overriding bean definition for bean 'sqlSessionTemplate1' with a different definition: replacing [Root bean: class [null]; scope=; abstract=false; lazyInit=false; autowireMode=3; dependencyCheck=0; autowireCandidate=true; primary=false; factoryBeanName=mybatisDb1Config; factoryMethodName=sqlSessionTemplate1; initMethodName=null; destroyMethodName=(inferred); defined in class path resource [com/test/config/MybatisDb1Config.class]] with [Root bean: class [null]; scope=; abstract=false; lazyInit=false; autowireMode=3; dependencyCheck=0; autowireCandidate=true; primary=false; factoryBeanName=mybatisDb2Config; factoryMethodName=sqlSessionTemplate1; initMethodName=null; destroyMethodName=(inferred); defined in class path resource [com/test/config/MybatisDb2Config.class]]
16:26:18 [WARN][main][org.mybatis.spring.mapper.ClassPathMapperScanner]- No MyBatis mapper was found in '[com.test.testmapper]' package. Please check your configuration.
16:26:19 [INFO][main][org.springframework.context.support.PostProcessorRegistrationDelegate$BeanPostProcessorChecker]- Bean 'org.springframework.boot.autoconfigure.validation.ValidationAutoConfiguration' of type [class org.springframework.boot.autoconfigure.validation.ValidationAutoConfiguration] is not eligible for getting processed by all BeanPostProcessors (for example: not eligible for auto-proxying)
16:26:19 [INFO][main][org.springframework.context.support.PostProcessorRegistrationDelegate$BeanPostProcessorChecker]- Bean 'validator' of type [class org.springframework.validation.beanvalidation.LocalValidatorFactoryBean] is not eligible for getting processed by all BeanPostProcessors (for example: not eligible for auto-proxying)
16:26:19 [INFO][main][org.springframework.context.support.PostProcessorRegistrationDelegate$BeanPostProcessorChecker]- Bean 'org.springframework.transaction.annotation.ProxyTransactionManagementConfiguration' of type [class org.springframework.transaction.annotation.ProxyTransactionManagementConfiguration$$EnhancerBySpringCGLIB$$af29c421] is not eligible for getting processed by all BeanPostProcessors (for example: not eligible for auto-proxying)
16:26:21 [INFO][main][org.springframework.web.servlet.mvc.method.annotation.RequestMappingHandlerAdapter]- Looking for @ControllerAdvice: org.springframework.web.context.support.GenericWebApplicationContext@4de4b452: startup date [Mon Apr 23 16:26:17 CST 2018]; root of context hierarchy
16:26:21 [INFO][main][org.springframework.web.servlet.mvc.method.annotation.RequestMappingHandlerMapping]- Mapped "{[/exception]}" onto public int com.test.controller.Controller.Exception()
16:26:21 [INFO][main][org.springframework.web.servlet.mvc.method.annotation.RequestMappingHandlerMapping]- Mapped "{[/getEmps],methods=[GET]}" onto public java.util.Map<java.lang.String, java.util.List<com.test.entity.Emp>> com.test.controller.Controller.getEmps()
16:26:21 [INFO][main][org.springframework.web.servlet.mvc.method.annotation.RequestMappingHandlerMapping]- Mapped "{[/error]}" onto public org.springframework.http.ResponseEntity<java.util.Map<java.lang.String, java.lang.Object>> org.springframework.boot.autoconfigure.web.BasicErrorController.error(javax.servlet.http.HttpServletRequest)
16:26:21 [INFO][main][org.springframework.web.servlet.mvc.method.annotation.RequestMappingHandlerMapping]- Mapped "{[/error],produces=[text/html]}" onto public org.springframework.web.servlet.ModelAndView org.springframework.boot.autoconfigure.web.BasicErrorController.errorHtml(javax.servlet.http.HttpServletRequest,javax.servlet.http.HttpServletResponse)
16:26:21 [INFO][main][org.springframework.web.servlet.handler.SimpleUrlHandlerMapping]- Mapped URL path [/webjars/**] onto handler of type [class org.springframework.web.servlet.resource.ResourceHttpRequestHandler]
16:26:21 [INFO][main][org.springframework.web.servlet.handler.SimpleUrlHandlerMapping]- Mapped URL path [/**] onto handler of type [class org.springframework.web.servlet.resource.ResourceHttpRequestHandler]
16:26:21 [INFO][main][org.springframework.web.servlet.mvc.method.annotation.ExceptionHandlerExceptionResolver]- Detected @ExceptionHandler methods in globalExceptionHandler
16:26:21 [INFO][main][org.springframework.web.servlet.handler.SimpleUrlHandlerMapping]- Mapped URL path [/**/favicon.ico] onto handler of type [class org.springframework.web.servlet.resource.ResourceHttpRequestHandler]
16:26:21 [INFO][main][org.springframework.boot.autoconfigure.web.WebMvcAutoConfiguration$WelcomePageHandlerMapping]- Adding welcome page: ServletContext resource [/index.html]
16:26:22 [INFO][main][springbootTest.TestSptingboot]- Started TestSptingboot in 4.546 seconds (JVM running for 5.35)
16:26:22 [INFO][Thread-3][org.springframework.web.context.support.GenericWebApplicationContext]- Closing org.springframework.web.context.support.GenericWebApplicationContext@4de4b452: startup date [Mon Apr 23 16:26:17 CST 2018]; root of context hierarchy
16:26:52 [INFO][main][org.springframework.boot.test.context.SpringBootTestContextBootstrapper]- Neither @ContextConfiguration nor @ContextHierarchy found for test class [springbootTest.TestSptingboot], using SpringBootContextLoader
16:26:52 [INFO][main][org.springframework.test.context.support.AbstractContextLoader]- Could not detect default resource locations for test class [springbootTest.TestSptingboot]: no resource found for suffixes {-context.xml, Context.groovy}.
16:26:52 [INFO][main][org.springframework.boot.test.context.SpringBootTestContextBootstrapper]- Loaded default TestExecutionListener class names from location [META-INF/spring.factories]: [org.springframework.boot.test.mock.mockito.MockitoTestExecutionListener, org.springframework.boot.test.mock.mockito.ResetMocksTestExecutionListener, org.springframework.boot.test.autoconfigure.restdocs.RestDocsTestExecutionListener, org.springframework.boot.test.autoconfigure.web.client.MockRestServiceServerResetTestExecutionListener, org.springframework.boot.test.autoconfigure.web.servlet.MockMvcPrintOnlyOnFailureTestExecutionListener, org.springframework.boot.test.autoconfigure.web.servlet.WebDriverTestExecutionListener, org.springframework.test.context.web.ServletTestExecutionListener, org.springframework.test.context.support.DirtiesContextBeforeModesTestExecutionListener, org.springframework.test.context.support.DependencyInjectionTestExecutionListener, org.springframework.test.context.support.DirtiesContextTestExecutionListener, org.springframework.test.context.transaction.TransactionalTestExecutionListener, org.springframework.test.context.jdbc.SqlScriptsTestExecutionListener]
16:26:52 [INFO][main][org.springframework.boot.test.context.SpringBootTestContextBootstrapper]- Using TestExecutionListeners: [org.springframework.test.context.web.ServletTestExecutionListener@2bbf4b8b, org.springframework.test.context.support.DirtiesContextBeforeModesTestExecutionListener@30a3107a, org.springframework.boot.test.autoconfigure.SpringBootDependencyInjectionTestExecutionListener@33c7e1bb, org.springframework.test.context.support.DirtiesContextTestExecutionListener@34c4973, org.springframework.test.context.transaction.TransactionalTestExecutionListener@52feb982, org.springframework.test.context.jdbc.SqlScriptsTestExecutionListener@7a765367, org.springframework.boot.test.autoconfigure.restdocs.RestDocsTestExecutionListener@76b0bfab, org.springframework.boot.test.autoconfigure.web.servlet.WebDriverTestExecutionListener@17d677df, org.springframework.boot.test.autoconfigure.web.client.MockRestServiceServerResetTestExecutionListener@3043fe0e, org.springframework.boot.test.mock.mockito.MockitoTestExecutionListener@78e67e0a, org.springframework.boot.test.mock.mockito.ResetMocksTestExecutionListener@bd8db5a, org.springframework.boot.test.autoconfigure.web.servlet.MockMvcPrintOnlyOnFailureTestExecutionListener@2f943d71]
16:26:53 [INFO][main][springbootTest.TestSptingboot]- Starting TestSptingboot on DESKTOP-4EJ981U with PID 10800 (started by weipan in D:\Users\admin\weip\springbootTest)
16:26:53 [INFO][main][springbootTest.TestSptingboot]- The following profiles are active: test
16:26:53 [INFO][main][org.springframework.web.context.support.GenericWebApplicationContext]- Refreshing org.springframework.web.context.support.GenericWebApplicationContext@4de4b452: startup date [Mon Apr 23 16:26:53 CST 2018]; root of context hierarchy
16:26:53 [INFO][background-preinit][org.hibernate.validator.internal.util.Version]- HV000001: Hibernate Validator 5.3.4.Final
16:26:54 [INFO][main][org.springframework.beans.factory.support.DefaultListableBeanFactory]- Overriding bean definition for bean 'sqlSessionTemplate1' with a different definition: replacing [Root bean: class [null]; scope=; abstract=false; lazyInit=false; autowireMode=3; dependencyCheck=0; autowireCandidate=true; primary=false; factoryBeanName=mybatisDb1Config; factoryMethodName=sqlSessionTemplate1; initMethodName=null; destroyMethodName=(inferred); defined in class path resource [com/test/config/MybatisDb1Config.class]] with [Root bean: class [null]; scope=; abstract=false; lazyInit=false; autowireMode=3; dependencyCheck=0; autowireCandidate=true; primary=false; factoryBeanName=mybatisDb2Config; factoryMethodName=sqlSessionTemplate1; initMethodName=null; destroyMethodName=(inferred); defined in class path resource [com/test/config/MybatisDb2Config.class]]
16:26:54 [WARN][main][org.mybatis.spring.mapper.ClassPathMapperScanner]- No MyBatis mapper was found in '[com.test.testmapper]' package. Please check your configuration.
16:26:54 [INFO][main][org.springframework.context.support.PostProcessorRegistrationDelegate$BeanPostProcessorChecker]- Bean 'org.springframework.boot.autoconfigure.validation.ValidationAutoConfiguration' of type [class org.springframework.boot.autoconfigure.validation.ValidationAutoConfiguration] is not eligible for getting processed by all BeanPostProcessors (for example: not eligible for auto-proxying)
16:26:54 [INFO][main][org.springframework.context.support.PostProcessorRegistrationDelegate$BeanPostProcessorChecker]- Bean 'validator' of type [class org.springframework.validation.beanvalidation.LocalValidatorFactoryBean] is not eligible for getting processed by all BeanPostProcessors (for example: not eligible for auto-proxying)
16:26:54 [INFO][main][org.springframework.context.support.PostProcessorRegistrationDelegate$BeanPostProcessorChecker]- Bean 'org.springframework.transaction.annotation.ProxyTransactionManagementConfiguration' of type [class org.springframework.transaction.annotation.ProxyTransactionManagementConfiguration$$EnhancerBySpringCGLIB$$94c2dd59] is not eligible for getting processed by all BeanPostProcessors (for example: not eligible for auto-proxying)
16:26:56 [INFO][main][org.springframework.web.servlet.mvc.method.annotation.RequestMappingHandlerAdapter]- Looking for @ControllerAdvice: org.springframework.web.context.support.GenericWebApplicationContext@4de4b452: startup date [Mon Apr 23 16:26:53 CST 2018]; root of context hierarchy
16:26:56 [INFO][main][org.springframework.web.servlet.mvc.method.annotation.RequestMappingHandlerMapping]- Mapped "{[/getEmps],methods=[GET]}" onto public java.util.Map<java.lang.String, java.util.List<com.test.entity.Emp>> com.test.controller.Controller.getEmps()
16:26:56 [INFO][main][org.springframework.web.servlet.mvc.method.annotation.RequestMappingHandlerMapping]- Mapped "{[/exception]}" onto public int com.test.controller.Controller.Exception()
16:26:56 [INFO][main][org.springframework.web.servlet.mvc.method.annotation.RequestMappingHandlerMapping]- Mapped "{[/error]}" onto public org.springframework.http.ResponseEntity<java.util.Map<java.lang.String, java.lang.Object>> org.springframework.boot.autoconfigure.web.BasicErrorController.error(javax.servlet.http.HttpServletRequest)
16:26:56 [INFO][main][org.springframework.web.servlet.mvc.method.annotation.RequestMappingHandlerMapping]- Mapped "{[/error],produces=[text/html]}" onto public org.springframework.web.servlet.ModelAndView org.springframework.boot.autoconfigure.web.BasicErrorController.errorHtml(javax.servlet.http.HttpServletRequest,javax.servlet.http.HttpServletResponse)
16:26:56 [INFO][main][org.springframework.web.servlet.handler.SimpleUrlHandlerMapping]- Mapped URL path [/webjars/**] onto handler of type [class org.springframework.web.servlet.resource.ResourceHttpRequestHandler]
16:26:56 [INFO][main][org.springframework.web.servlet.handler.SimpleUrlHandlerMapping]- Mapped URL path [/**] onto handler of type [class org.springframework.web.servlet.resource.ResourceHttpRequestHandler]
16:26:56 [INFO][main][org.springframework.web.servlet.mvc.method.annotation.ExceptionHandlerExceptionResolver]- Detected @ExceptionHandler methods in globalExceptionHandler
16:26:56 [INFO][main][org.springframework.web.servlet.handler.SimpleUrlHandlerMapping]- Mapped URL path [/**/favicon.ico] onto handler of type [class org.springframework.web.servlet.resource.ResourceHttpRequestHandler]
16:26:56 [INFO][main][org.springframework.boot.autoconfigure.web.WebMvcAutoConfiguration$WelcomePageHandlerMapping]- Adding welcome page: ServletContext resource [/index.html]
16:26:57 [INFO][main][springbootTest.TestSptingboot]- Started TestSptingboot in 4.68 seconds (JVM running for 5.465)
16:26:58 [INFO][Thread-3][org.springframework.web.context.support.GenericWebApplicationContext]- Closing org.springframework.web.context.support.GenericWebApplicationContext@4de4b452: startup date [Mon Apr 23 16:26:53 CST 2018]; root of context hierarchy
16:35:42 [INFO][main][org.springframework.boot.test.context.SpringBootTestContextBootstrapper]- Neither @ContextConfiguration nor @ContextHierarchy found for test class [springbootTest.TestSptingboot], using SpringBootContextLoader
16:35:42 [INFO][main][org.springframework.test.context.support.AbstractContextLoader]- Could not detect default resource locations for test class [springbootTest.TestSptingboot]: no resource found for suffixes {-context.xml, Context.groovy}.
16:35:42 [INFO][main][org.springframework.boot.test.context.SpringBootTestContextBootstrapper]- Loaded default TestExecutionListener class names from location [META-INF/spring.factories]: [org.springframework.boot.test.mock.mockito.MockitoTestExecutionListener, org.springframework.boot.test.mock.mockito.ResetMocksTestExecutionListener, org.springframework.boot.test.autoconfigure.restdocs.RestDocsTestExecutionListener, org.springframework.boot.test.autoconfigure.web.client.MockRestServiceServerResetTestExecutionListener, org.springframework.boot.test.autoconfigure.web.servlet.MockMvcPrintOnlyOnFailureTestExecutionListener, org.springframework.boot.test.autoconfigure.web.servlet.WebDriverTestExecutionListener, org.springframework.test.context.web.ServletTestExecutionListener, org.springframework.test.context.support.DirtiesContextBeforeModesTestExecutionListener, org.springframework.test.context.support.DependencyInjectionTestExecutionListener, org.springframework.test.context.support.DirtiesContextTestExecutionListener, org.springframework.test.context.transaction.TransactionalTestExecutionListener, org.springframework.test.context.jdbc.SqlScriptsTestExecutionListener]
16:35:42 [INFO][main][org.springframework.boot.test.context.SpringBootTestContextBootstrapper]- Using TestExecutionListeners: [org.springframework.test.context.web.ServletTestExecutionListener@30a3107a, org.springframework.test.context.support.DirtiesContextBeforeModesTestExecutionListener@33c7e1bb, org.springframework.boot.test.autoconfigure.SpringBootDependencyInjectionTestExecutionListener@34c4973, org.springframework.test.context.support.DirtiesContextTestExecutionListener@52feb982, org.springframework.test.context.transaction.TransactionalTestExecutionListener@7a765367, org.springframework.test.context.jdbc.SqlScriptsTestExecutionListener@76b0bfab, org.springframework.boot.test.autoconfigure.web.servlet.MockMvcPrintOnlyOnFailureTestExecutionListener@17d677df, org.springframework.boot.test.mock.mockito.MockitoTestExecutionListener@3043fe0e, org.springframework.boot.test.mock.mockito.ResetMocksTestExecutionListener@78e67e0a, org.springframework.boot.test.autoconfigure.restdocs.RestDocsTestExecutionListener@bd8db5a, org.springframework.boot.test.autoconfigure.web.servlet.WebDriverTestExecutionListener@2f943d71, org.springframework.boot.test.autoconfigure.web.client.MockRestServiceServerResetTestExecutionListener@80503]
16:35:43 [INFO][main][springbootTest.TestSptingboot]- Starting TestSptingboot on DESKTOP-4EJ981U with PID 7676 (started by weipan in D:\Users\admin\weip\springbootTest)
16:35:43 [INFO][main][springbootTest.TestSptingboot]- The following profiles are active: test
16:35:43 [INFO][main][org.springframework.web.context.support.GenericWebApplicationContext]- Refreshing org.springframework.web.context.support.GenericWebApplicationContext@50b5ac82: startup date [Mon Apr 23 16:35:43 CST 2018]; root of context hierarchy
16:35:44 [INFO][background-preinit][org.hibernate.validator.internal.util.Version]- HV000001: Hibernate Validator 5.3.4.Final
16:35:44 [WARN][main][org.mybatis.spring.mapper.ClassPathMapperScanner]- No MyBatis mapper was found in '[com.test.testmapper]' package. Please check your configuration.
16:35:44 [INFO][main][org.springframework.context.support.PostProcessorRegistrationDelegate$BeanPostProcessorChecker]- Bean 'org.springframework.boot.autoconfigure.validation.ValidationAutoConfiguration' of type [class org.springframework.boot.autoconfigure.validation.ValidationAutoConfiguration] is not eligible for getting processed by all BeanPostProcessors (for example: not eligible for auto-proxying)
16:35:44 [INFO][main][org.springframework.context.support.PostProcessorRegistrationDelegate$BeanPostProcessorChecker]- Bean 'validator' of type [class org.springframework.validation.beanvalidation.LocalValidatorFactoryBean] is not eligible for getting processed by all BeanPostProcessors (for example: not eligible for auto-proxying)
16:35:45 [INFO][main][org.springframework.context.support.PostProcessorRegistrationDelegate$BeanPostProcessorChecker]- Bean 'org.springframework.transaction.annotation.ProxyTransactionManagementConfiguration' of type [class org.springframework.transaction.annotation.ProxyTransactionManagementConfiguration$$EnhancerBySpringCGLIB$$cf8bc7ed] is not eligible for getting processed by all BeanPostProcessors (for example: not eligible for auto-proxying)
16:35:45 [WARN][main][org.springframework.web.context.support.GenericWebApplicationContext]- Exception encountered during context initialization - cancelling refresh attempt: org.springframework.beans.factory.UnsatisfiedDependencyException: Error creating bean with name 'controller': Unsatisfied dependency expressed through field 'empMapper'; nested exception is org.springframework.beans.factory.NoSuchBeanDefinitionException: No qualifying bean of type 'com.test.test1mapper.EmpMapper' available: expected at least 1 bean which qualifies as autowire candidate. Dependency annotations: {@org.springframework.beans.factory.annotation.Autowired(required=true)}
16:35:45 [INFO][main][org.springframework.boot.autoconfigure.logging.AutoConfigurationReportLoggingInitializer]- 

Error starting ApplicationContext. To display the auto-configuration report re-run your application with 'debug' enabled.
16:35:45 [ERROR][main][org.springframework.boot.diagnostics.LoggingFailureAnalysisReporter]- 

***************************
APPLICATION FAILED TO START
***************************

Description:

Field empMapper in com.test.controller.Controller required a bean of type 'com.test.test1mapper.EmpMapper' that could not be found.


Action:

Consider defining a bean of type 'com.test.test1mapper.EmpMapper' in your configuration.

16:35:45 [ERROR][main][org.springframework.test.context.TestContextManager]- Caught exception while allowing TestExecutionListener [org.springframework.test.context.web.ServletTestExecutionListener@30a3107a] to prepare test instance [springbootTest.TestSptingboot@4cbd03e7]
java.lang.IllegalStateException: Failed to load ApplicationContext
	at org.springframework.test.context.cache.DefaultCacheAwareContextLoaderDelegate.loadContext(DefaultCacheAwareContextLoaderDelegate.java:124)
	at org.springframework.test.context.support.DefaultTestContext.getApplicationContext(DefaultTestContext.java:83)
	at org.springframework.test.context.web.ServletTestExecutionListener.setUpRequestContextIfNecessary(ServletTestExecutionListener.java:189)
	at org.springframework.test.context.web.ServletTestExecutionListener.prepareTestInstance(ServletTestExecutionListener.java:131)
	at org.springframework.test.context.TestContextManager.prepareTestInstance(TestContextManager.java:230)
	at org.springframework.test.context.junit4.SpringJUnit4ClassRunner.createTest(SpringJUnit4ClassRunner.java:228)
	at org.springframework.test.context.junit4.SpringJUnit4ClassRunner$1.runReflectiveCall(SpringJUnit4ClassRunner.java:287)
	at org.junit.internal.runners.model.ReflectiveCallable.run(ReflectiveCallable.java:12)
	at org.springframework.test.context.junit4.SpringJUnit4ClassRunner.methodBlock(SpringJUnit4ClassRunner.java:289)
	at org.springframework.test.context.junit4.SpringJUnit4ClassRunner.runChild(SpringJUnit4ClassRunner.java:247)
	at org.springframework.test.context.junit4.SpringJUnit4ClassRunner.runChild(SpringJUnit4ClassRunner.java:94)
	at org.junit.runners.ParentRunner$3.run(ParentRunner.java:290)
	at org.junit.runners.ParentRunner$1.schedule(ParentRunner.java:71)
	at org.junit.runners.ParentRunner.runChildren(ParentRunner.java:288)
	at org.junit.runners.ParentRunner.access$000(ParentRunner.java:58)
	at org.junit.runners.ParentRunner$2.evaluate(ParentRunner.java:268)
	at org.springframework.test.context.junit4.statements.RunBeforeTestClassCallbacks.evaluate(RunBeforeTestClassCallbacks.java:61)
	at org.springframework.test.context.junit4.statements.RunAfterTestClassCallbacks.evaluate(RunAfterTestClassCallbacks.java:70)
	at org.junit.runners.ParentRunner.run(ParentRunner.java:363)
	at org.springframework.test.context.junit4.SpringJUnit4ClassRunner.run(SpringJUnit4ClassRunner.java:191)
	at org.eclipse.jdt.internal.junit4.runner.JUnit4TestReference.run(JUnit4TestReference.java:86)
	at org.eclipse.jdt.internal.junit.runner.TestExecution.run(TestExecution.java:38)
	at org.eclipse.jdt.internal.junit.runner.RemoteTestRunner.runTests(RemoteTestRunner.java:459)
	at org.eclipse.jdt.internal.junit.runner.RemoteTestRunner.runTests(RemoteTestRunner.java:675)
	at org.eclipse.jdt.internal.junit.runner.RemoteTestRunner.run(RemoteTestRunner.java:382)
	at org.eclipse.jdt.internal.junit.runner.RemoteTestRunner.main(RemoteTestRunner.java:192)
Caused by: org.springframework.beans.factory.UnsatisfiedDependencyException: Error creating bean with name 'controller': Unsatisfied dependency expressed through field 'empMapper'; nested exception is org.springframework.beans.factory.NoSuchBeanDefinitionException: No qualifying bean of type 'com.test.test1mapper.EmpMapper' available: expected at least 1 bean which qualifies as autowire candidate. Dependency annotations: {@org.springframework.beans.factory.annotation.Autowired(required=true)}
	at org.springframework.beans.factory.annotation.AutowiredAnnotationBeanPostProcessor$AutowiredFieldElement.inject(AutowiredAnnotationBeanPostProcessor.java:588)
	at org.springframework.beans.factory.annotation.InjectionMetadata.inject(InjectionMetadata.java:88)
	at org.springframework.beans.factory.annotation.AutowiredAnnotationBeanPostProcessor.postProcessPropertyValues(AutowiredAnnotationBeanPostProcessor.java:366)
	at org.springframework.beans.factory.support.AbstractAutowireCapableBeanFactory.populateBean(AbstractAutowireCapableBeanFactory.java:1264)
	at org.springframework.beans.factory.support.AbstractAutowireCapableBeanFactory.doCreateBean(AbstractAutowireCapableBeanFactory.java:553)
	at org.springframework.beans.factory.support.AbstractAutowireCapableBeanFactory.createBean(AbstractAutowireCapableBeanFactory.java:483)
	at org.springframework.beans.factory.support.AbstractBeanFactory$1.getObject(AbstractBeanFactory.java:306)
	at org.springframework.beans.factory.support.DefaultSingletonBeanRegistry.getSingleton(DefaultSingletonBeanRegistry.java:230)
	at org.springframework.beans.factory.support.AbstractBeanFactory.doGetBean(AbstractBeanFactory.java:302)
	at org.springframework.beans.factory.support.AbstractBeanFactory.getBean(AbstractBeanFactory.java:197)
	at org.springframework.beans.factory.support.DefaultListableBeanFactory.preInstantiateSingletons(DefaultListableBeanFactory.java:761)
	at org.springframework.context.support.AbstractApplicationContext.finishBeanFactoryInitialization(AbstractApplicationContext.java:866)
	at org.springframework.context.support.AbstractApplicationContext.refresh(AbstractApplicationContext.java:542)
	at org.springframework.boot.SpringApplication.refresh(SpringApplication.java:737)
	at org.springframework.boot.SpringApplication.refreshContext(SpringApplication.java:370)
	at org.springframework.boot.SpringApplication.run(SpringApplication.java:314)
	at org.springframework.boot.test.context.SpringBootContextLoader.loadContext(SpringBootContextLoader.java:120)
	at org.springframework.test.context.cache.DefaultCacheAwareContextLoaderDelegate.loadContextInternal(DefaultCacheAwareContextLoaderDelegate.java:98)
	at org.springframework.test.context.cache.DefaultCacheAwareContextLoaderDelegate.loadContext(DefaultCacheAwareContextLoaderDelegate.java:116)
	... 25 more
Caused by: org.springframework.beans.factory.NoSuchBeanDefinitionException: No qualifying bean of type 'com.test.test1mapper.EmpMapper' available: expected at least 1 bean which qualifies as autowire candidate. Dependency annotations: {@org.springframework.beans.factory.annotation.Autowired(required=true)}
	at org.springframework.beans.factory.support.DefaultListableBeanFactory.raiseNoMatchingBeanFound(DefaultListableBeanFactory.java:1486)
	at org.springframework.beans.factory.support.DefaultListableBeanFactory.doResolveDependency(DefaultListableBeanFactory.java:1104)
	at org.springframework.beans.factory.support.DefaultListableBeanFactory.resolveDependency(DefaultListableBeanFactory.java:1066)
	at org.springframework.beans.factory.annotation.AutowiredAnnotationBeanPostProcessor$AutowiredFieldElement.inject(AutowiredAnnotationBeanPostProcessor.java:585)
	... 43 more
16:39:27 [INFO][main][org.springframework.boot.test.context.SpringBootTestContextBootstrapper]- Neither @ContextConfiguration nor @ContextHierarchy found for test class [springbootTest.TestSptingboot], using SpringBootContextLoader
16:39:27 [INFO][main][org.springframework.test.context.support.AbstractContextLoader]- Could not detect default resource locations for test class [springbootTest.TestSptingboot]: no resource found for suffixes {-context.xml, Context.groovy}.
16:39:27 [INFO][main][org.springframework.boot.test.context.SpringBootTestContextBootstrapper]- Loaded default TestExecutionListener class names from location [META-INF/spring.factories]: [org.springframework.boot.test.mock.mockito.MockitoTestExecutionListener, org.springframework.boot.test.mock.mockito.ResetMocksTestExecutionListener, org.springframework.boot.test.autoconfigure.restdocs.RestDocsTestExecutionListener, org.springframework.boot.test.autoconfigure.web.client.MockRestServiceServerResetTestExecutionListener, org.springframework.boot.test.autoconfigure.web.servlet.MockMvcPrintOnlyOnFailureTestExecutionListener, org.springframework.boot.test.autoconfigure.web.servlet.WebDriverTestExecutionListener, org.springframework.test.context.web.ServletTestExecutionListener, org.springframework.test.context.support.DirtiesContextBeforeModesTestExecutionListener, org.springframework.test.context.support.DependencyInjectionTestExecutionListener, org.springframework.test.context.support.DirtiesContextTestExecutionListener, org.springframework.test.context.transaction.TransactionalTestExecutionListener, org.springframework.test.context.jdbc.SqlScriptsTestExecutionListener]
16:39:27 [INFO][main][org.springframework.boot.test.context.SpringBootTestContextBootstrapper]- Using TestExecutionListeners: [org.springframework.test.context.web.ServletTestExecutionListener@305fd85d, org.springframework.test.context.support.DirtiesContextBeforeModesTestExecutionListener@458c1321, org.springframework.boot.test.autoconfigure.SpringBootDependencyInjectionTestExecutionListener@11438d26, org.springframework.test.context.support.DirtiesContextTestExecutionListener@34cd072c, org.springframework.test.context.transaction.TransactionalTestExecutionListener@7a1ebcd8, org.springframework.test.context.jdbc.SqlScriptsTestExecutionListener@5faeada1, org.springframework.boot.test.autoconfigure.web.servlet.WebDriverTestExecutionListener@528931cf, org.springframework.boot.test.mock.mockito.ResetMocksTestExecutionListener@ea1a8d5, org.springframework.boot.test.mock.mockito.MockitoTestExecutionListener@1563da5, org.springframework.boot.test.autoconfigure.web.client.MockRestServiceServerResetTestExecutionListener@2bbf4b8b, org.springframework.boot.test.autoconfigure.web.servlet.MockMvcPrintOnlyOnFailureTestExecutionListener@30a3107a, org.springframework.boot.test.autoconfigure.restdocs.RestDocsTestExecutionListener@33c7e1bb]
16:39:28 [INFO][main][springbootTest.TestSptingboot]- Starting TestSptingboot on DESKTOP-4EJ981U with PID 12672 (started by weipan in D:\Users\admin\weip\springbootTest)
16:39:28 [INFO][main][springbootTest.TestSptingboot]- The following profiles are active: test
16:39:28 [INFO][main][org.springframework.web.context.support.GenericWebApplicationContext]- Refreshing org.springframework.web.context.support.GenericWebApplicationContext@3514a4c0: startup date [Mon Apr 23 16:39:28 CST 2018]; root of context hierarchy
16:39:28 [INFO][background-preinit][org.hibernate.validator.internal.util.Version]- HV000001: Hibernate Validator 5.3.4.Final
16:39:29 [WARN][main][org.mybatis.spring.mapper.ClassPathMapperScanner]- No MyBatis mapper was found in '[com.test.testmapper]' package. Please check your configuration.
16:39:29 [INFO][main][org.springframework.context.support.PostProcessorRegistrationDelegate$BeanPostProcessorChecker]- Bean 'org.springframework.boot.autoconfigure.validation.ValidationAutoConfiguration' of type [class org.springframework.boot.autoconfigure.validation.ValidationAutoConfiguration] is not eligible for getting processed by all BeanPostProcessors (for example: not eligible for auto-proxying)
16:39:29 [INFO][main][org.springframework.context.support.PostProcessorRegistrationDelegate$BeanPostProcessorChecker]- Bean 'validator' of type [class org.springframework.validation.beanvalidation.LocalValidatorFactoryBean] is not eligible for getting processed by all BeanPostProcessors (for example: not eligible for auto-proxying)
16:39:29 [INFO][main][org.springframework.context.support.PostProcessorRegistrationDelegate$BeanPostProcessorChecker]- Bean 'org.springframework.transaction.annotation.ProxyTransactionManagementConfiguration' of type [class org.springframework.transaction.annotation.ProxyTransactionManagementConfiguration$$EnhancerBySpringCGLIB$$c2d5aae8] is not eligible for getting processed by all BeanPostProcessors (for example: not eligible for auto-proxying)
16:39:30 [WARN][main][org.springframework.web.context.support.GenericWebApplicationContext]- Exception encountered during context initialization - cancelling refresh attempt: org.springframework.beans.factory.UnsatisfiedDependencyException: Error creating bean with name 'controller': Unsatisfied dependency expressed through field 'empMapper'; nested exception is org.springframework.beans.factory.NoSuchBeanDefinitionException: No qualifying bean of type 'com.test.test1mapper.EmpMapper' available: expected at least 1 bean which qualifies as autowire candidate. Dependency annotations: {@org.springframework.beans.factory.annotation.Autowired(required=true)}
16:39:30 [INFO][main][org.springframework.boot.autoconfigure.logging.AutoConfigurationReportLoggingInitializer]- 

Error starting ApplicationContext. To display the auto-configuration report re-run your application with 'debug' enabled.
16:39:30 [ERROR][main][org.springframework.boot.diagnostics.LoggingFailureAnalysisReporter]- 

***************************
APPLICATION FAILED TO START
***************************

Description:

Field empMapper in com.test.controller.Controller required a bean of type 'com.test.test1mapper.EmpMapper' that could not be found.


Action:

Consider defining a bean of type 'com.test.test1mapper.EmpMapper' in your configuration.

16:39:30 [ERROR][main][org.springframework.test.context.TestContextManager]- Caught exception while allowing TestExecutionListener [org.springframework.test.context.web.ServletTestExecutionListener@305fd85d] to prepare test instance [springbootTest.TestSptingboot@79a1728c]
java.lang.IllegalStateException: Failed to load ApplicationContext
	at org.springframework.test.context.cache.DefaultCacheAwareContextLoaderDelegate.loadContext(DefaultCacheAwareContextLoaderDelegate.java:124)
	at org.springframework.test.context.support.DefaultTestContext.getApplicationContext(DefaultTestContext.java:83)
	at org.springframework.test.context.web.ServletTestExecutionListener.setUpRequestContextIfNecessary(ServletTestExecutionListener.java:189)
	at org.springframework.test.context.web.ServletTestExecutionListener.prepareTestInstance(ServletTestExecutionListener.java:131)
	at org.springframework.test.context.TestContextManager.prepareTestInstance(TestContextManager.java:230)
	at org.springframework.test.context.junit4.SpringJUnit4ClassRunner.createTest(SpringJUnit4ClassRunner.java:228)
	at org.springframework.test.context.junit4.SpringJUnit4ClassRunner$1.runReflectiveCall(SpringJUnit4ClassRunner.java:287)
	at org.junit.internal.runners.model.ReflectiveCallable.run(ReflectiveCallable.java:12)
	at org.springframework.test.context.junit4.SpringJUnit4ClassRunner.methodBlock(SpringJUnit4ClassRunner.java:289)
	at org.springframework.test.context.junit4.SpringJUnit4ClassRunner.runChild(SpringJUnit4ClassRunner.java:247)
	at org.springframework.test.context.junit4.SpringJUnit4ClassRunner.runChild(SpringJUnit4ClassRunner.java:94)
	at org.junit.runners.ParentRunner$3.run(ParentRunner.java:290)
	at org.junit.runners.ParentRunner$1.schedule(ParentRunner.java:71)
	at org.junit.runners.ParentRunner.runChildren(ParentRunner.java:288)
	at org.junit.runners.ParentRunner.access$000(ParentRunner.java:58)
	at org.junit.runners.ParentRunner$2.evaluate(ParentRunner.java:268)
	at org.springframework.test.context.junit4.statements.RunBeforeTestClassCallbacks.evaluate(RunBeforeTestClassCallbacks.java:61)
	at org.springframework.test.context.junit4.statements.RunAfterTestClassCallbacks.evaluate(RunAfterTestClassCallbacks.java:70)
	at org.junit.runners.ParentRunner.run(ParentRunner.java:363)
	at org.springframework.test.context.junit4.SpringJUnit4ClassRunner.run(SpringJUnit4ClassRunner.java:191)
	at org.eclipse.jdt.internal.junit4.runner.JUnit4TestReference.run(JUnit4TestReference.java:86)
	at org.eclipse.jdt.internal.junit.runner.TestExecution.run(TestExecution.java:38)
	at org.eclipse.jdt.internal.junit.runner.RemoteTestRunner.runTests(RemoteTestRunner.java:459)
	at org.eclipse.jdt.internal.junit.runner.RemoteTestRunner.runTests(RemoteTestRunner.java:675)
	at org.eclipse.jdt.internal.junit.runner.RemoteTestRunner.run(RemoteTestRunner.java:382)
	at org.eclipse.jdt.internal.junit.runner.RemoteTestRunner.main(RemoteTestRunner.java:192)
Caused by: org.springframework.beans.factory.UnsatisfiedDependencyException: Error creating bean with name 'controller': Unsatisfied dependency expressed through field 'empMapper'; nested exception is org.springframework.beans.factory.NoSuchBeanDefinitionException: No qualifying bean of type 'com.test.test1mapper.EmpMapper' available: expected at least 1 bean which qualifies as autowire candidate. Dependency annotations: {@org.springframework.beans.factory.annotation.Autowired(required=true)}
	at org.springframework.beans.factory.annotation.AutowiredAnnotationBeanPostProcessor$AutowiredFieldElement.inject(AutowiredAnnotationBeanPostProcessor.java:588)
	at org.springframework.beans.factory.annotation.InjectionMetadata.inject(InjectionMetadata.java:88)
	at org.springframework.beans.factory.annotation.AutowiredAnnotationBeanPostProcessor.postProcessPropertyValues(AutowiredAnnotationBeanPostProcessor.java:366)
	at org.springframework.beans.factory.support.AbstractAutowireCapableBeanFactory.populateBean(AbstractAutowireCapableBeanFactory.java:1264)
	at org.springframework.beans.factory.support.AbstractAutowireCapableBeanFactory.doCreateBean(AbstractAutowireCapableBeanFactory.java:553)
	at org.springframework.beans.factory.support.AbstractAutowireCapableBeanFactory.createBean(AbstractAutowireCapableBeanFactory.java:483)
	at org.springframework.beans.factory.support.AbstractBeanFactory$1.getObject(AbstractBeanFactory.java:306)
	at org.springframework.beans.factory.support.DefaultSingletonBeanRegistry.getSingleton(DefaultSingletonBeanRegistry.java:230)
	at org.springframework.beans.factory.support.AbstractBeanFactory.doGetBean(AbstractBeanFactory.java:302)
	at org.springframework.beans.factory.support.AbstractBeanFactory.getBean(AbstractBeanFactory.java:197)
	at org.springframework.beans.factory.support.DefaultListableBeanFactory.preInstantiateSingletons(DefaultListableBeanFactory.java:761)
	at org.springframework.context.support.AbstractApplicationContext.finishBeanFactoryInitialization(AbstractApplicationContext.java:866)
	at org.springframework.context.support.AbstractApplicationContext.refresh(AbstractApplicationContext.java:542)
	at org.springframework.boot.SpringApplication.refresh(SpringApplication.java:737)
	at org.springframework.boot.SpringApplication.refreshContext(SpringApplication.java:370)
	at org.springframework.boot.SpringApplication.run(SpringApplication.java:314)
	at org.springframework.boot.test.context.SpringBootContextLoader.loadContext(SpringBootContextLoader.java:120)
	at org.springframework.test.context.cache.DefaultCacheAwareContextLoaderDelegate.loadContextInternal(DefaultCacheAwareContextLoaderDelegate.java:98)
	at org.springframework.test.context.cache.DefaultCacheAwareContextLoaderDelegate.loadContext(DefaultCacheAwareContextLoaderDelegate.java:116)
	... 25 more
Caused by: org.springframework.beans.factory.NoSuchBeanDefinitionException: No qualifying bean of type 'com.test.test1mapper.EmpMapper' available: expected at least 1 bean which qualifies as autowire candidate. Dependency annotations: {@org.springframework.beans.factory.annotation.Autowired(required=true)}
	at org.springframework.beans.factory.support.DefaultListableBeanFactory.raiseNoMatchingBeanFound(DefaultListableBeanFactory.java:1486)
	at org.springframework.beans.factory.support.DefaultListableBeanFactory.doResolveDependency(DefaultListableBeanFactory.java:1104)
	at org.springframework.beans.factory.support.DefaultListableBeanFactory.resolveDependency(DefaultListableBeanFactory.java:1066)
	at org.springframework.beans.factory.annotation.AutowiredAnnotationBeanPostProcessor$AutowiredFieldElement.inject(AutowiredAnnotationBeanPostProcessor.java:585)
	... 43 more
16:40:04 [INFO][main][org.springframework.boot.test.context.SpringBootTestContextBootstrapper]- Neither @ContextConfiguration nor @ContextHierarchy found for test class [springbootTest.TestSptingboot], using SpringBootContextLoader
16:40:04 [INFO][main][org.springframework.test.context.support.AbstractContextLoader]- Could not detect default resource locations for test class [springbootTest.TestSptingboot]: no resource found for suffixes {-context.xml, Context.groovy}.
16:40:04 [INFO][main][org.springframework.boot.test.context.SpringBootTestContextBootstrapper]- Loaded default TestExecutionListener class names from location [META-INF/spring.factories]: [org.springframework.boot.test.mock.mockito.MockitoTestExecutionListener, org.springframework.boot.test.mock.mockito.ResetMocksTestExecutionListener, org.springframework.boot.test.autoconfigure.restdocs.RestDocsTestExecutionListener, org.springframework.boot.test.autoconfigure.web.client.MockRestServiceServerResetTestExecutionListener, org.springframework.boot.test.autoconfigure.web.servlet.MockMvcPrintOnlyOnFailureTestExecutionListener, org.springframework.boot.test.autoconfigure.web.servlet.WebDriverTestExecutionListener, org.springframework.test.context.web.ServletTestExecutionListener, org.springframework.test.context.support.DirtiesContextBeforeModesTestExecutionListener, org.springframework.test.context.support.DependencyInjectionTestExecutionListener, org.springframework.test.context.support.DirtiesContextTestExecutionListener, org.springframework.test.context.transaction.TransactionalTestExecutionListener, org.springframework.test.context.jdbc.SqlScriptsTestExecutionListener]
16:40:04 [INFO][main][org.springframework.boot.test.context.SpringBootTestContextBootstrapper]- Using TestExecutionListeners: [org.springframework.test.context.web.ServletTestExecutionListener@305fd85d, org.springframework.test.context.support.DirtiesContextBeforeModesTestExecutionListener@458c1321, org.springframework.boot.test.autoconfigure.SpringBootDependencyInjectionTestExecutionListener@11438d26, org.springframework.test.context.support.DirtiesContextTestExecutionListener@34cd072c, org.springframework.test.context.transaction.TransactionalTestExecutionListener@7a1ebcd8, org.springframework.test.context.jdbc.SqlScriptsTestExecutionListener@5faeada1, org.springframework.boot.test.autoconfigure.web.servlet.WebDriverTestExecutionListener@528931cf, org.springframework.boot.test.mock.mockito.ResetMocksTestExecutionListener@ea1a8d5, org.springframework.boot.test.mock.mockito.MockitoTestExecutionListener@1563da5, org.springframework.boot.test.autoconfigure.web.client.MockRestServiceServerResetTestExecutionListener@2bbf4b8b, org.springframework.boot.test.autoconfigure.web.servlet.MockMvcPrintOnlyOnFailureTestExecutionListener@30a3107a, org.springframework.boot.test.autoconfigure.restdocs.RestDocsTestExecutionListener@33c7e1bb]
16:40:05 [INFO][main][springbootTest.TestSptingboot]- Starting TestSptingboot on DESKTOP-4EJ981U with PID 12400 (started by weipan in D:\Users\admin\weip\springbootTest)
16:40:05 [INFO][main][springbootTest.TestSptingboot]- The following profiles are active: test
16:40:05 [INFO][main][org.springframework.web.context.support.GenericWebApplicationContext]- Refreshing org.springframework.web.context.support.GenericWebApplicationContext@3514a4c0: startup date [Mon Apr 23 16:40:05 CST 2018]; root of context hierarchy
16:40:06 [INFO][background-preinit][org.hibernate.validator.internal.util.Version]- HV000001: Hibernate Validator 5.3.4.Final
16:40:06 [WARN][main][org.mybatis.spring.mapper.ClassPathMapperScanner]- No MyBatis mapper was found in '[com.test.testmapper]' package. Please check your configuration.
16:40:06 [INFO][main][org.springframework.context.support.PostProcessorRegistrationDelegate$BeanPostProcessorChecker]- Bean 'org.springframework.boot.autoconfigure.validation.ValidationAutoConfiguration' of type [class org.springframework.boot.autoconfigure.validation.ValidationAutoConfiguration] is not eligible for getting processed by all BeanPostProcessors (for example: not eligible for auto-proxying)
16:40:07 [INFO][main][org.springframework.context.support.PostProcessorRegistrationDelegate$BeanPostProcessorChecker]- Bean 'validator' of type [class org.springframework.validation.beanvalidation.LocalValidatorFactoryBean] is not eligible for getting processed by all BeanPostProcessors (for example: not eligible for auto-proxying)
16:40:07 [INFO][main][org.springframework.context.support.PostProcessorRegistrationDelegate$BeanPostProcessorChecker]- Bean 'org.springframework.transaction.annotation.ProxyTransactionManagementConfiguration' of type [class org.springframework.transaction.annotation.ProxyTransactionManagementConfiguration$$EnhancerBySpringCGLIB$$d34a2db7] is not eligible for getting processed by all BeanPostProcessors (for example: not eligible for auto-proxying)
16:40:07 [WARN][main][org.springframework.web.context.support.GenericWebApplicationContext]- Exception encountered during context initialization - cancelling refresh attempt: org.springframework.beans.factory.UnsatisfiedDependencyException: Error creating bean with name 'controller': Unsatisfied dependency expressed through field 'empMapper'; nested exception is org.springframework.beans.factory.NoSuchBeanDefinitionException: No qualifying bean of type 'com.test.test1mapper.EmpMapper' available: expected at least 1 bean which qualifies as autowire candidate. Dependency annotations: {@org.springframework.beans.factory.annotation.Autowired(required=true)}
16:40:07 [INFO][main][org.springframework.boot.autoconfigure.logging.AutoConfigurationReportLoggingInitializer]- 

Error starting ApplicationContext. To display the auto-configuration report re-run your application with 'debug' enabled.
16:40:07 [ERROR][main][org.springframework.boot.diagnostics.LoggingFailureAnalysisReporter]- 

***************************
APPLICATION FAILED TO START
***************************

Description:

Field empMapper in com.test.controller.Controller required a bean of type 'com.test.test1mapper.EmpMapper' that could not be found.


Action:

Consider defining a bean of type 'com.test.test1mapper.EmpMapper' in your configuration.

16:40:07 [ERROR][main][org.springframework.test.context.TestContextManager]- Caught exception while allowing TestExecutionListener [org.springframework.test.context.web.ServletTestExecutionListener@305fd85d] to prepare test instance [springbootTest.TestSptingboot@38548b19]
java.lang.IllegalStateException: Failed to load ApplicationContext
	at org.springframework.test.context.cache.DefaultCacheAwareContextLoaderDelegate.loadContext(DefaultCacheAwareContextLoaderDelegate.java:124)
	at org.springframework.test.context.support.DefaultTestContext.getApplicationContext(DefaultTestContext.java:83)
	at org.springframework.test.context.web.ServletTestExecutionListener.setUpRequestContextIfNecessary(ServletTestExecutionListener.java:189)
	at org.springframework.test.context.web.ServletTestExecutionListener.prepareTestInstance(ServletTestExecutionListener.java:131)
	at org.springframework.test.context.TestContextManager.prepareTestInstance(TestContextManager.java:230)
	at org.springframework.test.context.junit4.SpringJUnit4ClassRunner.createTest(SpringJUnit4ClassRunner.java:228)
	at org.springframework.test.context.junit4.SpringJUnit4ClassRunner$1.runReflectiveCall(SpringJUnit4ClassRunner.java:287)
	at org.junit.internal.runners.model.ReflectiveCallable.run(ReflectiveCallable.java:12)
	at org.springframework.test.context.junit4.SpringJUnit4ClassRunner.methodBlock(SpringJUnit4ClassRunner.java:289)
	at org.springframework.test.context.junit4.SpringJUnit4ClassRunner.runChild(SpringJUnit4ClassRunner.java:247)
	at org.springframework.test.context.junit4.SpringJUnit4ClassRunner.runChild(SpringJUnit4ClassRunner.java:94)
	at org.junit.runners.ParentRunner$3.run(ParentRunner.java:290)
	at org.junit.runners.ParentRunner$1.schedule(ParentRunner.java:71)
	at org.junit.runners.ParentRunner.runChildren(ParentRunner.java:288)
	at org.junit.runners.ParentRunner.access$000(ParentRunner.java:58)
	at org.junit.runners.ParentRunner$2.evaluate(ParentRunner.java:268)
	at org.springframework.test.context.junit4.statements.RunBeforeTestClassCallbacks.evaluate(RunBeforeTestClassCallbacks.java:61)
	at org.springframework.test.context.junit4.statements.RunAfterTestClassCallbacks.evaluate(RunAfterTestClassCallbacks.java:70)
	at org.junit.runners.ParentRunner.run(ParentRunner.java:363)
	at org.springframework.test.context.junit4.SpringJUnit4ClassRunner.run(SpringJUnit4ClassRunner.java:191)
	at org.eclipse.jdt.internal.junit4.runner.JUnit4TestReference.run(JUnit4TestReference.java:86)
	at org.eclipse.jdt.internal.junit.runner.TestExecution.run(TestExecution.java:38)
	at org.eclipse.jdt.internal.junit.runner.RemoteTestRunner.runTests(RemoteTestRunner.java:459)
	at org.eclipse.jdt.internal.junit.runner.RemoteTestRunner.runTests(RemoteTestRunner.java:675)
	at org.eclipse.jdt.internal.junit.runner.RemoteTestRunner.run(RemoteTestRunner.java:382)
	at org.eclipse.jdt.internal.junit.runner.RemoteTestRunner.main(RemoteTestRunner.java:192)
Caused by: org.springframework.beans.factory.UnsatisfiedDependencyException: Error creating bean with name 'controller': Unsatisfied dependency expressed through field 'empMapper'; nested exception is org.springframework.beans.factory.NoSuchBeanDefinitionException: No qualifying bean of type 'com.test.test1mapper.EmpMapper' available: expected at least 1 bean which qualifies as autowire candidate. Dependency annotations: {@org.springframework.beans.factory.annotation.Autowired(required=true)}
	at org.springframework.beans.factory.annotation.AutowiredAnnotationBeanPostProcessor$AutowiredFieldElement.inject(AutowiredAnnotationBeanPostProcessor.java:588)
	at org.springframework.beans.factory.annotation.InjectionMetadata.inject(InjectionMetadata.java:88)
	at org.springframework.beans.factory.annotation.AutowiredAnnotationBeanPostProcessor.postProcessPropertyValues(AutowiredAnnotationBeanPostProcessor.java:366)
	at org.springframework.beans.factory.support.AbstractAutowireCapableBeanFactory.populateBean(AbstractAutowireCapableBeanFactory.java:1264)
	at org.springframework.beans.factory.support.AbstractAutowireCapableBeanFactory.doCreateBean(AbstractAutowireCapableBeanFactory.java:553)
	at org.springframework.beans.factory.support.AbstractAutowireCapableBeanFactory.createBean(AbstractAutowireCapableBeanFactory.java:483)
	at org.springframework.beans.factory.support.AbstractBeanFactory$1.getObject(AbstractBeanFactory.java:306)
	at org.springframework.beans.factory.support.DefaultSingletonBeanRegistry.getSingleton(DefaultSingletonBeanRegistry.java:230)
	at org.springframework.beans.factory.support.AbstractBeanFactory.doGetBean(AbstractBeanFactory.java:302)
	at org.springframework.beans.factory.support.AbstractBeanFactory.getBean(AbstractBeanFactory.java:197)
	at org.springframework.beans.factory.support.DefaultListableBeanFactory.preInstantiateSingletons(DefaultListableBeanFactory.java:761)
	at org.springframework.context.support.AbstractApplicationContext.finishBeanFactoryInitialization(AbstractApplicationContext.java:866)
	at org.springframework.context.support.AbstractApplicationContext.refresh(AbstractApplicationContext.java:542)
	at org.springframework.boot.SpringApplication.refresh(SpringApplication.java:737)
	at org.springframework.boot.SpringApplication.refreshContext(SpringApplication.java:370)
	at org.springframework.boot.SpringApplication.run(SpringApplication.java:314)
	at org.springframework.boot.test.context.SpringBootContextLoader.loadContext(SpringBootContextLoader.java:120)
	at org.springframework.test.context.cache.DefaultCacheAwareContextLoaderDelegate.loadContextInternal(DefaultCacheAwareContextLoaderDelegate.java:98)
	at org.springframework.test.context.cache.DefaultCacheAwareContextLoaderDelegate.loadContext(DefaultCacheAwareContextLoaderDelegate.java:116)
	... 25 more
Caused by: org.springframework.beans.factory.NoSuchBeanDefinitionException: No qualifying bean of type 'com.test.test1mapper.EmpMapper' available: expected at least 1 bean which qualifies as autowire candidate. Dependency annotations: {@org.springframework.beans.factory.annotation.Autowired(required=true)}
	at org.springframework.beans.factory.support.DefaultListableBeanFactory.raiseNoMatchingBeanFound(DefaultListableBeanFactory.java:1486)
	at org.springframework.beans.factory.support.DefaultListableBeanFactory.doResolveDependency(DefaultListableBeanFactory.java:1104)
	at org.springframework.beans.factory.support.DefaultListableBeanFactory.resolveDependency(DefaultListableBeanFactory.java:1066)
	at org.springframework.beans.factory.annotation.AutowiredAnnotationBeanPostProcessor$AutowiredFieldElement.inject(AutowiredAnnotationBeanPostProcessor.java:585)
	... 43 more
16:41:30 [INFO][main][org.springframework.boot.test.context.SpringBootTestContextBootstrapper]- Neither @ContextConfiguration nor @ContextHierarchy found for test class [springbootTest.TestSptingboot], using SpringBootContextLoader
16:41:30 [INFO][main][org.springframework.test.context.support.AbstractContextLoader]- Could not detect default resource locations for test class [springbootTest.TestSptingboot]: no resource found for suffixes {-context.xml, Context.groovy}.
16:41:30 [INFO][main][org.springframework.boot.test.context.SpringBootTestContextBootstrapper]- Loaded default TestExecutionListener class names from location [META-INF/spring.factories]: [org.springframework.boot.test.mock.mockito.MockitoTestExecutionListener, org.springframework.boot.test.mock.mockito.ResetMocksTestExecutionListener, org.springframework.boot.test.autoconfigure.restdocs.RestDocsTestExecutionListener, org.springframework.boot.test.autoconfigure.web.client.MockRestServiceServerResetTestExecutionListener, org.springframework.boot.test.autoconfigure.web.servlet.MockMvcPrintOnlyOnFailureTestExecutionListener, org.springframework.boot.test.autoconfigure.web.servlet.WebDriverTestExecutionListener, org.springframework.test.context.web.ServletTestExecutionListener, org.springframework.test.context.support.DirtiesContextBeforeModesTestExecutionListener, org.springframework.test.context.support.DependencyInjectionTestExecutionListener, org.springframework.test.context.support.DirtiesContextTestExecutionListener, org.springframework.test.context.transaction.TransactionalTestExecutionListener, org.springframework.test.context.jdbc.SqlScriptsTestExecutionListener]
16:41:30 [INFO][main][org.springframework.boot.test.context.SpringBootTestContextBootstrapper]- Using TestExecutionListeners: [org.springframework.test.context.web.ServletTestExecutionListener@305fd85d, org.springframework.test.context.support.DirtiesContextBeforeModesTestExecutionListener@458c1321, org.springframework.boot.test.autoconfigure.SpringBootDependencyInjectionTestExecutionListener@11438d26, org.springframework.test.context.support.DirtiesContextTestExecutionListener@34cd072c, org.springframework.test.context.transaction.TransactionalTestExecutionListener@7a1ebcd8, org.springframework.test.context.jdbc.SqlScriptsTestExecutionListener@5faeada1, org.springframework.boot.test.autoconfigure.web.servlet.WebDriverTestExecutionListener@528931cf, org.springframework.boot.test.mock.mockito.ResetMocksTestExecutionListener@ea1a8d5, org.springframework.boot.test.mock.mockito.MockitoTestExecutionListener@1563da5, org.springframework.boot.test.autoconfigure.web.client.MockRestServiceServerResetTestExecutionListener@2bbf4b8b, org.springframework.boot.test.autoconfigure.web.servlet.MockMvcPrintOnlyOnFailureTestExecutionListener@30a3107a, org.springframework.boot.test.autoconfigure.restdocs.RestDocsTestExecutionListener@33c7e1bb]
16:41:30 [INFO][main][springbootTest.TestSptingboot]- Starting TestSptingboot on DESKTOP-4EJ981U with PID 10232 (started by weipan in D:\Users\admin\weip\springbootTest)
16:41:30 [INFO][main][springbootTest.TestSptingboot]- The following profiles are active: test
16:41:30 [INFO][main][org.springframework.web.context.support.GenericWebApplicationContext]- Refreshing org.springframework.web.context.support.GenericWebApplicationContext@3514a4c0: startup date [Mon Apr 23 16:41:30 CST 2018]; root of context hierarchy
16:41:31 [INFO][background-preinit][org.hibernate.validator.internal.util.Version]- HV000001: Hibernate Validator 5.3.4.Final
16:41:31 [WARN][main][org.mybatis.spring.mapper.ClassPathMapperScanner]- No MyBatis mapper was found in '[com.test.testmapper]' package. Please check your configuration.
16:41:32 [INFO][main][org.springframework.context.support.PostProcessorRegistrationDelegate$BeanPostProcessorChecker]- Bean 'org.springframework.boot.autoconfigure.validation.ValidationAutoConfiguration' of type [class org.springframework.boot.autoconfigure.validation.ValidationAutoConfiguration] is not eligible for getting processed by all BeanPostProcessors (for example: not eligible for auto-proxying)
16:41:32 [INFO][main][org.springframework.context.support.PostProcessorRegistrationDelegate$BeanPostProcessorChecker]- Bean 'validator' of type [class org.springframework.validation.beanvalidation.LocalValidatorFactoryBean] is not eligible for getting processed by all BeanPostProcessors (for example: not eligible for auto-proxying)
16:41:32 [INFO][main][org.springframework.context.support.PostProcessorRegistrationDelegate$BeanPostProcessorChecker]- Bean 'org.springframework.transaction.annotation.ProxyTransactionManagementConfiguration' of type [class org.springframework.transaction.annotation.ProxyTransactionManagementConfiguration$$EnhancerBySpringCGLIB$$3f1cf2aa] is not eligible for getting processed by all BeanPostProcessors (for example: not eligible for auto-proxying)
16:41:32 [WARN][main][org.springframework.web.context.support.GenericWebApplicationContext]- Exception encountered during context initialization - cancelling refresh attempt: org.springframework.beans.factory.UnsatisfiedDependencyException: Error creating bean with name 'controller': Unsatisfied dependency expressed through field 'empMapper'; nested exception is org.springframework.beans.factory.NoSuchBeanDefinitionException: No qualifying bean of type 'com.test.test1mapper.EmpMapper' available: expected at least 1 bean which qualifies as autowire candidate. Dependency annotations: {@org.springframework.beans.factory.annotation.Autowired(required=true)}
16:41:32 [INFO][main][org.springframework.boot.autoconfigure.logging.AutoConfigurationReportLoggingInitializer]- 

Error starting ApplicationContext. To display the auto-configuration report re-run your application with 'debug' enabled.
16:41:33 [ERROR][main][org.springframework.boot.diagnostics.LoggingFailureAnalysisReporter]- 

***************************
APPLICATION FAILED TO START
***************************

Description:

Field empMapper in com.test.controller.Controller required a bean of type 'com.test.test1mapper.EmpMapper' that could not be found.


Action:

Consider defining a bean of type 'com.test.test1mapper.EmpMapper' in your configuration.

16:41:33 [ERROR][main][org.springframework.test.context.TestContextManager]- Caught exception while allowing TestExecutionListener [org.springframework.test.context.web.ServletTestExecutionListener@305fd85d] to prepare test instance [springbootTest.TestSptingboot@11841b15]
java.lang.IllegalStateException: Failed to load ApplicationContext
	at org.springframework.test.context.cache.DefaultCacheAwareContextLoaderDelegate.loadContext(DefaultCacheAwareContextLoaderDelegate.java:124)
	at org.springframework.test.context.support.DefaultTestContext.getApplicationContext(DefaultTestContext.java:83)
	at org.springframework.test.context.web.ServletTestExecutionListener.setUpRequestContextIfNecessary(ServletTestExecutionListener.java:189)
	at org.springframework.test.context.web.ServletTestExecutionListener.prepareTestInstance(ServletTestExecutionListener.java:131)
	at org.springframework.test.context.TestContextManager.prepareTestInstance(TestContextManager.java:230)
	at org.springframework.test.context.junit4.SpringJUnit4ClassRunner.createTest(SpringJUnit4ClassRunner.java:228)
	at org.springframework.test.context.junit4.SpringJUnit4ClassRunner$1.runReflectiveCall(SpringJUnit4ClassRunner.java:287)
	at org.junit.internal.runners.model.ReflectiveCallable.run(ReflectiveCallable.java:12)
	at org.springframework.test.context.junit4.SpringJUnit4ClassRunner.methodBlock(SpringJUnit4ClassRunner.java:289)
	at org.springframework.test.context.junit4.SpringJUnit4ClassRunner.runChild(SpringJUnit4ClassRunner.java:247)
	at org.springframework.test.context.junit4.SpringJUnit4ClassRunner.runChild(SpringJUnit4ClassRunner.java:94)
	at org.junit.runners.ParentRunner$3.run(ParentRunner.java:290)
	at org.junit.runners.ParentRunner$1.schedule(ParentRunner.java:71)
	at org.junit.runners.ParentRunner.runChildren(ParentRunner.java:288)
	at org.junit.runners.ParentRunner.access$000(ParentRunner.java:58)
	at org.junit.runners.ParentRunner$2.evaluate(ParentRunner.java:268)
	at org.springframework.test.context.junit4.statements.RunBeforeTestClassCallbacks.evaluate(RunBeforeTestClassCallbacks.java:61)
	at org.springframework.test.context.junit4.statements.RunAfterTestClassCallbacks.evaluate(RunAfterTestClassCallbacks.java:70)
	at org.junit.runners.ParentRunner.run(ParentRunner.java:363)
	at org.springframework.test.context.junit4.SpringJUnit4ClassRunner.run(SpringJUnit4ClassRunner.java:191)
	at org.eclipse.jdt.internal.junit4.runner.JUnit4TestReference.run(JUnit4TestReference.java:86)
	at org.eclipse.jdt.internal.junit.runner.TestExecution.run(TestExecution.java:38)
	at org.eclipse.jdt.internal.junit.runner.RemoteTestRunner.runTests(RemoteTestRunner.java:459)
	at org.eclipse.jdt.internal.junit.runner.RemoteTestRunner.runTests(RemoteTestRunner.java:675)
	at org.eclipse.jdt.internal.junit.runner.RemoteTestRunner.run(RemoteTestRunner.java:382)
	at org.eclipse.jdt.internal.junit.runner.RemoteTestRunner.main(RemoteTestRunner.java:192)
Caused by: org.springframework.beans.factory.UnsatisfiedDependencyException: Error creating bean with name 'controller': Unsatisfied dependency expressed through field 'empMapper'; nested exception is org.springframework.beans.factory.NoSuchBeanDefinitionException: No qualifying bean of type 'com.test.test1mapper.EmpMapper' available: expected at least 1 bean which qualifies as autowire candidate. Dependency annotations: {@org.springframework.beans.factory.annotation.Autowired(required=true)}
	at org.springframework.beans.factory.annotation.AutowiredAnnotationBeanPostProcessor$AutowiredFieldElement.inject(AutowiredAnnotationBeanPostProcessor.java:588)
	at org.springframework.beans.factory.annotation.InjectionMetadata.inject(InjectionMetadata.java:88)
	at org.springframework.beans.factory.annotation.AutowiredAnnotationBeanPostProcessor.postProcessPropertyValues(AutowiredAnnotationBeanPostProcessor.java:366)
	at org.springframework.beans.factory.support.AbstractAutowireCapableBeanFactory.populateBean(AbstractAutowireCapableBeanFactory.java:1264)
	at org.springframework.beans.factory.support.AbstractAutowireCapableBeanFactory.doCreateBean(AbstractAutowireCapableBeanFactory.java:553)
	at org.springframework.beans.factory.support.AbstractAutowireCapableBeanFactory.createBean(AbstractAutowireCapableBeanFactory.java:483)
	at org.springframework.beans.factory.support.AbstractBeanFactory$1.getObject(AbstractBeanFactory.java:306)
	at org.springframework.beans.factory.support.DefaultSingletonBeanRegistry.getSingleton(DefaultSingletonBeanRegistry.java:230)
	at org.springframework.beans.factory.support.AbstractBeanFactory.doGetBean(AbstractBeanFactory.java:302)
	at org.springframework.beans.factory.support.AbstractBeanFactory.getBean(AbstractBeanFactory.java:197)
	at org.springframework.beans.factory.support.DefaultListableBeanFactory.preInstantiateSingletons(DefaultListableBeanFactory.java:761)
	at org.springframework.context.support.AbstractApplicationContext.finishBeanFactoryInitialization(AbstractApplicationContext.java:866)
	at org.springframework.context.support.AbstractApplicationContext.refresh(AbstractApplicationContext.java:542)
	at org.springframework.boot.SpringApplication.refresh(SpringApplication.java:737)
	at org.springframework.boot.SpringApplication.refreshContext(SpringApplication.java:370)
	at org.springframework.boot.SpringApplication.run(SpringApplication.java:314)
	at org.springframework.boot.test.context.SpringBootContextLoader.loadContext(SpringBootContextLoader.java:120)
	at org.springframework.test.context.cache.DefaultCacheAwareContextLoaderDelegate.loadContextInternal(DefaultCacheAwareContextLoaderDelegate.java:98)
	at org.springframework.test.context.cache.DefaultCacheAwareContextLoaderDelegate.loadContext(DefaultCacheAwareContextLoaderDelegate.java:116)
	... 25 more
Caused by: org.springframework.beans.factory.NoSuchBeanDefinitionException: No qualifying bean of type 'com.test.test1mapper.EmpMapper' available: expected at least 1 bean which qualifies as autowire candidate. Dependency annotations: {@org.springframework.beans.factory.annotation.Autowired(required=true)}
	at org.springframework.beans.factory.support.DefaultListableBeanFactory.raiseNoMatchingBeanFound(DefaultListableBeanFactory.java:1486)
	at org.springframework.beans.factory.support.DefaultListableBeanFactory.doResolveDependency(DefaultListableBeanFactory.java:1104)
	at org.springframework.beans.factory.support.DefaultListableBeanFactory.resolveDependency(DefaultListableBeanFactory.java:1066)
	at org.springframework.beans.factory.annotation.AutowiredAnnotationBeanPostProcessor$AutowiredFieldElement.inject(AutowiredAnnotationBeanPostProcessor.java:585)
	... 43 more
16:42:10 [INFO][main][org.springframework.boot.test.context.SpringBootTestContextBootstrapper]- Neither @ContextConfiguration nor @ContextHierarchy found for test class [springbootTest.TestSptingboot], using SpringBootContextLoader
16:42:10 [INFO][main][org.springframework.test.context.support.AbstractContextLoader]- Could not detect default resource locations for test class [springbootTest.TestSptingboot]: no resource found for suffixes {-context.xml, Context.groovy}.
16:42:10 [INFO][main][org.springframework.boot.test.context.SpringBootTestContextBootstrapper]- Loaded default TestExecutionListener class names from location [META-INF/spring.factories]: [org.springframework.boot.test.mock.mockito.MockitoTestExecutionListener, org.springframework.boot.test.mock.mockito.ResetMocksTestExecutionListener, org.springframework.boot.test.autoconfigure.restdocs.RestDocsTestExecutionListener, org.springframework.boot.test.autoconfigure.web.client.MockRestServiceServerResetTestExecutionListener, org.springframework.boot.test.autoconfigure.web.servlet.MockMvcPrintOnlyOnFailureTestExecutionListener, org.springframework.boot.test.autoconfigure.web.servlet.WebDriverTestExecutionListener, org.springframework.test.context.web.ServletTestExecutionListener, org.springframework.test.context.support.DirtiesContextBeforeModesTestExecutionListener, org.springframework.test.context.support.DependencyInjectionTestExecutionListener, org.springframework.test.context.support.DirtiesContextTestExecutionListener, org.springframework.test.context.transaction.TransactionalTestExecutionListener, org.springframework.test.context.jdbc.SqlScriptsTestExecutionListener]
16:42:10 [INFO][main][org.springframework.boot.test.context.SpringBootTestContextBootstrapper]- Using TestExecutionListeners: [org.springframework.test.context.web.ServletTestExecutionListener@305fd85d, org.springframework.test.context.support.DirtiesContextBeforeModesTestExecutionListener@458c1321, org.springframework.boot.test.autoconfigure.SpringBootDependencyInjectionTestExecutionListener@11438d26, org.springframework.test.context.support.DirtiesContextTestExecutionListener@34cd072c, org.springframework.test.context.transaction.TransactionalTestExecutionListener@7a1ebcd8, org.springframework.test.context.jdbc.SqlScriptsTestExecutionListener@5faeada1, org.springframework.boot.test.autoconfigure.web.servlet.WebDriverTestExecutionListener@528931cf, org.springframework.boot.test.mock.mockito.ResetMocksTestExecutionListener@ea1a8d5, org.springframework.boot.test.mock.mockito.MockitoTestExecutionListener@1563da5, org.springframework.boot.test.autoconfigure.web.client.MockRestServiceServerResetTestExecutionListener@2bbf4b8b, org.springframework.boot.test.autoconfigure.web.servlet.MockMvcPrintOnlyOnFailureTestExecutionListener@30a3107a, org.springframework.boot.test.autoconfigure.restdocs.RestDocsTestExecutionListener@33c7e1bb]
16:42:10 [INFO][main][springbootTest.TestSptingboot]- Starting TestSptingboot on DESKTOP-4EJ981U with PID 6864 (started by weipan in D:\Users\admin\weip\springbootTest)
16:42:10 [INFO][main][springbootTest.TestSptingboot]- The following profiles are active: test
16:42:10 [INFO][main][org.springframework.web.context.support.GenericWebApplicationContext]- Refreshing org.springframework.web.context.support.GenericWebApplicationContext@3514a4c0: startup date [Mon Apr 23 16:42:10 CST 2018]; root of context hierarchy
16:42:11 [INFO][background-preinit][org.hibernate.validator.internal.util.Version]- HV000001: Hibernate Validator 5.3.4.Final
16:42:11 [WARN][main][org.mybatis.spring.mapper.ClassPathMapperScanner]- No MyBatis mapper was found in '[com.test.testmapper]' package. Please check your configuration.
16:42:12 [INFO][main][org.springframework.context.support.PostProcessorRegistrationDelegate$BeanPostProcessorChecker]- Bean 'org.springframework.boot.autoconfigure.validation.ValidationAutoConfiguration' of type [class org.springframework.boot.autoconfigure.validation.ValidationAutoConfiguration] is not eligible for getting processed by all BeanPostProcessors (for example: not eligible for auto-proxying)
16:42:12 [INFO][main][org.springframework.context.support.PostProcessorRegistrationDelegate$BeanPostProcessorChecker]- Bean 'validator' of type [class org.springframework.validation.beanvalidation.LocalValidatorFactoryBean] is not eligible for getting processed by all BeanPostProcessors (for example: not eligible for auto-proxying)
16:42:12 [INFO][main][org.springframework.context.support.PostProcessorRegistrationDelegate$BeanPostProcessorChecker]- Bean 'org.springframework.transaction.annotation.ProxyTransactionManagementConfiguration' of type [class org.springframework.transaction.annotation.ProxyTransactionManagementConfiguration$$EnhancerBySpringCGLIB$$60d45375] is not eligible for getting processed by all BeanPostProcessors (for example: not eligible for auto-proxying)
16:42:13 [INFO][main][org.springframework.web.servlet.mvc.method.annotation.RequestMappingHandlerAdapter]- Looking for @ControllerAdvice: org.springframework.web.context.support.GenericWebApplicationContext@3514a4c0: startup date [Mon Apr 23 16:42:10 CST 2018]; root of context hierarchy
16:42:13 [INFO][main][org.springframework.web.servlet.mvc.method.annotation.RequestMappingHandlerMapping]- Mapped "{[/error]}" onto public org.springframework.http.ResponseEntity<java.util.Map<java.lang.String, java.lang.Object>> org.springframework.boot.autoconfigure.web.BasicErrorController.error(javax.servlet.http.HttpServletRequest)
16:42:13 [INFO][main][org.springframework.web.servlet.mvc.method.annotation.RequestMappingHandlerMapping]- Mapped "{[/error],produces=[text/html]}" onto public org.springframework.web.servlet.ModelAndView org.springframework.boot.autoconfigure.web.BasicErrorController.errorHtml(javax.servlet.http.HttpServletRequest,javax.servlet.http.HttpServletResponse)
16:42:13 [INFO][main][org.springframework.web.servlet.handler.SimpleUrlHandlerMapping]- Mapped URL path [/webjars/**] onto handler of type [class org.springframework.web.servlet.resource.ResourceHttpRequestHandler]
16:42:13 [INFO][main][org.springframework.web.servlet.handler.SimpleUrlHandlerMapping]- Mapped URL path [/**] onto handler of type [class org.springframework.web.servlet.resource.ResourceHttpRequestHandler]
16:42:13 [INFO][main][org.springframework.web.servlet.mvc.method.annotation.ExceptionHandlerExceptionResolver]- Detected @ExceptionHandler methods in globalExceptionHandler
16:42:13 [INFO][main][org.springframework.web.servlet.handler.SimpleUrlHandlerMapping]- Mapped URL path [/**/favicon.ico] onto handler of type [class org.springframework.web.servlet.resource.ResourceHttpRequestHandler]
16:42:13 [INFO][main][org.springframework.boot.autoconfigure.web.WebMvcAutoConfiguration$WelcomePageHandlerMapping]- Adding welcome page: ServletContext resource [/index.html]
16:42:14 [INFO][main][springbootTest.TestSptingboot]- Started TestSptingboot in 3.731 seconds (JVM running for 4.513)
16:42:14 [ERROR][main][org.springframework.test.context.TestContextManager]- Caught exception while allowing TestExecutionListener [org.springframework.boot.test.autoconfigure.SpringBootDependencyInjectionTestExecutionListener@11438d26] to prepare test instance [springbootTest.TestSptingboot@3cec79d3]
org.springframework.beans.factory.UnsatisfiedDependencyException: Error creating bean with name 'springbootTest.TestSptingboot': Unsatisfied dependency expressed through field 'mapper'; nested exception is org.springframework.beans.factory.NoSuchBeanDefinitionException: No qualifying bean of type 'com.test.mapper.EmpMapper' available: expected at least 1 bean which qualifies as autowire candidate. Dependency annotations: {@org.springframework.beans.factory.annotation.Autowired(required=true)}
	at org.springframework.beans.factory.annotation.AutowiredAnnotationBeanPostProcessor$AutowiredFieldElement.inject(AutowiredAnnotationBeanPostProcessor.java:588)
	at org.springframework.beans.factory.annotation.InjectionMetadata.inject(InjectionMetadata.java:88)
	at org.springframework.beans.factory.annotation.AutowiredAnnotationBeanPostProcessor.postProcessPropertyValues(AutowiredAnnotationBeanPostProcessor.java:366)
	at org.springframework.beans.factory.support.AbstractAutowireCapableBeanFactory.populateBean(AbstractAutowireCapableBeanFactory.java:1264)
	at org.springframework.beans.factory.support.AbstractAutowireCapableBeanFactory.autowireBeanProperties(AbstractAutowireCapableBeanFactory.java:386)
	at org.springframework.test.context.support.DependencyInjectionTestExecutionListener.injectDependencies(DependencyInjectionTestExecutionListener.java:118)
	at org.springframework.test.context.support.DependencyInjectionTestExecutionListener.prepareTestInstance(DependencyInjectionTestExecutionListener.java:83)
	at org.springframework.boot.test.autoconfigure.SpringBootDependencyInjectionTestExecutionListener.prepareTestInstance(SpringBootDependencyInjectionTestExecutionListener.java:44)
	at org.springframework.test.context.TestContextManager.prepareTestInstance(TestContextManager.java:230)
	at org.springframework.test.context.junit4.SpringJUnit4ClassRunner.createTest(SpringJUnit4ClassRunner.java:228)
	at org.springframework.test.context.junit4.SpringJUnit4ClassRunner$1.runReflectiveCall(SpringJUnit4ClassRunner.java:287)
	at org.junit.internal.runners.model.ReflectiveCallable.run(ReflectiveCallable.java:12)
	at org.springframework.test.context.junit4.SpringJUnit4ClassRunner.methodBlock(SpringJUnit4ClassRunner.java:289)
	at org.springframework.test.context.junit4.SpringJUnit4ClassRunner.runChild(SpringJUnit4ClassRunner.java:247)
	at org.springframework.test.context.junit4.SpringJUnit4ClassRunner.runChild(SpringJUnit4ClassRunner.java:94)
	at org.junit.runners.ParentRunner$3.run(ParentRunner.java:290)
	at org.junit.runners.ParentRunner$1.schedule(ParentRunner.java:71)
	at org.junit.runners.ParentRunner.runChildren(ParentRunner.java:288)
	at org.junit.runners.ParentRunner.access$000(ParentRunner.java:58)
	at org.junit.runners.ParentRunner$2.evaluate(ParentRunner.java:268)
	at org.springframework.test.context.junit4.statements.RunBeforeTestClassCallbacks.evaluate(RunBeforeTestClassCallbacks.java:61)
	at org.springframework.test.context.junit4.statements.RunAfterTestClassCallbacks.evaluate(RunAfterTestClassCallbacks.java:70)
	at org.junit.runners.ParentRunner.run(ParentRunner.java:363)
	at org.springframework.test.context.junit4.SpringJUnit4ClassRunner.run(SpringJUnit4ClassRunner.java:191)
	at org.eclipse.jdt.internal.junit4.runner.JUnit4TestReference.run(JUnit4TestReference.java:86)
	at org.eclipse.jdt.internal.junit.runner.TestExecution.run(TestExecution.java:38)
	at org.eclipse.jdt.internal.junit.runner.RemoteTestRunner.runTests(RemoteTestRunner.java:459)
	at org.eclipse.jdt.internal.junit.runner.RemoteTestRunner.runTests(RemoteTestRunner.java:675)
	at org.eclipse.jdt.internal.junit.runner.RemoteTestRunner.run(RemoteTestRunner.java:382)
	at org.eclipse.jdt.internal.junit.runner.RemoteTestRunner.main(RemoteTestRunner.java:192)
Caused by: org.springframework.beans.factory.NoSuchBeanDefinitionException: No qualifying bean of type 'com.test.mapper.EmpMapper' available: expected at least 1 bean which qualifies as autowire candidate. Dependency annotations: {@org.springframework.beans.factory.annotation.Autowired(required=true)}
	at org.springframework.beans.factory.support.DefaultListableBeanFactory.raiseNoMatchingBeanFound(DefaultListableBeanFactory.java:1486)
	at org.springframework.beans.factory.support.DefaultListableBeanFactory.doResolveDependency(DefaultListableBeanFactory.java:1104)
	at org.springframework.beans.factory.support.DefaultListableBeanFactory.resolveDependency(DefaultListableBeanFactory.java:1066)
	at org.springframework.beans.factory.annotation.AutowiredAnnotationBeanPostProcessor$AutowiredFieldElement.inject(AutowiredAnnotationBeanPostProcessor.java:585)
	... 29 more
16:42:14 [INFO][Thread-3][org.springframework.web.context.support.GenericWebApplicationContext]- Closing org.springframework.web.context.support.GenericWebApplicationContext@3514a4c0: startup date [Mon Apr 23 16:42:10 CST 2018]; root of context hierarchy
16:42:43 [INFO][main][org.springframework.boot.test.context.SpringBootTestContextBootstrapper]- Neither @ContextConfiguration nor @ContextHierarchy found for test class [springbootTest.TestSptingboot], using SpringBootContextLoader
16:42:43 [INFO][main][org.springframework.test.context.support.AbstractContextLoader]- Could not detect default resource locations for test class [springbootTest.TestSptingboot]: no resource found for suffixes {-context.xml, Context.groovy}.
16:42:43 [INFO][main][org.springframework.boot.test.context.SpringBootTestContextBootstrapper]- Loaded default TestExecutionListener class names from location [META-INF/spring.factories]: [org.springframework.boot.test.mock.mockito.MockitoTestExecutionListener, org.springframework.boot.test.mock.mockito.ResetMocksTestExecutionListener, org.springframework.boot.test.autoconfigure.restdocs.RestDocsTestExecutionListener, org.springframework.boot.test.autoconfigure.web.client.MockRestServiceServerResetTestExecutionListener, org.springframework.boot.test.autoconfigure.web.servlet.MockMvcPrintOnlyOnFailureTestExecutionListener, org.springframework.boot.test.autoconfigure.web.servlet.WebDriverTestExecutionListener, org.springframework.test.context.web.ServletTestExecutionListener, org.springframework.test.context.support.DirtiesContextBeforeModesTestExecutionListener, org.springframework.test.context.support.DependencyInjectionTestExecutionListener, org.springframework.test.context.support.DirtiesContextTestExecutionListener, org.springframework.test.context.transaction.TransactionalTestExecutionListener, org.springframework.test.context.jdbc.SqlScriptsTestExecutionListener]
16:42:43 [INFO][main][org.springframework.boot.test.context.SpringBootTestContextBootstrapper]- Using TestExecutionListeners: [org.springframework.test.context.web.ServletTestExecutionListener@305fd85d, org.springframework.test.context.support.DirtiesContextBeforeModesTestExecutionListener@458c1321, org.springframework.boot.test.autoconfigure.SpringBootDependencyInjectionTestExecutionListener@11438d26, org.springframework.test.context.support.DirtiesContextTestExecutionListener@34cd072c, org.springframework.test.context.transaction.TransactionalTestExecutionListener@7a1ebcd8, org.springframework.test.context.jdbc.SqlScriptsTestExecutionListener@5faeada1, org.springframework.boot.test.autoconfigure.web.servlet.WebDriverTestExecutionListener@528931cf, org.springframework.boot.test.mock.mockito.ResetMocksTestExecutionListener@ea1a8d5, org.springframework.boot.test.mock.mockito.MockitoTestExecutionListener@1563da5, org.springframework.boot.test.autoconfigure.web.client.MockRestServiceServerResetTestExecutionListener@2bbf4b8b, org.springframework.boot.test.autoconfigure.web.servlet.MockMvcPrintOnlyOnFailureTestExecutionListener@30a3107a, org.springframework.boot.test.autoconfigure.restdocs.RestDocsTestExecutionListener@33c7e1bb]
16:42:44 [INFO][main][springbootTest.TestSptingboot]- Starting TestSptingboot on DESKTOP-4EJ981U with PID 12640 (started by weipan in D:\Users\admin\weip\springbootTest)
16:42:44 [INFO][main][springbootTest.TestSptingboot]- The following profiles are active: test
16:42:44 [INFO][main][org.springframework.web.context.support.GenericWebApplicationContext]- Refreshing org.springframework.web.context.support.GenericWebApplicationContext@3514a4c0: startup date [Mon Apr 23 16:42:44 CST 2018]; root of context hierarchy
16:42:45 [INFO][background-preinit][org.hibernate.validator.internal.util.Version]- HV000001: Hibernate Validator 5.3.4.Final
16:42:46 [INFO][main][org.springframework.context.support.PostProcessorRegistrationDelegate$BeanPostProcessorChecker]- Bean 'org.springframework.boot.autoconfigure.validation.ValidationAutoConfiguration' of type [class org.springframework.boot.autoconfigure.validation.ValidationAutoConfiguration] is not eligible for getting processed by all BeanPostProcessors (for example: not eligible for auto-proxying)
16:42:46 [INFO][main][org.springframework.context.support.PostProcessorRegistrationDelegate$BeanPostProcessorChecker]- Bean 'validator' of type [class org.springframework.validation.beanvalidation.LocalValidatorFactoryBean] is not eligible for getting processed by all BeanPostProcessors (for example: not eligible for auto-proxying)
16:42:46 [INFO][main][org.springframework.context.support.PostProcessorRegistrationDelegate$BeanPostProcessorChecker]- Bean 'org.springframework.transaction.annotation.ProxyTransactionManagementConfiguration' of type [class org.springframework.transaction.annotation.ProxyTransactionManagementConfiguration$$EnhancerBySpringCGLIB$$8c96ce06] is not eligible for getting processed by all BeanPostProcessors (for example: not eligible for auto-proxying)
16:42:46 [WARN][main][org.springframework.web.context.support.GenericWebApplicationContext]- Exception encountered during context initialization - cancelling refresh attempt: org.springframework.beans.factory.BeanCreationException: Error creating bean with name 'empMapper' defined in file [D:\Users\admin\weip\springbootTest\target\classes\com\test\mapper\EmpMapper.class]: Invocation of init method failed; nested exception is java.lang.IllegalArgumentException: Property 'sqlSessionFactory' or 'sqlSessionTemplate' are required
16:42:46 [INFO][main][org.springframework.boot.autoconfigure.logging.AutoConfigurationReportLoggingInitializer]- 

Error starting ApplicationContext. To display the auto-configuration report re-run your application with 'debug' enabled.
16:42:46 [ERROR][main][org.springframework.boot.SpringApplication]- Application startup failed
org.springframework.beans.factory.BeanCreationException: Error creating bean with name 'empMapper' defined in file [D:\Users\admin\weip\springbootTest\target\classes\com\test\mapper\EmpMapper.class]: Invocation of init method failed; nested exception is java.lang.IllegalArgumentException: Property 'sqlSessionFactory' or 'sqlSessionTemplate' are required
	at org.springframework.beans.factory.support.AbstractAutowireCapableBeanFactory.initializeBean(AbstractAutowireCapableBeanFactory.java:1628)
	at org.springframework.beans.factory.support.AbstractAutowireCapableBeanFactory.doCreateBean(AbstractAutowireCapableBeanFactory.java:555)
	at org.springframework.beans.factory.support.AbstractAutowireCapableBeanFactory.createBean(AbstractAutowireCapableBeanFactory.java:483)
	at org.springframework.beans.factory.support.AbstractBeanFactory$1.getObject(AbstractBeanFactory.java:306)
	at org.springframework.beans.factory.support.DefaultSingletonBeanRegistry.getSingleton(DefaultSingletonBeanRegistry.java:230)
	at org.springframework.beans.factory.support.AbstractBeanFactory.doGetBean(AbstractBeanFactory.java:302)
	at org.springframework.beans.factory.support.AbstractBeanFactory.getBean(AbstractBeanFactory.java:197)
	at org.springframework.beans.factory.support.DefaultListableBeanFactory.preInstantiateSingletons(DefaultListableBeanFactory.java:742)
	at org.springframework.context.support.AbstractApplicationContext.finishBeanFactoryInitialization(AbstractApplicationContext.java:866)
	at org.springframework.context.support.AbstractApplicationContext.refresh(AbstractApplicationContext.java:542)
	at org.springframework.boot.SpringApplication.refresh(SpringApplication.java:737)
	at org.springframework.boot.SpringApplication.refreshContext(SpringApplication.java:370)
	at org.springframework.boot.SpringApplication.run(SpringApplication.java:314)
	at org.springframework.boot.test.context.SpringBootContextLoader.loadContext(SpringBootContextLoader.java:120)
	at org.springframework.test.context.cache.DefaultCacheAwareContextLoaderDelegate.loadContextInternal(DefaultCacheAwareContextLoaderDelegate.java:98)
	at org.springframework.test.context.cache.DefaultCacheAwareContextLoaderDelegate.loadContext(DefaultCacheAwareContextLoaderDelegate.java:116)
	at org.springframework.test.context.support.DefaultTestContext.getApplicationContext(DefaultTestContext.java:83)
	at org.springframework.test.context.web.ServletTestExecutionListener.setUpRequestContextIfNecessary(ServletTestExecutionListener.java:189)
	at org.springframework.test.context.web.ServletTestExecutionListener.prepareTestInstance(ServletTestExecutionListener.java:131)
	at org.springframework.test.context.TestContextManager.prepareTestInstance(TestContextManager.java:230)
	at org.springframework.test.context.junit4.SpringJUnit4ClassRunner.createTest(SpringJUnit4ClassRunner.java:228)
	at org.springframework.test.context.junit4.SpringJUnit4ClassRunner$1.runReflectiveCall(SpringJUnit4ClassRunner.java:287)
	at org.junit.internal.runners.model.ReflectiveCallable.run(ReflectiveCallable.java:12)
	at org.springframework.test.context.junit4.SpringJUnit4ClassRunner.methodBlock(SpringJUnit4ClassRunner.java:289)
	at org.springframework.test.context.junit4.SpringJUnit4ClassRunner.runChild(SpringJUnit4ClassRunner.java:247)
	at org.springframework.test.context.junit4.SpringJUnit4ClassRunner.runChild(SpringJUnit4ClassRunner.java:94)
	at org.junit.runners.ParentRunner$3.run(ParentRunner.java:290)
	at org.junit.runners.ParentRunner$1.schedule(ParentRunner.java:71)
	at org.junit.runners.ParentRunner.runChildren(ParentRunner.java:288)
	at org.junit.runners.ParentRunner.access$000(ParentRunner.java:58)
	at org.junit.runners.ParentRunner$2.evaluate(ParentRunner.java:268)
	at org.springframework.test.context.junit4.statements.RunBeforeTestClassCallbacks.evaluate(RunBeforeTestClassCallbacks.java:61)
	at org.springframework.test.context.junit4.statements.RunAfterTestClassCallbacks.evaluate(RunAfterTestClassCallbacks.java:70)
	at org.junit.runners.ParentRunner.run(ParentRunner.java:363)
	at org.springframework.test.context.junit4.SpringJUnit4ClassRunner.run(SpringJUnit4ClassRunner.java:191)
	at org.eclipse.jdt.internal.junit4.runner.JUnit4TestReference.run(JUnit4TestReference.java:86)
	at org.eclipse.jdt.internal.junit.runner.TestExecution.run(TestExecution.java:38)
	at org.eclipse.jdt.internal.junit.runner.RemoteTestRunner.runTests(RemoteTestRunner.java:459)
	at org.eclipse.jdt.internal.junit.runner.RemoteTestRunner.runTests(RemoteTestRunner.java:675)
	at org.eclipse.jdt.internal.junit.runner.RemoteTestRunner.run(RemoteTestRunner.java:382)
	at org.eclipse.jdt.internal.junit.runner.RemoteTestRunner.main(RemoteTestRunner.java:192)
Caused by: java.lang.IllegalArgumentException: Property 'sqlSessionFactory' or 'sqlSessionTemplate' are required
	at org.springframework.util.Assert.notNull(Assert.java:115)
	at org.mybatis.spring.support.SqlSessionDaoSupport.checkDaoConfig(SqlSessionDaoSupport.java:74)
	at org.mybatis.spring.mapper.MapperFactoryBean.checkDaoConfig(MapperFactoryBean.java:73)
	at org.springframework.dao.support.DaoSupport.afterPropertiesSet(DaoSupport.java:44)
	at org.springframework.beans.factory.support.AbstractAutowireCapableBeanFactory.invokeInitMethods(AbstractAutowireCapableBeanFactory.java:1687)
	at org.springframework.beans.factory.support.AbstractAutowireCapableBeanFactory.initializeBean(AbstractAutowireCapableBeanFactory.java:1624)
	... 40 more
16:42:46 [ERROR][main][org.springframework.test.context.TestContextManager]- Caught exception while allowing TestExecutionListener [org.springframework.test.context.web.ServletTestExecutionListener@305fd85d] to prepare test instance [springbootTest.TestSptingboot@64e1dd11]
java.lang.IllegalStateException: Failed to load ApplicationContext
	at org.springframework.test.context.cache.DefaultCacheAwareContextLoaderDelegate.loadContext(DefaultCacheAwareContextLoaderDelegate.java:124)
	at org.springframework.test.context.support.DefaultTestContext.getApplicationContext(DefaultTestContext.java:83)
	at org.springframework.test.context.web.ServletTestExecutionListener.setUpRequestContextIfNecessary(ServletTestExecutionListener.java:189)
	at org.springframework.test.context.web.ServletTestExecutionListener.prepareTestInstance(ServletTestExecutionListener.java:131)
	at org.springframework.test.context.TestContextManager.prepareTestInstance(TestContextManager.java:230)
	at org.springframework.test.context.junit4.SpringJUnit4ClassRunner.createTest(SpringJUnit4ClassRunner.java:228)
	at org.springframework.test.context.junit4.SpringJUnit4ClassRunner$1.runReflectiveCall(SpringJUnit4ClassRunner.java:287)
	at org.junit.internal.runners.model.ReflectiveCallable.run(ReflectiveCallable.java:12)
	at org.springframework.test.context.junit4.SpringJUnit4ClassRunner.methodBlock(SpringJUnit4ClassRunner.java:289)
	at org.springframework.test.context.junit4.SpringJUnit4ClassRunner.runChild(SpringJUnit4ClassRunner.java:247)
	at org.springframework.test.context.junit4.SpringJUnit4ClassRunner.runChild(SpringJUnit4ClassRunner.java:94)
	at org.junit.runners.ParentRunner$3.run(ParentRunner.java:290)
	at org.junit.runners.ParentRunner$1.schedule(ParentRunner.java:71)
	at org.junit.runners.ParentRunner.runChildren(ParentRunner.java:288)
	at org.junit.runners.ParentRunner.access$000(ParentRunner.java:58)
	at org.junit.runners.ParentRunner$2.evaluate(ParentRunner.java:268)
	at org.springframework.test.context.junit4.statements.RunBeforeTestClassCallbacks.evaluate(RunBeforeTestClassCallbacks.java:61)
	at org.springframework.test.context.junit4.statements.RunAfterTestClassCallbacks.evaluate(RunAfterTestClassCallbacks.java:70)
	at org.junit.runners.ParentRunner.run(ParentRunner.java:363)
	at org.springframework.test.context.junit4.SpringJUnit4ClassRunner.run(SpringJUnit4ClassRunner.java:191)
	at org.eclipse.jdt.internal.junit4.runner.JUnit4TestReference.run(JUnit4TestReference.java:86)
	at org.eclipse.jdt.internal.junit.runner.TestExecution.run(TestExecution.java:38)
	at org.eclipse.jdt.internal.junit.runner.RemoteTestRunner.runTests(RemoteTestRunner.java:459)
	at org.eclipse.jdt.internal.junit.runner.RemoteTestRunner.runTests(RemoteTestRunner.java:675)
	at org.eclipse.jdt.internal.junit.runner.RemoteTestRunner.run(RemoteTestRunner.java:382)
	at org.eclipse.jdt.internal.junit.runner.RemoteTestRunner.main(RemoteTestRunner.java:192)
Caused by: org.springframework.beans.factory.BeanCreationException: Error creating bean with name 'empMapper' defined in file [D:\Users\admin\weip\springbootTest\target\classes\com\test\mapper\EmpMapper.class]: Invocation of init method failed; nested exception is java.lang.IllegalArgumentException: Property 'sqlSessionFactory' or 'sqlSessionTemplate' are required
	at org.springframework.beans.factory.support.AbstractAutowireCapableBeanFactory.initializeBean(AbstractAutowireCapableBeanFactory.java:1628)
	at org.springframework.beans.factory.support.AbstractAutowireCapableBeanFactory.doCreateBean(AbstractAutowireCapableBeanFactory.java:555)
	at org.springframework.beans.factory.support.AbstractAutowireCapableBeanFactory.createBean(AbstractAutowireCapableBeanFactory.java:483)
	at org.springframework.beans.factory.support.AbstractBeanFactory$1.getObject(AbstractBeanFactory.java:306)
	at org.springframework.beans.factory.support.DefaultSingletonBeanRegistry.getSingleton(DefaultSingletonBeanRegistry.java:230)
	at org.springframework.beans.factory.support.AbstractBeanFactory.doGetBean(AbstractBeanFactory.java:302)
	at org.springframework.beans.factory.support.AbstractBeanFactory.getBean(AbstractBeanFactory.java:197)
	at org.springframework.beans.factory.support.DefaultListableBeanFactory.preInstantiateSingletons(DefaultListableBeanFactory.java:742)
	at org.springframework.context.support.AbstractApplicationContext.finishBeanFactoryInitialization(AbstractApplicationContext.java:866)
	at org.springframework.context.support.AbstractApplicationContext.refresh(AbstractApplicationContext.java:542)
	at org.springframework.boot.SpringApplication.refresh(SpringApplication.java:737)
	at org.springframework.boot.SpringApplication.refreshContext(SpringApplication.java:370)
	at org.springframework.boot.SpringApplication.run(SpringApplication.java:314)
	at org.springframework.boot.test.context.SpringBootContextLoader.loadContext(SpringBootContextLoader.java:120)
	at org.springframework.test.context.cache.DefaultCacheAwareContextLoaderDelegate.loadContextInternal(DefaultCacheAwareContextLoaderDelegate.java:98)
	at org.springframework.test.context.cache.DefaultCacheAwareContextLoaderDelegate.loadContext(DefaultCacheAwareContextLoaderDelegate.java:116)
	... 25 more
Caused by: java.lang.IllegalArgumentException: Property 'sqlSessionFactory' or 'sqlSessionTemplate' are required
	at org.springframework.util.Assert.notNull(Assert.java:115)
	at org.mybatis.spring.support.SqlSessionDaoSupport.checkDaoConfig(SqlSessionDaoSupport.java:74)
	at org.mybatis.spring.mapper.MapperFactoryBean.checkDaoConfig(MapperFactoryBean.java:73)
	at org.springframework.dao.support.DaoSupport.afterPropertiesSet(DaoSupport.java:44)
	at org.springframework.beans.factory.support.AbstractAutowireCapableBeanFactory.invokeInitMethods(AbstractAutowireCapableBeanFactory.java:1687)
	at org.springframework.beans.factory.support.AbstractAutowireCapableBeanFactory.initializeBean(AbstractAutowireCapableBeanFactory.java:1624)
	... 40 more
16:47:41 [INFO][main][org.springframework.boot.test.context.SpringBootTestContextBootstrapper]- Neither @ContextConfiguration nor @ContextHierarchy found for test class [springbootTest.TestSptingboot], using SpringBootContextLoader
16:47:41 [INFO][main][org.springframework.test.context.support.AbstractContextLoader]- Could not detect default resource locations for test class [springbootTest.TestSptingboot]: no resource found for suffixes {-context.xml, Context.groovy}.
16:47:41 [INFO][main][org.springframework.boot.test.context.SpringBootTestContextBootstrapper]- Loaded default TestExecutionListener class names from location [META-INF/spring.factories]: [org.springframework.boot.test.mock.mockito.MockitoTestExecutionListener, org.springframework.boot.test.mock.mockito.ResetMocksTestExecutionListener, org.springframework.boot.test.autoconfigure.restdocs.RestDocsTestExecutionListener, org.springframework.boot.test.autoconfigure.web.client.MockRestServiceServerResetTestExecutionListener, org.springframework.boot.test.autoconfigure.web.servlet.MockMvcPrintOnlyOnFailureTestExecutionListener, org.springframework.boot.test.autoconfigure.web.servlet.WebDriverTestExecutionListener, org.springframework.test.context.web.ServletTestExecutionListener, org.springframework.test.context.support.DirtiesContextBeforeModesTestExecutionListener, org.springframework.test.context.support.DependencyInjectionTestExecutionListener, org.springframework.test.context.support.DirtiesContextTestExecutionListener, org.springframework.test.context.transaction.TransactionalTestExecutionListener, org.springframework.test.context.jdbc.SqlScriptsTestExecutionListener]
16:47:41 [INFO][main][org.springframework.boot.test.context.SpringBootTestContextBootstrapper]- Using TestExecutionListeners: [org.springframework.test.context.web.ServletTestExecutionListener@4232c52b, org.springframework.test.context.support.DirtiesContextBeforeModesTestExecutionListener@1877ab81, org.springframework.boot.test.autoconfigure.SpringBootDependencyInjectionTestExecutionListener@305fd85d, org.springframework.test.context.support.DirtiesContextTestExecutionListener@458c1321, org.springframework.test.context.transaction.TransactionalTestExecutionListener@11438d26, org.springframework.test.context.jdbc.SqlScriptsTestExecutionListener@34cd072c, org.springframework.boot.test.autoconfigure.restdocs.RestDocsTestExecutionListener@7a1ebcd8, org.springframework.boot.test.mock.mockito.ResetMocksTestExecutionListener@5faeada1, org.springframework.boot.test.autoconfigure.web.servlet.MockMvcPrintOnlyOnFailureTestExecutionListener@528931cf, org.springframework.boot.test.autoconfigure.web.servlet.WebDriverTestExecutionListener@ea1a8d5, org.springframework.boot.test.autoconfigure.web.client.MockRestServiceServerResetTestExecutionListener@1563da5, org.springframework.boot.test.mock.mockito.MockitoTestExecutionListener@2bbf4b8b]
16:47:42 [INFO][main][springbootTest.TestSptingboot]- Starting TestSptingboot on DESKTOP-4EJ981U with PID 9812 (started by weipan in D:\Users\admin\weip\springbootTest)
16:47:42 [INFO][main][springbootTest.TestSptingboot]- The following profiles are active: test
16:47:42 [INFO][main][org.springframework.web.context.support.GenericWebApplicationContext]- Refreshing org.springframework.web.context.support.GenericWebApplicationContext@2fd1433e: startup date [Mon Apr 23 16:47:42 CST 2018]; root of context hierarchy
16:47:43 [INFO][background-preinit][org.hibernate.validator.internal.util.Version]- HV000001: Hibernate Validator 5.3.4.Final
16:47:43 [INFO][main][org.springframework.context.support.PostProcessorRegistrationDelegate$BeanPostProcessorChecker]- Bean 'org.springframework.boot.autoconfigure.validation.ValidationAutoConfiguration' of type [class org.springframework.boot.autoconfigure.validation.ValidationAutoConfiguration] is not eligible for getting processed by all BeanPostProcessors (for example: not eligible for auto-proxying)
16:47:43 [INFO][main][org.springframework.context.support.PostProcessorRegistrationDelegate$BeanPostProcessorChecker]- Bean 'validator' of type [class org.springframework.validation.beanvalidation.LocalValidatorFactoryBean] is not eligible for getting processed by all BeanPostProcessors (for example: not eligible for auto-proxying)
16:47:44 [INFO][main][org.springframework.context.support.PostProcessorRegistrationDelegate$BeanPostProcessorChecker]- Bean 'org.springframework.transaction.annotation.ProxyTransactionManagementConfiguration' of type [class org.springframework.transaction.annotation.ProxyTransactionManagementConfiguration$$EnhancerBySpringCGLIB$$ecf1a476] is not eligible for getting processed by all BeanPostProcessors (for example: not eligible for auto-proxying)
16:47:44 [ERROR][main][org.mybatis.spring.mapper.MapperFactoryBean]- Error while adding the mapper 'interface com.test.mapper.EmpMapper' to configuration.
org.apache.ibatis.builder.BuilderException: Error parsing Mapper XML. Cause: org.apache.ibatis.builder.BuilderException: Wrong namespace. Expected 'com.test.mapper.EmpMapper' but found 'com.test.test1mapper.EmpMapper'.
	at org.apache.ibatis.builder.xml.XMLMapperBuilder.configurationElement(XMLMapperBuilder.java:120)
	at org.apache.ibatis.builder.xml.XMLMapperBuilder.parse(XMLMapperBuilder.java:92)
	at org.apache.ibatis.builder.annotation.MapperAnnotationBuilder.loadXmlResource(MapperAnnotationBuilder.java:173)
	at org.apache.ibatis.builder.annotation.MapperAnnotationBuilder.parse(MapperAnnotationBuilder.java:124)
	at org.apache.ibatis.binding.MapperRegistry.addMapper(MapperRegistry.java:72)
	at org.apache.ibatis.session.Configuration.addMapper(Configuration.java:728)
	at org.mybatis.spring.mapper.MapperFactoryBean.checkDaoConfig(MapperFactoryBean.java:80)
	at org.springframework.dao.support.DaoSupport.afterPropertiesSet(DaoSupport.java:44)
	at org.springframework.beans.factory.support.AbstractAutowireCapableBeanFactory.invokeInitMethods(AbstractAutowireCapableBeanFactory.java:1687)
	at org.springframework.beans.factory.support.AbstractAutowireCapableBeanFactory.initializeBean(AbstractAutowireCapableBeanFactory.java:1624)
	at org.springframework.beans.factory.support.AbstractAutowireCapableBeanFactory.doCreateBean(AbstractAutowireCapableBeanFactory.java:555)
	at org.springframework.beans.factory.support.AbstractAutowireCapableBeanFactory.createBean(AbstractAutowireCapableBeanFactory.java:483)
	at org.springframework.beans.factory.support.AbstractBeanFactory$1.getObject(AbstractBeanFactory.java:306)
	at org.springframework.beans.factory.support.DefaultSingletonBeanRegistry.getSingleton(DefaultSingletonBeanRegistry.java:230)
	at org.springframework.beans.factory.support.AbstractBeanFactory.doGetBean(AbstractBeanFactory.java:302)
	at org.springframework.beans.factory.support.AbstractBeanFactory.getBean(AbstractBeanFactory.java:197)
	at org.springframework.beans.factory.support.DefaultListableBeanFactory.preInstantiateSingletons(DefaultListableBeanFactory.java:742)
	at org.springframework.context.support.AbstractApplicationContext.finishBeanFactoryInitialization(AbstractApplicationContext.java:866)
	at org.springframework.context.support.AbstractApplicationContext.refresh(AbstractApplicationContext.java:542)
	at org.springframework.boot.SpringApplication.refresh(SpringApplication.java:737)
	at org.springframework.boot.SpringApplication.refreshContext(SpringApplication.java:370)
	at org.springframework.boot.SpringApplication.run(SpringApplication.java:314)
	at org.springframework.boot.test.context.SpringBootContextLoader.loadContext(SpringBootContextLoader.java:120)
	at org.springframework.test.context.cache.DefaultCacheAwareContextLoaderDelegate.loadContextInternal(DefaultCacheAwareContextLoaderDelegate.java:98)
	at org.springframework.test.context.cache.DefaultCacheAwareContextLoaderDelegate.loadContext(DefaultCacheAwareContextLoaderDelegate.java:116)
	at org.springframework.test.context.support.DefaultTestContext.getApplicationContext(DefaultTestContext.java:83)
	at org.springframework.test.context.web.ServletTestExecutionListener.setUpRequestContextIfNecessary(ServletTestExecutionListener.java:189)
	at org.springframework.test.context.web.ServletTestExecutionListener.prepareTestInstance(ServletTestExecutionListener.java:131)
	at org.springframework.test.context.TestContextManager.prepareTestInstance(TestContextManager.java:230)
	at org.springframework.test.context.junit4.SpringJUnit4ClassRunner.createTest(SpringJUnit4ClassRunner.java:228)
	at org.springframework.test.context.junit4.SpringJUnit4ClassRunner$1.runReflectiveCall(SpringJUnit4ClassRunner.java:287)
	at org.junit.internal.runners.model.ReflectiveCallable.run(ReflectiveCallable.java:12)
	at org.springframework.test.context.junit4.SpringJUnit4ClassRunner.methodBlock(SpringJUnit4ClassRunner.java:289)
	at org.springframework.test.context.junit4.SpringJUnit4ClassRunner.runChild(SpringJUnit4ClassRunner.java:247)
	at org.springframework.test.context.junit4.SpringJUnit4ClassRunner.runChild(SpringJUnit4ClassRunner.java:94)
	at org.junit.runners.ParentRunner$3.run(ParentRunner.java:290)
	at org.junit.runners.ParentRunner$1.schedule(ParentRunner.java:71)
	at org.junit.runners.ParentRunner.runChildren(ParentRunner.java:288)
	at org.junit.runners.ParentRunner.access$000(ParentRunner.java:58)
	at org.junit.runners.ParentRunner$2.evaluate(ParentRunner.java:268)
	at org.springframework.test.context.junit4.statements.RunBeforeTestClassCallbacks.evaluate(RunBeforeTestClassCallbacks.java:61)
	at org.springframework.test.context.junit4.statements.RunAfterTestClassCallbacks.evaluate(RunAfterTestClassCallbacks.java:70)
	at org.junit.runners.ParentRunner.run(ParentRunner.java:363)
	at org.springframework.test.context.junit4.SpringJUnit4ClassRunner.run(SpringJUnit4ClassRunner.java:191)
	at org.eclipse.jdt.internal.junit4.runner.JUnit4TestReference.run(JUnit4TestReference.java:86)
	at org.eclipse.jdt.internal.junit.runner.TestExecution.run(TestExecution.java:38)
	at org.eclipse.jdt.internal.junit.runner.RemoteTestRunner.runTests(RemoteTestRunner.java:459)
	at org.eclipse.jdt.internal.junit.runner.RemoteTestRunner.runTests(RemoteTestRunner.java:675)
	at org.eclipse.jdt.internal.junit.runner.RemoteTestRunner.run(RemoteTestRunner.java:382)
	at org.eclipse.jdt.internal.junit.runner.RemoteTestRunner.main(RemoteTestRunner.java:192)
Caused by: org.apache.ibatis.builder.BuilderException: Wrong namespace. Expected 'com.test.mapper.EmpMapper' but found 'com.test.test1mapper.EmpMapper'.
	at org.apache.ibatis.builder.MapperBuilderAssistant.setCurrentNamespace(MapperBuilderAssistant.java:78)
	at org.apache.ibatis.builder.xml.XMLMapperBuilder.configurationElement(XMLMapperBuilder.java:112)
	... 49 more
16:47:44 [WARN][main][org.springframework.web.context.support.GenericWebApplicationContext]- Exception encountered during context initialization - cancelling refresh attempt: org.springframework.beans.factory.BeanCreationException: Error creating bean with name 'empMapper' defined in file [D:\Users\admin\weip\springbootTest\target\classes\com\test\mapper\EmpMapper.class]: Invocation of init method failed; nested exception is java.lang.IllegalArgumentException: org.apache.ibatis.builder.BuilderException: Error parsing Mapper XML. Cause: org.apache.ibatis.builder.BuilderException: Wrong namespace. Expected 'com.test.mapper.EmpMapper' but found 'com.test.test1mapper.EmpMapper'.
16:47:44 [INFO][main][org.springframework.boot.autoconfigure.logging.AutoConfigurationReportLoggingInitializer]- 

Error starting ApplicationContext. To display the auto-configuration report re-run your application with 'debug' enabled.
16:47:44 [ERROR][main][org.springframework.boot.SpringApplication]- Application startup failed
org.springframework.beans.factory.BeanCreationException: Error creating bean with name 'empMapper' defined in file [D:\Users\admin\weip\springbootTest\target\classes\com\test\mapper\EmpMapper.class]: Invocation of init method failed; nested exception is java.lang.IllegalArgumentException: org.apache.ibatis.builder.BuilderException: Error parsing Mapper XML. Cause: org.apache.ibatis.builder.BuilderException: Wrong namespace. Expected 'com.test.mapper.EmpMapper' but found 'com.test.test1mapper.EmpMapper'.
	at org.springframework.beans.factory.support.AbstractAutowireCapableBeanFactory.initializeBean(AbstractAutowireCapableBeanFactory.java:1628)
	at org.springframework.beans.factory.support.AbstractAutowireCapableBeanFactory.doCreateBean(AbstractAutowireCapableBeanFactory.java:555)
	at org.springframework.beans.factory.support.AbstractAutowireCapableBeanFactory.createBean(AbstractAutowireCapableBeanFactory.java:483)
	at org.springframework.beans.factory.support.AbstractBeanFactory$1.getObject(AbstractBeanFactory.java:306)
	at org.springframework.beans.factory.support.DefaultSingletonBeanRegistry.getSingleton(DefaultSingletonBeanRegistry.java:230)
	at org.springframework.beans.factory.support.AbstractBeanFactory.doGetBean(AbstractBeanFactory.java:302)
	at org.springframework.beans.factory.support.AbstractBeanFactory.getBean(AbstractBeanFactory.java:197)
	at org.springframework.beans.factory.support.DefaultListableBeanFactory.preInstantiateSingletons(DefaultListableBeanFactory.java:742)
	at org.springframework.context.support.AbstractApplicationContext.finishBeanFactoryInitialization(AbstractApplicationContext.java:866)
	at org.springframework.context.support.AbstractApplicationContext.refresh(AbstractApplicationContext.java:542)
	at org.springframework.boot.SpringApplication.refresh(SpringApplication.java:737)
	at org.springframework.boot.SpringApplication.refreshContext(SpringApplication.java:370)
	at org.springframework.boot.SpringApplication.run(SpringApplication.java:314)
	at org.springframework.boot.test.context.SpringBootContextLoader.loadContext(SpringBootContextLoader.java:120)
	at org.springframework.test.context.cache.DefaultCacheAwareContextLoaderDelegate.loadContextInternal(DefaultCacheAwareContextLoaderDelegate.java:98)
	at org.springframework.test.context.cache.DefaultCacheAwareContextLoaderDelegate.loadContext(DefaultCacheAwareContextLoaderDelegate.java:116)
	at org.springframework.test.context.support.DefaultTestContext.getApplicationContext(DefaultTestContext.java:83)
	at org.springframework.test.context.web.ServletTestExecutionListener.setUpRequestContextIfNecessary(ServletTestExecutionListener.java:189)
	at org.springframework.test.context.web.ServletTestExecutionListener.prepareTestInstance(ServletTestExecutionListener.java:131)
	at org.springframework.test.context.TestContextManager.prepareTestInstance(TestContextManager.java:230)
	at org.springframework.test.context.junit4.SpringJUnit4ClassRunner.createTest(SpringJUnit4ClassRunner.java:228)
	at org.springframework.test.context.junit4.SpringJUnit4ClassRunner$1.runReflectiveCall(SpringJUnit4ClassRunner.java:287)
	at org.junit.internal.runners.model.ReflectiveCallable.run(ReflectiveCallable.java:12)
	at org.springframework.test.context.junit4.SpringJUnit4ClassRunner.methodBlock(SpringJUnit4ClassRunner.java:289)
	at org.springframework.test.context.junit4.SpringJUnit4ClassRunner.runChild(SpringJUnit4ClassRunner.java:247)
	at org.springframework.test.context.junit4.SpringJUnit4ClassRunner.runChild(SpringJUnit4ClassRunner.java:94)
	at org.junit.runners.ParentRunner$3.run(ParentRunner.java:290)
	at org.junit.runners.ParentRunner$1.schedule(ParentRunner.java:71)
	at org.junit.runners.ParentRunner.runChildren(ParentRunner.java:288)
	at org.junit.runners.ParentRunner.access$000(ParentRunner.java:58)
	at org.junit.runners.ParentRunner$2.evaluate(ParentRunner.java:268)
	at org.springframework.test.context.junit4.statements.RunBeforeTestClassCallbacks.evaluate(RunBeforeTestClassCallbacks.java:61)
	at org.springframework.test.context.junit4.statements.RunAfterTestClassCallbacks.evaluate(RunAfterTestClassCallbacks.java:70)
	at org.junit.runners.ParentRunner.run(ParentRunner.java:363)
	at org.springframework.test.context.junit4.SpringJUnit4ClassRunner.run(SpringJUnit4ClassRunner.java:191)
	at org.eclipse.jdt.internal.junit4.runner.JUnit4TestReference.run(JUnit4TestReference.java:86)
	at org.eclipse.jdt.internal.junit.runner.TestExecution.run(TestExecution.java:38)
	at org.eclipse.jdt.internal.junit.runner.RemoteTestRunner.runTests(RemoteTestRunner.java:459)
	at org.eclipse.jdt.internal.junit.runner.RemoteTestRunner.runTests(RemoteTestRunner.java:675)
	at org.eclipse.jdt.internal.junit.runner.RemoteTestRunner.run(RemoteTestRunner.java:382)
	at org.eclipse.jdt.internal.junit.runner.RemoteTestRunner.main(RemoteTestRunner.java:192)
Caused by: java.lang.IllegalArgumentException: org.apache.ibatis.builder.BuilderException: Error parsing Mapper XML. Cause: org.apache.ibatis.builder.BuilderException: Wrong namespace. Expected 'com.test.mapper.EmpMapper' but found 'com.test.test1mapper.EmpMapper'.
	at org.mybatis.spring.mapper.MapperFactoryBean.checkDaoConfig(MapperFactoryBean.java:83)
	at org.springframework.dao.support.DaoSupport.afterPropertiesSet(DaoSupport.java:44)
	at org.springframework.beans.factory.support.AbstractAutowireCapableBeanFactory.invokeInitMethods(AbstractAutowireCapableBeanFactory.java:1687)
	at org.springframework.beans.factory.support.AbstractAutowireCapableBeanFactory.initializeBean(AbstractAutowireCapableBeanFactory.java:1624)
	... 40 more
Caused by: org.apache.ibatis.builder.BuilderException: Error parsing Mapper XML. Cause: org.apache.ibatis.builder.BuilderException: Wrong namespace. Expected 'com.test.mapper.EmpMapper' but found 'com.test.test1mapper.EmpMapper'.
	at org.apache.ibatis.builder.xml.XMLMapperBuilder.configurationElement(XMLMapperBuilder.java:120)
	at org.apache.ibatis.builder.xml.XMLMapperBuilder.parse(XMLMapperBuilder.java:92)
	at org.apache.ibatis.builder.annotation.MapperAnnotationBuilder.loadXmlResource(MapperAnnotationBuilder.java:173)
	at org.apache.ibatis.builder.annotation.MapperAnnotationBuilder.parse(MapperAnnotationBuilder.java:124)
	at org.apache.ibatis.binding.MapperRegistry.addMapper(MapperRegistry.java:72)
	at org.apache.ibatis.session.Configuration.addMapper(Configuration.java:728)
	at org.mybatis.spring.mapper.MapperFactoryBean.checkDaoConfig(MapperFactoryBean.java:80)
	... 43 more
Caused by: org.apache.ibatis.builder.BuilderException: Wrong namespace. Expected 'com.test.mapper.EmpMapper' but found 'com.test.test1mapper.EmpMapper'.
	at org.apache.ibatis.builder.MapperBuilderAssistant.setCurrentNamespace(MapperBuilderAssistant.java:78)
	at org.apache.ibatis.builder.xml.XMLMapperBuilder.configurationElement(XMLMapperBuilder.java:112)
	... 49 more
16:47:44 [ERROR][main][org.springframework.test.context.TestContextManager]- Caught exception while allowing TestExecutionListener [org.springframework.test.context.web.ServletTestExecutionListener@4232c52b] to prepare test instance [springbootTest.TestSptingboot@76d05cc9]
java.lang.IllegalStateException: Failed to load ApplicationContext
	at org.springframework.test.context.cache.DefaultCacheAwareContextLoaderDelegate.loadContext(DefaultCacheAwareContextLoaderDelegate.java:124)
	at org.springframework.test.context.support.DefaultTestContext.getApplicationContext(DefaultTestContext.java:83)
	at org.springframework.test.context.web.ServletTestExecutionListener.setUpRequestContextIfNecessary(ServletTestExecutionListener.java:189)
	at org.springframework.test.context.web.ServletTestExecutionListener.prepareTestInstance(ServletTestExecutionListener.java:131)
	at org.springframework.test.context.TestContextManager.prepareTestInstance(TestContextManager.java:230)
	at org.springframework.test.context.junit4.SpringJUnit4ClassRunner.createTest(SpringJUnit4ClassRunner.java:228)
	at org.springframework.test.context.junit4.SpringJUnit4ClassRunner$1.runReflectiveCall(SpringJUnit4ClassRunner.java:287)
	at org.junit.internal.runners.model.ReflectiveCallable.run(ReflectiveCallable.java:12)
	at org.springframework.test.context.junit4.SpringJUnit4ClassRunner.methodBlock(SpringJUnit4ClassRunner.java:289)
	at org.springframework.test.context.junit4.SpringJUnit4ClassRunner.runChild(SpringJUnit4ClassRunner.java:247)
	at org.springframework.test.context.junit4.SpringJUnit4ClassRunner.runChild(SpringJUnit4ClassRunner.java:94)
	at org.junit.runners.ParentRunner$3.run(ParentRunner.java:290)
	at org.junit.runners.ParentRunner$1.schedule(ParentRunner.java:71)
	at org.junit.runners.ParentRunner.runChildren(ParentRunner.java:288)
	at org.junit.runners.ParentRunner.access$000(ParentRunner.java:58)
	at org.junit.runners.ParentRunner$2.evaluate(ParentRunner.java:268)
	at org.springframework.test.context.junit4.statements.RunBeforeTestClassCallbacks.evaluate(RunBeforeTestClassCallbacks.java:61)
	at org.springframework.test.context.junit4.statements.RunAfterTestClassCallbacks.evaluate(RunAfterTestClassCallbacks.java:70)
	at org.junit.runners.ParentRunner.run(ParentRunner.java:363)
	at org.springframework.test.context.junit4.SpringJUnit4ClassRunner.run(SpringJUnit4ClassRunner.java:191)
	at org.eclipse.jdt.internal.junit4.runner.JUnit4TestReference.run(JUnit4TestReference.java:86)
	at org.eclipse.jdt.internal.junit.runner.TestExecution.run(TestExecution.java:38)
	at org.eclipse.jdt.internal.junit.runner.RemoteTestRunner.runTests(RemoteTestRunner.java:459)
	at org.eclipse.jdt.internal.junit.runner.RemoteTestRunner.runTests(RemoteTestRunner.java:675)
	at org.eclipse.jdt.internal.junit.runner.RemoteTestRunner.run(RemoteTestRunner.java:382)
	at org.eclipse.jdt.internal.junit.runner.RemoteTestRunner.main(RemoteTestRunner.java:192)
Caused by: org.springframework.beans.factory.BeanCreationException: Error creating bean with name 'empMapper' defined in file [D:\Users\admin\weip\springbootTest\target\classes\com\test\mapper\EmpMapper.class]: Invocation of init method failed; nested exception is java.lang.IllegalArgumentException: org.apache.ibatis.builder.BuilderException: Error parsing Mapper XML. Cause: org.apache.ibatis.builder.BuilderException: Wrong namespace. Expected 'com.test.mapper.EmpMapper' but found 'com.test.test1mapper.EmpMapper'.
	at org.springframework.beans.factory.support.AbstractAutowireCapableBeanFactory.initializeBean(AbstractAutowireCapableBeanFactory.java:1628)
	at org.springframework.beans.factory.support.AbstractAutowireCapableBeanFactory.doCreateBean(AbstractAutowireCapableBeanFactory.java:555)
	at org.springframework.beans.factory.support.AbstractAutowireCapableBeanFactory.createBean(AbstractAutowireCapableBeanFactory.java:483)
	at org.springframework.beans.factory.support.AbstractBeanFactory$1.getObject(AbstractBeanFactory.java:306)
	at org.springframework.beans.factory.support.DefaultSingletonBeanRegistry.getSingleton(DefaultSingletonBeanRegistry.java:230)
	at org.springframework.beans.factory.support.AbstractBeanFactory.doGetBean(AbstractBeanFactory.java:302)
	at org.springframework.beans.factory.support.AbstractBeanFactory.getBean(AbstractBeanFactory.java:197)
	at org.springframework.beans.factory.support.DefaultListableBeanFactory.preInstantiateSingletons(DefaultListableBeanFactory.java:742)
	at org.springframework.context.support.AbstractApplicationContext.finishBeanFactoryInitialization(AbstractApplicationContext.java:866)
	at org.springframework.context.support.AbstractApplicationContext.refresh(AbstractApplicationContext.java:542)
	at org.springframework.boot.SpringApplication.refresh(SpringApplication.java:737)
	at org.springframework.boot.SpringApplication.refreshContext(SpringApplication.java:370)
	at org.springframework.boot.SpringApplication.run(SpringApplication.java:314)
	at org.springframework.boot.test.context.SpringBootContextLoader.loadContext(SpringBootContextLoader.java:120)
	at org.springframework.test.context.cache.DefaultCacheAwareContextLoaderDelegate.loadContextInternal(DefaultCacheAwareContextLoaderDelegate.java:98)
	at org.springframework.test.context.cache.DefaultCacheAwareContextLoaderDelegate.loadContext(DefaultCacheAwareContextLoaderDelegate.java:116)
	... 25 more
Caused by: java.lang.IllegalArgumentException: org.apache.ibatis.builder.BuilderException: Error parsing Mapper XML. Cause: org.apache.ibatis.builder.BuilderException: Wrong namespace. Expected 'com.test.mapper.EmpMapper' but found 'com.test.test1mapper.EmpMapper'.
	at org.mybatis.spring.mapper.MapperFactoryBean.checkDaoConfig(MapperFactoryBean.java:83)
	at org.springframework.dao.support.DaoSupport.afterPropertiesSet(DaoSupport.java:44)
	at org.springframework.beans.factory.support.AbstractAutowireCapableBeanFactory.invokeInitMethods(AbstractAutowireCapableBeanFactory.java:1687)
	at org.springframework.beans.factory.support.AbstractAutowireCapableBeanFactory.initializeBean(AbstractAutowireCapableBeanFactory.java:1624)
	... 40 more
Caused by: org.apache.ibatis.builder.BuilderException: Error parsing Mapper XML. Cause: org.apache.ibatis.builder.BuilderException: Wrong namespace. Expected 'com.test.mapper.EmpMapper' but found 'com.test.test1mapper.EmpMapper'.
	at org.apache.ibatis.builder.xml.XMLMapperBuilder.configurationElement(XMLMapperBuilder.java:120)
	at org.apache.ibatis.builder.xml.XMLMapperBuilder.parse(XMLMapperBuilder.java:92)
	at org.apache.ibatis.builder.annotation.MapperAnnotationBuilder.loadXmlResource(MapperAnnotationBuilder.java:173)
	at org.apache.ibatis.builder.annotation.MapperAnnotationBuilder.parse(MapperAnnotationBuilder.java:124)
	at org.apache.ibatis.binding.MapperRegistry.addMapper(MapperRegistry.java:72)
	at org.apache.ibatis.session.Configuration.addMapper(Configuration.java:728)
	at org.mybatis.spring.mapper.MapperFactoryBean.checkDaoConfig(MapperFactoryBean.java:80)
	... 43 more
Caused by: org.apache.ibatis.builder.BuilderException: Wrong namespace. Expected 'com.test.mapper.EmpMapper' but found 'com.test.test1mapper.EmpMapper'.
	at org.apache.ibatis.builder.MapperBuilderAssistant.setCurrentNamespace(MapperBuilderAssistant.java:78)
	at org.apache.ibatis.builder.xml.XMLMapperBuilder.configurationElement(XMLMapperBuilder.java:112)
	... 49 more
16:48:51 [INFO][main][org.springframework.boot.test.context.SpringBootTestContextBootstrapper]- Neither @ContextConfiguration nor @ContextHierarchy found for test class [springbootTest.TestSptingboot], using SpringBootContextLoader
16:48:51 [INFO][main][org.springframework.test.context.support.AbstractContextLoader]- Could not detect default resource locations for test class [springbootTest.TestSptingboot]: no resource found for suffixes {-context.xml, Context.groovy}.
16:48:52 [INFO][main][org.springframework.boot.test.context.SpringBootTestContextBootstrapper]- Loaded default TestExecutionListener class names from location [META-INF/spring.factories]: [org.springframework.boot.test.mock.mockito.MockitoTestExecutionListener, org.springframework.boot.test.mock.mockito.ResetMocksTestExecutionListener, org.springframework.boot.test.autoconfigure.restdocs.RestDocsTestExecutionListener, org.springframework.boot.test.autoconfigure.web.client.MockRestServiceServerResetTestExecutionListener, org.springframework.boot.test.autoconfigure.web.servlet.MockMvcPrintOnlyOnFailureTestExecutionListener, org.springframework.boot.test.autoconfigure.web.servlet.WebDriverTestExecutionListener, org.springframework.test.context.web.ServletTestExecutionListener, org.springframework.test.context.support.DirtiesContextBeforeModesTestExecutionListener, org.springframework.test.context.support.DependencyInjectionTestExecutionListener, org.springframework.test.context.support.DirtiesContextTestExecutionListener, org.springframework.test.context.transaction.TransactionalTestExecutionListener, org.springframework.test.context.jdbc.SqlScriptsTestExecutionListener]
16:48:52 [INFO][main][org.springframework.boot.test.context.SpringBootTestContextBootstrapper]- Using TestExecutionListeners: [org.springframework.test.context.web.ServletTestExecutionListener@4232c52b, org.springframework.test.context.support.DirtiesContextBeforeModesTestExecutionListener@1877ab81, org.springframework.boot.test.autoconfigure.SpringBootDependencyInjectionTestExecutionListener@305fd85d, org.springframework.test.context.support.DirtiesContextTestExecutionListener@458c1321, org.springframework.test.context.transaction.TransactionalTestExecutionListener@11438d26, org.springframework.test.context.jdbc.SqlScriptsTestExecutionListener@34cd072c, org.springframework.boot.test.autoconfigure.restdocs.RestDocsTestExecutionListener@7a1ebcd8, org.springframework.boot.test.mock.mockito.ResetMocksTestExecutionListener@5faeada1, org.springframework.boot.test.autoconfigure.web.servlet.MockMvcPrintOnlyOnFailureTestExecutionListener@528931cf, org.springframework.boot.test.autoconfigure.web.servlet.WebDriverTestExecutionListener@ea1a8d5, org.springframework.boot.test.autoconfigure.web.client.MockRestServiceServerResetTestExecutionListener@1563da5, org.springframework.boot.test.mock.mockito.MockitoTestExecutionListener@2bbf4b8b]
16:48:52 [INFO][main][springbootTest.TestSptingboot]- Starting TestSptingboot on DESKTOP-4EJ981U with PID 8216 (started by weipan in D:\Users\admin\weip\springbootTest)
16:48:52 [INFO][main][springbootTest.TestSptingboot]- The following profiles are active: test
16:48:52 [INFO][main][org.springframework.web.context.support.GenericWebApplicationContext]- Refreshing org.springframework.web.context.support.GenericWebApplicationContext@2fd1433e: startup date [Mon Apr 23 16:48:52 CST 2018]; root of context hierarchy
16:48:53 [INFO][background-preinit][org.hibernate.validator.internal.util.Version]- HV000001: Hibernate Validator 5.3.4.Final
16:48:54 [INFO][main][org.springframework.context.support.PostProcessorRegistrationDelegate$BeanPostProcessorChecker]- Bean 'org.springframework.boot.autoconfigure.validation.ValidationAutoConfiguration' of type [class org.springframework.boot.autoconfigure.validation.ValidationAutoConfiguration] is not eligible for getting processed by all BeanPostProcessors (for example: not eligible for auto-proxying)
16:48:54 [INFO][main][org.springframework.context.support.PostProcessorRegistrationDelegate$BeanPostProcessorChecker]- Bean 'validator' of type [class org.springframework.validation.beanvalidation.LocalValidatorFactoryBean] is not eligible for getting processed by all BeanPostProcessors (for example: not eligible for auto-proxying)
16:48:54 [INFO][main][org.springframework.context.support.PostProcessorRegistrationDelegate$BeanPostProcessorChecker]- Bean 'org.springframework.transaction.annotation.ProxyTransactionManagementConfiguration' of type [class org.springframework.transaction.annotation.ProxyTransactionManagementConfiguration$$EnhancerBySpringCGLIB$$3a19c841] is not eligible for getting processed by all BeanPostProcessors (for example: not eligible for auto-proxying)
16:48:56 [INFO][main][org.springframework.web.servlet.mvc.method.annotation.RequestMappingHandlerAdapter]- Looking for @ControllerAdvice: org.springframework.web.context.support.GenericWebApplicationContext@2fd1433e: startup date [Mon Apr 23 16:48:52 CST 2018]; root of context hierarchy
16:48:56 [INFO][main][org.springframework.web.servlet.mvc.method.annotation.RequestMappingHandlerMapping]- Mapped "{[/error]}" onto public org.springframework.http.ResponseEntity<java.util.Map<java.lang.String, java.lang.Object>> org.springframework.boot.autoconfigure.web.BasicErrorController.error(javax.servlet.http.HttpServletRequest)
16:48:56 [INFO][main][org.springframework.web.servlet.mvc.method.annotation.RequestMappingHandlerMapping]- Mapped "{[/error],produces=[text/html]}" onto public org.springframework.web.servlet.ModelAndView org.springframework.boot.autoconfigure.web.BasicErrorController.errorHtml(javax.servlet.http.HttpServletRequest,javax.servlet.http.HttpServletResponse)
16:48:56 [INFO][main][org.springframework.web.servlet.handler.SimpleUrlHandlerMapping]- Mapped URL path [/webjars/**] onto handler of type [class org.springframework.web.servlet.resource.ResourceHttpRequestHandler]
16:48:56 [INFO][main][org.springframework.web.servlet.handler.SimpleUrlHandlerMapping]- Mapped URL path [/**] onto handler of type [class org.springframework.web.servlet.resource.ResourceHttpRequestHandler]
16:48:56 [INFO][main][org.springframework.web.servlet.mvc.method.annotation.ExceptionHandlerExceptionResolver]- Detected @ExceptionHandler methods in globalExceptionHandler
16:48:56 [INFO][main][org.springframework.web.servlet.handler.SimpleUrlHandlerMapping]- Mapped URL path [/**/favicon.ico] onto handler of type [class org.springframework.web.servlet.resource.ResourceHttpRequestHandler]
16:48:57 [INFO][main][org.springframework.boot.autoconfigure.web.WebMvcAutoConfiguration$WelcomePageHandlerMapping]- Adding welcome page: ServletContext resource [/index.html]
16:48:57 [INFO][main][springbootTest.TestSptingboot]- Started TestSptingboot in 5.155 seconds (JVM running for 5.962)
16:48:57 [INFO][main][com.alibaba.druid.pool.DruidDataSource]- {dataSource-1} inited
16:48:58 [INFO][Thread-3][org.springframework.web.context.support.GenericWebApplicationContext]- Closing org.springframework.web.context.support.GenericWebApplicationContext@2fd1433e: startup date [Mon Apr 23 16:48:52 CST 2018]; root of context hierarchy
16:48:58 [INFO][Thread-3][com.alibaba.druid.pool.DruidDataSource]- {dataSource-1} closed
17:13:55 [INFO][main][org.springframework.boot.test.context.SpringBootTestContextBootstrapper]- Neither @ContextConfiguration nor @ContextHierarchy found for test class [springbootTest.TestSptingboot], using SpringBootContextLoader
17:13:55 [INFO][main][org.springframework.test.context.support.AbstractContextLoader]- Could not detect default resource locations for test class [springbootTest.TestSptingboot]: no resource found for suffixes {-context.xml, Context.groovy}.
17:13:55 [INFO][main][org.springframework.boot.test.context.SpringBootTestContextBootstrapper]- Loaded default TestExecutionListener class names from location [META-INF/spring.factories]: [org.springframework.boot.test.mock.mockito.MockitoTestExecutionListener, org.springframework.boot.test.mock.mockito.ResetMocksTestExecutionListener, org.springframework.boot.test.autoconfigure.restdocs.RestDocsTestExecutionListener, org.springframework.boot.test.autoconfigure.web.client.MockRestServiceServerResetTestExecutionListener, org.springframework.boot.test.autoconfigure.web.servlet.MockMvcPrintOnlyOnFailureTestExecutionListener, org.springframework.boot.test.autoconfigure.web.servlet.WebDriverTestExecutionListener, org.springframework.test.context.web.ServletTestExecutionListener, org.springframework.test.context.support.DirtiesContextBeforeModesTestExecutionListener, org.springframework.test.context.support.DependencyInjectionTestExecutionListener, org.springframework.test.context.support.DirtiesContextTestExecutionListener, org.springframework.test.context.transaction.TransactionalTestExecutionListener, org.springframework.test.context.jdbc.SqlScriptsTestExecutionListener]
17:13:55 [INFO][main][org.springframework.boot.test.context.SpringBootTestContextBootstrapper]- Using TestExecutionListeners: [org.springframework.test.context.web.ServletTestExecutionListener@305fd85d, org.springframework.test.context.support.DirtiesContextBeforeModesTestExecutionListener@458c1321, org.springframework.boot.test.autoconfigure.SpringBootDependencyInjectionTestExecutionListener@11438d26, org.springframework.test.context.support.DirtiesContextTestExecutionListener@34cd072c, org.springframework.test.context.transaction.TransactionalTestExecutionListener@7a1ebcd8, org.springframework.test.context.jdbc.SqlScriptsTestExecutionListener@5faeada1, org.springframework.boot.test.autoconfigure.web.servlet.WebDriverTestExecutionListener@528931cf, org.springframework.boot.test.mock.mockito.ResetMocksTestExecutionListener@ea1a8d5, org.springframework.boot.test.mock.mockito.MockitoTestExecutionListener@1563da5, org.springframework.boot.test.autoconfigure.web.client.MockRestServiceServerResetTestExecutionListener@2bbf4b8b, org.springframework.boot.test.autoconfigure.web.servlet.MockMvcPrintOnlyOnFailureTestExecutionListener@30a3107a, org.springframework.boot.test.autoconfigure.restdocs.RestDocsTestExecutionListener@33c7e1bb]
17:13:56 [INFO][main][springbootTest.TestSptingboot]- Starting TestSptingboot on DESKTOP-4EJ981U with PID 2804 (started by weipan in D:\Users\admin\weip\springbootTest)
17:13:56 [INFO][main][springbootTest.TestSptingboot]- The following profiles are active: test
17:13:56 [INFO][main][org.springframework.web.context.support.GenericWebApplicationContext]- Refreshing org.springframework.web.context.support.GenericWebApplicationContext@3514a4c0: startup date [Mon Apr 23 17:13:56 CST 2018]; root of context hierarchy
17:13:57 [INFO][background-preinit][org.hibernate.validator.internal.util.Version]- HV000001: Hibernate Validator 5.3.4.Final
17:13:57 [INFO][main][org.springframework.beans.factory.support.DefaultListableBeanFactory]- Overriding bean definition for bean 'sqlSessionTemplate1' with a different definition: replacing [Root bean: class [null]; scope=; abstract=false; lazyInit=false; autowireMode=3; dependencyCheck=0; autowireCandidate=true; primary=false; factoryBeanName=mybatisDb1Config; factoryMethodName=sqlSessionTemplate1; initMethodName=null; destroyMethodName=(inferred); defined in class path resource [com/test/config/MybatisDb1Config.class]] with [Root bean: class [null]; scope=; abstract=false; lazyInit=false; autowireMode=3; dependencyCheck=0; autowireCandidate=true; primary=false; factoryBeanName=mybatisDb2Config; factoryMethodName=sqlSessionTemplate1; initMethodName=null; destroyMethodName=(inferred); defined in class path resource [com/test/config/MybatisDb2Config.class]]
17:13:57 [ERROR][main][org.springframework.boot.SpringApplication]- Application startup failed
org.springframework.context.annotation.ConflictingBeanDefinitionException: Annotation-specified bean name 'empMapper' for bean class [com.test.mapper.EmpMapper] conflicts with existing, non-compatible bean definition of same name and class [org.mybatis.spring.mapper.MapperFactoryBean]
	at org.springframework.context.annotation.ClassPathBeanDefinitionScanner.checkCandidate(ClassPathBeanDefinitionScanner.java:345)
	at org.mybatis.spring.mapper.ClassPathMapperScanner.checkCandidate(ClassPathMapperScanner.java:236)
	at org.springframework.context.annotation.ClassPathBeanDefinitionScanner.doScan(ClassPathBeanDefinitionScanner.java:283)
	at org.mybatis.spring.mapper.ClassPathMapperScanner.doScan(ClassPathMapperScanner.java:163)
	at org.mybatis.spring.annotation.MapperScannerRegistrar.registerBeanDefinitions(MapperScannerRegistrar.java:104)
	at org.springframework.context.annotation.ConfigurationClassBeanDefinitionReader.loadBeanDefinitionsFromRegistrars(ConfigurationClassBeanDefinitionReader.java:352)
	at org.springframework.context.annotation.ConfigurationClassBeanDefinitionReader.loadBeanDefinitionsForConfigurationClass(ConfigurationClassBeanDefinitionReader.java:143)
	at org.springframework.context.annotation.ConfigurationClassBeanDefinitionReader.loadBeanDefinitions(ConfigurationClassBeanDefinitionReader.java:116)
	at org.springframework.context.annotation.ConfigurationClassPostProcessor.processConfigBeanDefinitions(ConfigurationClassPostProcessor.java:320)
	at org.springframework.context.annotation.ConfigurationClassPostProcessor.postProcessBeanDefinitionRegistry(ConfigurationClassPostProcessor.java:228)
	at org.springframework.context.support.PostProcessorRegistrationDelegate.invokeBeanDefinitionRegistryPostProcessors(PostProcessorRegistrationDelegate.java:270)
	at org.springframework.context.support.PostProcessorRegistrationDelegate.invokeBeanFactoryPostProcessors(PostProcessorRegistrationDelegate.java:93)
	at org.springframework.context.support.AbstractApplicationContext.invokeBeanFactoryPostProcessors(AbstractApplicationContext.java:686)
	at org.springframework.context.support.AbstractApplicationContext.refresh(AbstractApplicationContext.java:524)
	at org.springframework.boot.SpringApplication.refresh(SpringApplication.java:737)
	at org.springframework.boot.SpringApplication.refreshContext(SpringApplication.java:370)
	at org.springframework.boot.SpringApplication.run(SpringApplication.java:314)
	at org.springframework.boot.test.context.SpringBootContextLoader.loadContext(SpringBootContextLoader.java:120)
	at org.springframework.test.context.cache.DefaultCacheAwareContextLoaderDelegate.loadContextInternal(DefaultCacheAwareContextLoaderDelegate.java:98)
	at org.springframework.test.context.cache.DefaultCacheAwareContextLoaderDelegate.loadContext(DefaultCacheAwareContextLoaderDelegate.java:116)
	at org.springframework.test.context.support.DefaultTestContext.getApplicationContext(DefaultTestContext.java:83)
	at org.springframework.test.context.web.ServletTestExecutionListener.setUpRequestContextIfNecessary(ServletTestExecutionListener.java:189)
	at org.springframework.test.context.web.ServletTestExecutionListener.prepareTestInstance(ServletTestExecutionListener.java:131)
	at org.springframework.test.context.TestContextManager.prepareTestInstance(TestContextManager.java:230)
	at org.springframework.test.context.junit4.SpringJUnit4ClassRunner.createTest(SpringJUnit4ClassRunner.java:228)
	at org.springframework.test.context.junit4.SpringJUnit4ClassRunner$1.runReflectiveCall(SpringJUnit4ClassRunner.java:287)
	at org.junit.internal.runners.model.ReflectiveCallable.run(ReflectiveCallable.java:12)
	at org.springframework.test.context.junit4.SpringJUnit4ClassRunner.methodBlock(SpringJUnit4ClassRunner.java:289)
	at org.springframework.test.context.junit4.SpringJUnit4ClassRunner.runChild(SpringJUnit4ClassRunner.java:247)
	at org.springframework.test.context.junit4.SpringJUnit4ClassRunner.runChild(SpringJUnit4ClassRunner.java:94)
	at org.junit.runners.ParentRunner$3.run(ParentRunner.java:290)
	at org.junit.runners.ParentRunner$1.schedule(ParentRunner.java:71)
	at org.junit.runners.ParentRunner.runChildren(ParentRunner.java:288)
	at org.junit.runners.ParentRunner.access$000(ParentRunner.java:58)
	at org.junit.runners.ParentRunner$2.evaluate(ParentRunner.java:268)
	at org.springframework.test.context.junit4.statements.RunBeforeTestClassCallbacks.evaluate(RunBeforeTestClassCallbacks.java:61)
	at org.springframework.test.context.junit4.statements.RunAfterTestClassCallbacks.evaluate(RunAfterTestClassCallbacks.java:70)
	at org.junit.runners.ParentRunner.run(ParentRunner.java:363)
	at org.springframework.test.context.junit4.SpringJUnit4ClassRunner.run(SpringJUnit4ClassRunner.java:191)
	at org.eclipse.jdt.internal.junit4.runner.JUnit4TestReference.run(JUnit4TestReference.java:86)
	at org.eclipse.jdt.internal.junit.runner.TestExecution.run(TestExecution.java:38)
	at org.eclipse.jdt.internal.junit.runner.RemoteTestRunner.runTests(RemoteTestRunner.java:459)
	at org.eclipse.jdt.internal.junit.runner.RemoteTestRunner.runTests(RemoteTestRunner.java:675)
	at org.eclipse.jdt.internal.junit.runner.RemoteTestRunner.run(RemoteTestRunner.java:382)
	at org.eclipse.jdt.internal.junit.runner.RemoteTestRunner.main(RemoteTestRunner.java:192)
17:13:57 [INFO][main][org.springframework.web.context.support.GenericWebApplicationContext]- Closing org.springframework.web.context.support.GenericWebApplicationContext@3514a4c0: startup date [Mon Apr 23 17:13:56 CST 2018]; root of context hierarchy
17:13:57 [WARN][main][org.springframework.web.context.support.GenericWebApplicationContext]- Exception thrown from LifecycleProcessor on context close
java.lang.IllegalStateException: LifecycleProcessor not initialized - call 'refresh' before invoking lifecycle methods via the context: org.springframework.web.context.support.GenericWebApplicationContext@3514a4c0: startup date [Mon Apr 23 17:13:56 CST 2018]; root of context hierarchy
	at org.springframework.context.support.AbstractApplicationContext.getLifecycleProcessor(AbstractApplicationContext.java:417)
	at org.springframework.context.support.AbstractApplicationContext.doClose(AbstractApplicationContext.java:1002)
	at org.springframework.context.support.AbstractApplicationContext.close(AbstractApplicationContext.java:961)
	at org.springframework.boot.SpringApplication.handleRunFailure(SpringApplication.java:794)
	at org.springframework.boot.SpringApplication.run(SpringApplication.java:325)
	at org.springframework.boot.test.context.SpringBootContextLoader.loadContext(SpringBootContextLoader.java:120)
	at org.springframework.test.context.cache.DefaultCacheAwareContextLoaderDelegate.loadContextInternal(DefaultCacheAwareContextLoaderDelegate.java:98)
	at org.springframework.test.context.cache.DefaultCacheAwareContextLoaderDelegate.loadContext(DefaultCacheAwareContextLoaderDelegate.java:116)
	at org.springframework.test.context.support.DefaultTestContext.getApplicationContext(DefaultTestContext.java:83)
	at org.springframework.test.context.web.ServletTestExecutionListener.setUpRequestContextIfNecessary(ServletTestExecutionListener.java:189)
	at org.springframework.test.context.web.ServletTestExecutionListener.prepareTestInstance(ServletTestExecutionListener.java:131)
	at org.springframework.test.context.TestContextManager.prepareTestInstance(TestContextManager.java:230)
	at org.springframework.test.context.junit4.SpringJUnit4ClassRunner.createTest(SpringJUnit4ClassRunner.java:228)
	at org.springframework.test.context.junit4.SpringJUnit4ClassRunner$1.runReflectiveCall(SpringJUnit4ClassRunner.java:287)
	at org.junit.internal.runners.model.ReflectiveCallable.run(ReflectiveCallable.java:12)
	at org.springframework.test.context.junit4.SpringJUnit4ClassRunner.methodBlock(SpringJUnit4ClassRunner.java:289)
	at org.springframework.test.context.junit4.SpringJUnit4ClassRunner.runChild(SpringJUnit4ClassRunner.java:247)
	at org.springframework.test.context.junit4.SpringJUnit4ClassRunner.runChild(SpringJUnit4ClassRunner.java:94)
	at org.junit.runners.ParentRunner$3.run(ParentRunner.java:290)
	at org.junit.runners.ParentRunner$1.schedule(ParentRunner.java:71)
	at org.junit.runners.ParentRunner.runChildren(ParentRunner.java:288)
	at org.junit.runners.ParentRunner.access$000(ParentRunner.java:58)
	at org.junit.runners.ParentRunner$2.evaluate(ParentRunner.java:268)
	at org.springframework.test.context.junit4.statements.RunBeforeTestClassCallbacks.evaluate(RunBeforeTestClassCallbacks.java:61)
	at org.springframework.test.context.junit4.statements.RunAfterTestClassCallbacks.evaluate(RunAfterTestClassCallbacks.java:70)
	at org.junit.runners.ParentRunner.run(ParentRunner.java:363)
	at org.springframework.test.context.junit4.SpringJUnit4ClassRunner.run(SpringJUnit4ClassRunner.java:191)
	at org.eclipse.jdt.internal.junit4.runner.JUnit4TestReference.run(JUnit4TestReference.java:86)
	at org.eclipse.jdt.internal.junit.runner.TestExecution.run(TestExecution.java:38)
	at org.eclipse.jdt.internal.junit.runner.RemoteTestRunner.runTests(RemoteTestRunner.java:459)
	at org.eclipse.jdt.internal.junit.runner.RemoteTestRunner.runTests(RemoteTestRunner.java:675)
	at org.eclipse.jdt.internal.junit.runner.RemoteTestRunner.run(RemoteTestRunner.java:382)
	at org.eclipse.jdt.internal.junit.runner.RemoteTestRunner.main(RemoteTestRunner.java:192)
17:13:57 [ERROR][main][org.springframework.beans.factory.support.DefaultListableBeanFactory]- Destroy method on bean with name 'org.springframework.boot.autoconfigure.internalCachingMetadataReaderFactory' threw an exception
java.lang.IllegalStateException: ApplicationEventMulticaster not initialized - call 'refresh' before multicasting events via the context: org.springframework.web.context.support.GenericWebApplicationContext@3514a4c0: startup date [Mon Apr 23 17:13:56 CST 2018]; root of context hierarchy
	at org.springframework.context.support.AbstractApplicationContext.getApplicationEventMulticaster(AbstractApplicationContext.java:404)
	at org.springframework.context.support.ApplicationListenerDetector.postProcessBeforeDestruction(ApplicationListenerDetector.java:97)
	at org.springframework.beans.factory.support.DisposableBeanAdapter.destroy(DisposableBeanAdapter.java:253)
	at org.springframework.beans.factory.support.DefaultSingletonBeanRegistry.destroyBean(DefaultSingletonBeanRegistry.java:578)
	at org.springframework.beans.factory.support.DefaultSingletonBeanRegistry.destroySingleton(DefaultSingletonBeanRegistry.java:554)
	at org.springframework.beans.factory.support.DefaultListableBeanFactory.destroySingleton(DefaultListableBeanFactory.java:961)
	at org.springframework.beans.factory.support.DefaultSingletonBeanRegistry.destroySingletons(DefaultSingletonBeanRegistry.java:523)
	at org.springframework.beans.factory.support.DefaultListableBeanFactory.destroySingletons(DefaultListableBeanFactory.java:968)
	at org.springframework.context.support.AbstractApplicationContext.destroyBeans(AbstractApplicationContext.java:1033)
	at org.springframework.context.support.AbstractApplicationContext.doClose(AbstractApplicationContext.java:1009)
	at org.springframework.context.support.AbstractApplicationContext.close(AbstractApplicationContext.java:961)
	at org.springframework.boot.SpringApplication.handleRunFailure(SpringApplication.java:794)
	at org.springframework.boot.SpringApplication.run(SpringApplication.java:325)
	at org.springframework.boot.test.context.SpringBootContextLoader.loadContext(SpringBootContextLoader.java:120)
	at org.springframework.test.context.cache.DefaultCacheAwareContextLoaderDelegate.loadContextInternal(DefaultCacheAwareContextLoaderDelegate.java:98)
	at org.springframework.test.context.cache.DefaultCacheAwareContextLoaderDelegate.loadContext(DefaultCacheAwareContextLoaderDelegate.java:116)
	at org.springframework.test.context.support.DefaultTestContext.getApplicationContext(DefaultTestContext.java:83)
	at org.springframework.test.context.web.ServletTestExecutionListener.setUpRequestContextIfNecessary(ServletTestExecutionListener.java:189)
	at org.springframework.test.context.web.ServletTestExecutionListener.prepareTestInstance(ServletTestExecutionListener.java:131)
	at org.springframework.test.context.TestContextManager.prepareTestInstance(TestContextManager.java:230)
	at org.springframework.test.context.junit4.SpringJUnit4ClassRunner.createTest(SpringJUnit4ClassRunner.java:228)
	at org.springframework.test.context.junit4.SpringJUnit4ClassRunner$1.runReflectiveCall(SpringJUnit4ClassRunner.java:287)
	at org.junit.internal.runners.model.ReflectiveCallable.run(ReflectiveCallable.java:12)
	at org.springframework.test.context.junit4.SpringJUnit4ClassRunner.methodBlock(SpringJUnit4ClassRunner.java:289)
	at org.springframework.test.context.junit4.SpringJUnit4ClassRunner.runChild(SpringJUnit4ClassRunner.java:247)
	at org.springframework.test.context.junit4.SpringJUnit4ClassRunner.runChild(SpringJUnit4ClassRunner.java:94)
	at org.junit.runners.ParentRunner$3.run(ParentRunner.java:290)
	at org.junit.runners.ParentRunner$1.schedule(ParentRunner.java:71)
	at org.junit.runners.ParentRunner.runChildren(ParentRunner.java:288)
	at org.junit.runners.ParentRunner.access$000(ParentRunner.java:58)
	at org.junit.runners.ParentRunner$2.evaluate(ParentRunner.java:268)
	at org.springframework.test.context.junit4.statements.RunBeforeTestClassCallbacks.evaluate(RunBeforeTestClassCallbacks.java:61)
	at org.springframework.test.context.junit4.statements.RunAfterTestClassCallbacks.evaluate(RunAfterTestClassCallbacks.java:70)
	at org.junit.runners.ParentRunner.run(ParentRunner.java:363)
	at org.springframework.test.context.junit4.SpringJUnit4ClassRunner.run(SpringJUnit4ClassRunner.java:191)
	at org.eclipse.jdt.internal.junit4.runner.JUnit4TestReference.run(JUnit4TestReference.java:86)
	at org.eclipse.jdt.internal.junit.runner.TestExecution.run(TestExecution.java:38)
	at org.eclipse.jdt.internal.junit.runner.RemoteTestRunner.runTests(RemoteTestRunner.java:459)
	at org.eclipse.jdt.internal.junit.runner.RemoteTestRunner.runTests(RemoteTestRunner.java:675)
	at org.eclipse.jdt.internal.junit.runner.RemoteTestRunner.run(RemoteTestRunner.java:382)
	at org.eclipse.jdt.internal.junit.runner.RemoteTestRunner.main(RemoteTestRunner.java:192)
17:13:57 [ERROR][main][org.springframework.test.context.TestContextManager]- Caught exception while allowing TestExecutionListener [org.springframework.test.context.web.ServletTestExecutionListener@305fd85d] to prepare test instance [springbootTest.TestSptingboot@4c2cc639]
java.lang.IllegalStateException: Failed to load ApplicationContext
	at org.springframework.test.context.cache.DefaultCacheAwareContextLoaderDelegate.loadContext(DefaultCacheAwareContextLoaderDelegate.java:124)
	at org.springframework.test.context.support.DefaultTestContext.getApplicationContext(DefaultTestContext.java:83)
	at org.springframework.test.context.web.ServletTestExecutionListener.setUpRequestContextIfNecessary(ServletTestExecutionListener.java:189)
	at org.springframework.test.context.web.ServletTestExecutionListener.prepareTestInstance(ServletTestExecutionListener.java:131)
	at org.springframework.test.context.TestContextManager.prepareTestInstance(TestContextManager.java:230)
	at org.springframework.test.context.junit4.SpringJUnit4ClassRunner.createTest(SpringJUnit4ClassRunner.java:228)
	at org.springframework.test.context.junit4.SpringJUnit4ClassRunner$1.runReflectiveCall(SpringJUnit4ClassRunner.java:287)
	at org.junit.internal.runners.model.ReflectiveCallable.run(ReflectiveCallable.java:12)
	at org.springframework.test.context.junit4.SpringJUnit4ClassRunner.methodBlock(SpringJUnit4ClassRunner.java:289)
	at org.springframework.test.context.junit4.SpringJUnit4ClassRunner.runChild(SpringJUnit4ClassRunner.java:247)
	at org.springframework.test.context.junit4.SpringJUnit4ClassRunner.runChild(SpringJUnit4ClassRunner.java:94)
	at org.junit.runners.ParentRunner$3.run(ParentRunner.java:290)
	at org.junit.runners.ParentRunner$1.schedule(ParentRunner.java:71)
	at org.junit.runners.ParentRunner.runChildren(ParentRunner.java:288)
	at org.junit.runners.ParentRunner.access$000(ParentRunner.java:58)
	at org.junit.runners.ParentRunner$2.evaluate(ParentRunner.java:268)
	at org.springframework.test.context.junit4.statements.RunBeforeTestClassCallbacks.evaluate(RunBeforeTestClassCallbacks.java:61)
	at org.springframework.test.context.junit4.statements.RunAfterTestClassCallbacks.evaluate(RunAfterTestClassCallbacks.java:70)
	at org.junit.runners.ParentRunner.run(ParentRunner.java:363)
	at org.springframework.test.context.junit4.SpringJUnit4ClassRunner.run(SpringJUnit4ClassRunner.java:191)
	at org.eclipse.jdt.internal.junit4.runner.JUnit4TestReference.run(JUnit4TestReference.java:86)
	at org.eclipse.jdt.internal.junit.runner.TestExecution.run(TestExecution.java:38)
	at org.eclipse.jdt.internal.junit.runner.RemoteTestRunner.runTests(RemoteTestRunner.java:459)
	at org.eclipse.jdt.internal.junit.runner.RemoteTestRunner.runTests(RemoteTestRunner.java:675)
	at org.eclipse.jdt.internal.junit.runner.RemoteTestRunner.run(RemoteTestRunner.java:382)
	at org.eclipse.jdt.internal.junit.runner.RemoteTestRunner.main(RemoteTestRunner.java:192)
Caused by: org.springframework.context.annotation.ConflictingBeanDefinitionException: Annotation-specified bean name 'empMapper' for bean class [com.test.mapper.EmpMapper] conflicts with existing, non-compatible bean definition of same name and class [org.mybatis.spring.mapper.MapperFactoryBean]
	at org.springframework.context.annotation.ClassPathBeanDefinitionScanner.checkCandidate(ClassPathBeanDefinitionScanner.java:345)
	at org.mybatis.spring.mapper.ClassPathMapperScanner.checkCandidate(ClassPathMapperScanner.java:236)
	at org.springframework.context.annotation.ClassPathBeanDefinitionScanner.doScan(ClassPathBeanDefinitionScanner.java:283)
	at org.mybatis.spring.mapper.ClassPathMapperScanner.doScan(ClassPathMapperScanner.java:163)
	at org.mybatis.spring.annotation.MapperScannerRegistrar.registerBeanDefinitions(MapperScannerRegistrar.java:104)
	at org.springframework.context.annotation.ConfigurationClassBeanDefinitionReader.loadBeanDefinitionsFromRegistrars(ConfigurationClassBeanDefinitionReader.java:352)
	at org.springframework.context.annotation.ConfigurationClassBeanDefinitionReader.loadBeanDefinitionsForConfigurationClass(ConfigurationClassBeanDefinitionReader.java:143)
	at org.springframework.context.annotation.ConfigurationClassBeanDefinitionReader.loadBeanDefinitions(ConfigurationClassBeanDefinitionReader.java:116)
	at org.springframework.context.annotation.ConfigurationClassPostProcessor.processConfigBeanDefinitions(ConfigurationClassPostProcessor.java:320)
	at org.springframework.context.annotation.ConfigurationClassPostProcessor.postProcessBeanDefinitionRegistry(ConfigurationClassPostProcessor.java:228)
	at org.springframework.context.support.PostProcessorRegistrationDelegate.invokeBeanDefinitionRegistryPostProcessors(PostProcessorRegistrationDelegate.java:270)
	at org.springframework.context.support.PostProcessorRegistrationDelegate.invokeBeanFactoryPostProcessors(PostProcessorRegistrationDelegate.java:93)
	at org.springframework.context.support.AbstractApplicationContext.invokeBeanFactoryPostProcessors(AbstractApplicationContext.java:686)
	at org.springframework.context.support.AbstractApplicationContext.refresh(AbstractApplicationContext.java:524)
	at org.springframework.boot.SpringApplication.refresh(SpringApplication.java:737)
	at org.springframework.boot.SpringApplication.refreshContext(SpringApplication.java:370)
	at org.springframework.boot.SpringApplication.run(SpringApplication.java:314)
	at org.springframework.boot.test.context.SpringBootContextLoader.loadContext(SpringBootContextLoader.java:120)
	at org.springframework.test.context.cache.DefaultCacheAwareContextLoaderDelegate.loadContextInternal(DefaultCacheAwareContextLoaderDelegate.java:98)
	at org.springframework.test.context.cache.DefaultCacheAwareContextLoaderDelegate.loadContext(DefaultCacheAwareContextLoaderDelegate.java:116)
	... 25 more
17:15:07 [INFO][main][org.springframework.boot.test.context.SpringBootTestContextBootstrapper]- Neither @ContextConfiguration nor @ContextHierarchy found for test class [springbootTest.TestSptingboot], using SpringBootContextLoader
17:15:07 [INFO][main][org.springframework.test.context.support.AbstractContextLoader]- Could not detect default resource locations for test class [springbootTest.TestSptingboot]: no resource found for suffixes {-context.xml, Context.groovy}.
17:15:07 [INFO][main][org.springframework.boot.test.context.SpringBootTestContextBootstrapper]- Loaded default TestExecutionListener class names from location [META-INF/spring.factories]: [org.springframework.boot.test.mock.mockito.MockitoTestExecutionListener, org.springframework.boot.test.mock.mockito.ResetMocksTestExecutionListener, org.springframework.boot.test.autoconfigure.restdocs.RestDocsTestExecutionListener, org.springframework.boot.test.autoconfigure.web.client.MockRestServiceServerResetTestExecutionListener, org.springframework.boot.test.autoconfigure.web.servlet.MockMvcPrintOnlyOnFailureTestExecutionListener, org.springframework.boot.test.autoconfigure.web.servlet.WebDriverTestExecutionListener, org.springframework.test.context.web.ServletTestExecutionListener, org.springframework.test.context.support.DirtiesContextBeforeModesTestExecutionListener, org.springframework.test.context.support.DependencyInjectionTestExecutionListener, org.springframework.test.context.support.DirtiesContextTestExecutionListener, org.springframework.test.context.transaction.TransactionalTestExecutionListener, org.springframework.test.context.jdbc.SqlScriptsTestExecutionListener]
17:15:07 [INFO][main][org.springframework.boot.test.context.SpringBootTestContextBootstrapper]- Using TestExecutionListeners: [org.springframework.test.context.web.ServletTestExecutionListener@11438d26, org.springframework.test.context.support.DirtiesContextBeforeModesTestExecutionListener@34cd072c, org.springframework.boot.test.autoconfigure.SpringBootDependencyInjectionTestExecutionListener@7a1ebcd8, org.springframework.test.context.support.DirtiesContextTestExecutionListener@5faeada1, org.springframework.test.context.transaction.TransactionalTestExecutionListener@528931cf, org.springframework.test.context.jdbc.SqlScriptsTestExecutionListener@ea1a8d5, org.springframework.boot.test.autoconfigure.web.servlet.WebDriverTestExecutionListener@1563da5, org.springframework.boot.test.mock.mockito.MockitoTestExecutionListener@2bbf4b8b, org.springframework.boot.test.autoconfigure.restdocs.RestDocsTestExecutionListener@30a3107a, org.springframework.boot.test.autoconfigure.web.client.MockRestServiceServerResetTestExecutionListener@33c7e1bb, org.springframework.boot.test.autoconfigure.web.servlet.MockMvcPrintOnlyOnFailureTestExecutionListener@34c4973, org.springframework.boot.test.mock.mockito.ResetMocksTestExecutionListener@52feb982]
17:15:07 [INFO][main][springbootTest.TestSptingboot]- Starting TestSptingboot on DESKTOP-4EJ981U with PID 13044 (started by weipan in D:\Users\admin\weip\springbootTest)
17:15:07 [INFO][main][springbootTest.TestSptingboot]- The following profiles are active: test
17:15:08 [INFO][main][org.springframework.web.context.support.GenericWebApplicationContext]- Refreshing org.springframework.web.context.support.GenericWebApplicationContext@446293d: startup date [Mon Apr 23 17:15:07 CST 2018]; root of context hierarchy
17:15:08 [INFO][background-preinit][org.hibernate.validator.internal.util.Version]- HV000001: Hibernate Validator 5.3.4.Final
17:15:09 [INFO][main][org.springframework.beans.factory.support.DefaultListableBeanFactory]- Overriding bean definition for bean 'sqlSessionTemplate1' with a different definition: replacing [Root bean: class [null]; scope=; abstract=false; lazyInit=false; autowireMode=3; dependencyCheck=0; autowireCandidate=true; primary=false; factoryBeanName=mybatisDb1Config; factoryMethodName=sqlSessionTemplate1; initMethodName=null; destroyMethodName=(inferred); defined in class path resource [com/test/config/MybatisDb1Config.class]] with [Root bean: class [null]; scope=; abstract=false; lazyInit=false; autowireMode=3; dependencyCheck=0; autowireCandidate=true; primary=false; factoryBeanName=mybatisDb2Config; factoryMethodName=sqlSessionTemplate1; initMethodName=null; destroyMethodName=(inferred); defined in class path resource [com/test/config/MybatisDb2Config.class]]
17:15:09 [ERROR][main][org.springframework.boot.SpringApplication]- Application startup failed
org.springframework.context.annotation.ConflictingBeanDefinitionException: Annotation-specified bean name 'empMapper' for bean class [com.test.mapper.EmpMapper] conflicts with existing, non-compatible bean definition of same name and class [org.mybatis.spring.mapper.MapperFactoryBean]
	at org.springframework.context.annotation.ClassPathBeanDefinitionScanner.checkCandidate(ClassPathBeanDefinitionScanner.java:345)
	at org.mybatis.spring.mapper.ClassPathMapperScanner.checkCandidate(ClassPathMapperScanner.java:236)
	at org.springframework.context.annotation.ClassPathBeanDefinitionScanner.doScan(ClassPathBeanDefinitionScanner.java:283)
	at org.mybatis.spring.mapper.ClassPathMapperScanner.doScan(ClassPathMapperScanner.java:163)
	at org.mybatis.spring.annotation.MapperScannerRegistrar.registerBeanDefinitions(MapperScannerRegistrar.java:104)
	at org.springframework.context.annotation.ConfigurationClassBeanDefinitionReader.loadBeanDefinitionsFromRegistrars(ConfigurationClassBeanDefinitionReader.java:352)
	at org.springframework.context.annotation.ConfigurationClassBeanDefinitionReader.loadBeanDefinitionsForConfigurationClass(ConfigurationClassBeanDefinitionReader.java:143)
	at org.springframework.context.annotation.ConfigurationClassBeanDefinitionReader.loadBeanDefinitions(ConfigurationClassBeanDefinitionReader.java:116)
	at org.springframework.context.annotation.ConfigurationClassPostProcessor.processConfigBeanDefinitions(ConfigurationClassPostProcessor.java:320)
	at org.springframework.context.annotation.ConfigurationClassPostProcessor.postProcessBeanDefinitionRegistry(ConfigurationClassPostProcessor.java:228)
	at org.springframework.context.support.PostProcessorRegistrationDelegate.invokeBeanDefinitionRegistryPostProcessors(PostProcessorRegistrationDelegate.java:270)
	at org.springframework.context.support.PostProcessorRegistrationDelegate.invokeBeanFactoryPostProcessors(PostProcessorRegistrationDelegate.java:93)
	at org.springframework.context.support.AbstractApplicationContext.invokeBeanFactoryPostProcessors(AbstractApplicationContext.java:686)
	at org.springframework.context.support.AbstractApplicationContext.refresh(AbstractApplicationContext.java:524)
	at org.springframework.boot.SpringApplication.refresh(SpringApplication.java:737)
	at org.springframework.boot.SpringApplication.refreshContext(SpringApplication.java:370)
	at org.springframework.boot.SpringApplication.run(SpringApplication.java:314)
	at org.springframework.boot.test.context.SpringBootContextLoader.loadContext(SpringBootContextLoader.java:120)
	at org.springframework.test.context.cache.DefaultCacheAwareContextLoaderDelegate.loadContextInternal(DefaultCacheAwareContextLoaderDelegate.java:98)
	at org.springframework.test.context.cache.DefaultCacheAwareContextLoaderDelegate.loadContext(DefaultCacheAwareContextLoaderDelegate.java:116)
	at org.springframework.test.context.support.DefaultTestContext.getApplicationContext(DefaultTestContext.java:83)
	at org.springframework.test.context.web.ServletTestExecutionListener.setUpRequestContextIfNecessary(ServletTestExecutionListener.java:189)
	at org.springframework.test.context.web.ServletTestExecutionListener.prepareTestInstance(ServletTestExecutionListener.java:131)
	at org.springframework.test.context.TestContextManager.prepareTestInstance(TestContextManager.java:230)
	at org.springframework.test.context.junit4.SpringJUnit4ClassRunner.createTest(SpringJUnit4ClassRunner.java:228)
	at org.springframework.test.context.junit4.SpringJUnit4ClassRunner$1.runReflectiveCall(SpringJUnit4ClassRunner.java:287)
	at org.junit.internal.runners.model.ReflectiveCallable.run(ReflectiveCallable.java:12)
	at org.springframework.test.context.junit4.SpringJUnit4ClassRunner.methodBlock(SpringJUnit4ClassRunner.java:289)
	at org.springframework.test.context.junit4.SpringJUnit4ClassRunner.runChild(SpringJUnit4ClassRunner.java:247)
	at org.springframework.test.context.junit4.SpringJUnit4ClassRunner.runChild(SpringJUnit4ClassRunner.java:94)
	at org.junit.runners.ParentRunner$3.run(ParentRunner.java:290)
	at org.junit.runners.ParentRunner$1.schedule(ParentRunner.java:71)
	at org.junit.runners.ParentRunner.runChildren(ParentRunner.java:288)
	at org.junit.runners.ParentRunner.access$000(ParentRunner.java:58)
	at org.junit.runners.ParentRunner$2.evaluate(ParentRunner.java:268)
	at org.springframework.test.context.junit4.statements.RunBeforeTestClassCallbacks.evaluate(RunBeforeTestClassCallbacks.java:61)
	at org.springframework.test.context.junit4.statements.RunAfterTestClassCallbacks.evaluate(RunAfterTestClassCallbacks.java:70)
	at org.junit.runners.ParentRunner.run(ParentRunner.java:363)
	at org.springframework.test.context.junit4.SpringJUnit4ClassRunner.run(SpringJUnit4ClassRunner.java:191)
	at org.eclipse.jdt.internal.junit4.runner.JUnit4TestReference.run(JUnit4TestReference.java:86)
	at org.eclipse.jdt.internal.junit.runner.TestExecution.run(TestExecution.java:38)
	at org.eclipse.jdt.internal.junit.runner.RemoteTestRunner.runTests(RemoteTestRunner.java:459)
	at org.eclipse.jdt.internal.junit.runner.RemoteTestRunner.runTests(RemoteTestRunner.java:675)
	at org.eclipse.jdt.internal.junit.runner.RemoteTestRunner.run(RemoteTestRunner.java:382)
	at org.eclipse.jdt.internal.junit.runner.RemoteTestRunner.main(RemoteTestRunner.java:192)
17:15:09 [INFO][main][org.springframework.web.context.support.GenericWebApplicationContext]- Closing org.springframework.web.context.support.GenericWebApplicationContext@446293d: startup date [Mon Apr 23 17:15:07 CST 2018]; root of context hierarchy
17:15:09 [WARN][main][org.springframework.web.context.support.GenericWebApplicationContext]- Exception thrown from LifecycleProcessor on context close
java.lang.IllegalStateException: LifecycleProcessor not initialized - call 'refresh' before invoking lifecycle methods via the context: org.springframework.web.context.support.GenericWebApplicationContext@446293d: startup date [Mon Apr 23 17:15:07 CST 2018]; root of context hierarchy
	at org.springframework.context.support.AbstractApplicationContext.getLifecycleProcessor(AbstractApplicationContext.java:417)
	at org.springframework.context.support.AbstractApplicationContext.doClose(AbstractApplicationContext.java:1002)
	at org.springframework.context.support.AbstractApplicationContext.close(AbstractApplicationContext.java:961)
	at org.springframework.boot.SpringApplication.handleRunFailure(SpringApplication.java:794)
	at org.springframework.boot.SpringApplication.run(SpringApplication.java:325)
	at org.springframework.boot.test.context.SpringBootContextLoader.loadContext(SpringBootContextLoader.java:120)
	at org.springframework.test.context.cache.DefaultCacheAwareContextLoaderDelegate.loadContextInternal(DefaultCacheAwareContextLoaderDelegate.java:98)
	at org.springframework.test.context.cache.DefaultCacheAwareContextLoaderDelegate.loadContext(DefaultCacheAwareContextLoaderDelegate.java:116)
	at org.springframework.test.context.support.DefaultTestContext.getApplicationContext(DefaultTestContext.java:83)
	at org.springframework.test.context.web.ServletTestExecutionListener.setUpRequestContextIfNecessary(ServletTestExecutionListener.java:189)
	at org.springframework.test.context.web.ServletTestExecutionListener.prepareTestInstance(ServletTestExecutionListener.java:131)
	at org.springframework.test.context.TestContextManager.prepareTestInstance(TestContextManager.java:230)
	at org.springframework.test.context.junit4.SpringJUnit4ClassRunner.createTest(SpringJUnit4ClassRunner.java:228)
	at org.springframework.test.context.junit4.SpringJUnit4ClassRunner$1.runReflectiveCall(SpringJUnit4ClassRunner.java:287)
	at org.junit.internal.runners.model.ReflectiveCallable.run(ReflectiveCallable.java:12)
	at org.springframework.test.context.junit4.SpringJUnit4ClassRunner.methodBlock(SpringJUnit4ClassRunner.java:289)
	at org.springframework.test.context.junit4.SpringJUnit4ClassRunner.runChild(SpringJUnit4ClassRunner.java:247)
	at org.springframework.test.context.junit4.SpringJUnit4ClassRunner.runChild(SpringJUnit4ClassRunner.java:94)
	at org.junit.runners.ParentRunner$3.run(ParentRunner.java:290)
	at org.junit.runners.ParentRunner$1.schedule(ParentRunner.java:71)
	at org.junit.runners.ParentRunner.runChildren(ParentRunner.java:288)
	at org.junit.runners.ParentRunner.access$000(ParentRunner.java:58)
	at org.junit.runners.ParentRunner$2.evaluate(ParentRunner.java:268)
	at org.springframework.test.context.junit4.statements.RunBeforeTestClassCallbacks.evaluate(RunBeforeTestClassCallbacks.java:61)
	at org.springframework.test.context.junit4.statements.RunAfterTestClassCallbacks.evaluate(RunAfterTestClassCallbacks.java:70)
	at org.junit.runners.ParentRunner.run(ParentRunner.java:363)
	at org.springframework.test.context.junit4.SpringJUnit4ClassRunner.run(SpringJUnit4ClassRunner.java:191)
	at org.eclipse.jdt.internal.junit4.runner.JUnit4TestReference.run(JUnit4TestReference.java:86)
	at org.eclipse.jdt.internal.junit.runner.TestExecution.run(TestExecution.java:38)
	at org.eclipse.jdt.internal.junit.runner.RemoteTestRunner.runTests(RemoteTestRunner.java:459)
	at org.eclipse.jdt.internal.junit.runner.RemoteTestRunner.runTests(RemoteTestRunner.java:675)
	at org.eclipse.jdt.internal.junit.runner.RemoteTestRunner.run(RemoteTestRunner.java:382)
	at org.eclipse.jdt.internal.junit.runner.RemoteTestRunner.main(RemoteTestRunner.java:192)
17:15:09 [ERROR][main][org.springframework.beans.factory.support.DefaultListableBeanFactory]- Destroy method on bean with name 'org.springframework.boot.autoconfigure.internalCachingMetadataReaderFactory' threw an exception
java.lang.IllegalStateException: ApplicationEventMulticaster not initialized - call 'refresh' before multicasting events via the context: org.springframework.web.context.support.GenericWebApplicationContext@446293d: startup date [Mon Apr 23 17:15:07 CST 2018]; root of context hierarchy
	at org.springframework.context.support.AbstractApplicationContext.getApplicationEventMulticaster(AbstractApplicationContext.java:404)
	at org.springframework.context.support.ApplicationListenerDetector.postProcessBeforeDestruction(ApplicationListenerDetector.java:97)
	at org.springframework.beans.factory.support.DisposableBeanAdapter.destroy(DisposableBeanAdapter.java:253)
	at org.springframework.beans.factory.support.DefaultSingletonBeanRegistry.destroyBean(DefaultSingletonBeanRegistry.java:578)
	at org.springframework.beans.factory.support.DefaultSingletonBeanRegistry.destroySingleton(DefaultSingletonBeanRegistry.java:554)
	at org.springframework.beans.factory.support.DefaultListableBeanFactory.destroySingleton(DefaultListableBeanFactory.java:961)
	at org.springframework.beans.factory.support.DefaultSingletonBeanRegistry.destroySingletons(DefaultSingletonBeanRegistry.java:523)
	at org.springframework.beans.factory.support.DefaultListableBeanFactory.destroySingletons(DefaultListableBeanFactory.java:968)
	at org.springframework.context.support.AbstractApplicationContext.destroyBeans(AbstractApplicationContext.java:1033)
	at org.springframework.context.support.AbstractApplicationContext.doClose(AbstractApplicationContext.java:1009)
	at org.springframework.context.support.AbstractApplicationContext.close(AbstractApplicationContext.java:961)
	at org.springframework.boot.SpringApplication.handleRunFailure(SpringApplication.java:794)
	at org.springframework.boot.SpringApplication.run(SpringApplication.java:325)
	at org.springframework.boot.test.context.SpringBootContextLoader.loadContext(SpringBootContextLoader.java:120)
	at org.springframework.test.context.cache.DefaultCacheAwareContextLoaderDelegate.loadContextInternal(DefaultCacheAwareContextLoaderDelegate.java:98)
	at org.springframework.test.context.cache.DefaultCacheAwareContextLoaderDelegate.loadContext(DefaultCacheAwareContextLoaderDelegate.java:116)
	at org.springframework.test.context.support.DefaultTestContext.getApplicationContext(DefaultTestContext.java:83)
	at org.springframework.test.context.web.ServletTestExecutionListener.setUpRequestContextIfNecessary(ServletTestExecutionListener.java:189)
	at org.springframework.test.context.web.ServletTestExecutionListener.prepareTestInstance(ServletTestExecutionListener.java:131)
	at org.springframework.test.context.TestContextManager.prepareTestInstance(TestContextManager.java:230)
	at org.springframework.test.context.junit4.SpringJUnit4ClassRunner.createTest(SpringJUnit4ClassRunner.java:228)
	at org.springframework.test.context.junit4.SpringJUnit4ClassRunner$1.runReflectiveCall(SpringJUnit4ClassRunner.java:287)
	at org.junit.internal.runners.model.ReflectiveCallable.run(ReflectiveCallable.java:12)
	at org.springframework.test.context.junit4.SpringJUnit4ClassRunner.methodBlock(SpringJUnit4ClassRunner.java:289)
	at org.springframework.test.context.junit4.SpringJUnit4ClassRunner.runChild(SpringJUnit4ClassRunner.java:247)
	at org.springframework.test.context.junit4.SpringJUnit4ClassRunner.runChild(SpringJUnit4ClassRunner.java:94)
	at org.junit.runners.ParentRunner$3.run(ParentRunner.java:290)
	at org.junit.runners.ParentRunner$1.schedule(ParentRunner.java:71)
	at org.junit.runners.ParentRunner.runChildren(ParentRunner.java:288)
	at org.junit.runners.ParentRunner.access$000(ParentRunner.java:58)
	at org.junit.runners.ParentRunner$2.evaluate(ParentRunner.java:268)
	at org.springframework.test.context.junit4.statements.RunBeforeTestClassCallbacks.evaluate(RunBeforeTestClassCallbacks.java:61)
	at org.springframework.test.context.junit4.statements.RunAfterTestClassCallbacks.evaluate(RunAfterTestClassCallbacks.java:70)
	at org.junit.runners.ParentRunner.run(ParentRunner.java:363)
	at org.springframework.test.context.junit4.SpringJUnit4ClassRunner.run(SpringJUnit4ClassRunner.java:191)
	at org.eclipse.jdt.internal.junit4.runner.JUnit4TestReference.run(JUnit4TestReference.java:86)
	at org.eclipse.jdt.internal.junit.runner.TestExecution.run(TestExecution.java:38)
	at org.eclipse.jdt.internal.junit.runner.RemoteTestRunner.runTests(RemoteTestRunner.java:459)
	at org.eclipse.jdt.internal.junit.runner.RemoteTestRunner.runTests(RemoteTestRunner.java:675)
	at org.eclipse.jdt.internal.junit.runner.RemoteTestRunner.run(RemoteTestRunner.java:382)
	at org.eclipse.jdt.internal.junit.runner.RemoteTestRunner.main(RemoteTestRunner.java:192)
17:15:09 [ERROR][main][org.springframework.test.context.TestContextManager]- Caught exception while allowing TestExecutionListener [org.springframework.test.context.web.ServletTestExecutionListener@11438d26] to prepare test instance [springbootTest.TestSptingboot@23fb172e]
java.lang.IllegalStateException: Failed to load ApplicationContext
	at org.springframework.test.context.cache.DefaultCacheAwareContextLoaderDelegate.loadContext(DefaultCacheAwareContextLoaderDelegate.java:124)
	at org.springframework.test.context.support.DefaultTestContext.getApplicationContext(DefaultTestContext.java:83)
	at org.springframework.test.context.web.ServletTestExecutionListener.setUpRequestContextIfNecessary(ServletTestExecutionListener.java:189)
	at org.springframework.test.context.web.ServletTestExecutionListener.prepareTestInstance(ServletTestExecutionListener.java:131)
	at org.springframework.test.context.TestContextManager.prepareTestInstance(TestContextManager.java:230)
	at org.springframework.test.context.junit4.SpringJUnit4ClassRunner.createTest(SpringJUnit4ClassRunner.java:228)
	at org.springframework.test.context.junit4.SpringJUnit4ClassRunner$1.runReflectiveCall(SpringJUnit4ClassRunner.java:287)
	at org.junit.internal.runners.model.ReflectiveCallable.run(ReflectiveCallable.java:12)
	at org.springframework.test.context.junit4.SpringJUnit4ClassRunner.methodBlock(SpringJUnit4ClassRunner.java:289)
	at org.springframework.test.context.junit4.SpringJUnit4ClassRunner.runChild(SpringJUnit4ClassRunner.java:247)
	at org.springframework.test.context.junit4.SpringJUnit4ClassRunner.runChild(SpringJUnit4ClassRunner.java:94)
	at org.junit.runners.ParentRunner$3.run(ParentRunner.java:290)
	at org.junit.runners.ParentRunner$1.schedule(ParentRunner.java:71)
	at org.junit.runners.ParentRunner.runChildren(ParentRunner.java:288)
	at org.junit.runners.ParentRunner.access$000(ParentRunner.java:58)
	at org.junit.runners.ParentRunner$2.evaluate(ParentRunner.java:268)
	at org.springframework.test.context.junit4.statements.RunBeforeTestClassCallbacks.evaluate(RunBeforeTestClassCallbacks.java:61)
	at org.springframework.test.context.junit4.statements.RunAfterTestClassCallbacks.evaluate(RunAfterTestClassCallbacks.java:70)
	at org.junit.runners.ParentRunner.run(ParentRunner.java:363)
	at org.springframework.test.context.junit4.SpringJUnit4ClassRunner.run(SpringJUnit4ClassRunner.java:191)
	at org.eclipse.jdt.internal.junit4.runner.JUnit4TestReference.run(JUnit4TestReference.java:86)
	at org.eclipse.jdt.internal.junit.runner.TestExecution.run(TestExecution.java:38)
	at org.eclipse.jdt.internal.junit.runner.RemoteTestRunner.runTests(RemoteTestRunner.java:459)
	at org.eclipse.jdt.internal.junit.runner.RemoteTestRunner.runTests(RemoteTestRunner.java:675)
	at org.eclipse.jdt.internal.junit.runner.RemoteTestRunner.run(RemoteTestRunner.java:382)
	at org.eclipse.jdt.internal.junit.runner.RemoteTestRunner.main(RemoteTestRunner.java:192)
Caused by: org.springframework.context.annotation.ConflictingBeanDefinitionException: Annotation-specified bean name 'empMapper' for bean class [com.test.mapper.EmpMapper] conflicts with existing, non-compatible bean definition of same name and class [org.mybatis.spring.mapper.MapperFactoryBean]
	at org.springframework.context.annotation.ClassPathBeanDefinitionScanner.checkCandidate(ClassPathBeanDefinitionScanner.java:345)
	at org.mybatis.spring.mapper.ClassPathMapperScanner.checkCandidate(ClassPathMapperScanner.java:236)
	at org.springframework.context.annotation.ClassPathBeanDefinitionScanner.doScan(ClassPathBeanDefinitionScanner.java:283)
	at org.mybatis.spring.mapper.ClassPathMapperScanner.doScan(ClassPathMapperScanner.java:163)
	at org.mybatis.spring.annotation.MapperScannerRegistrar.registerBeanDefinitions(MapperScannerRegistrar.java:104)
	at org.springframework.context.annotation.ConfigurationClassBeanDefinitionReader.loadBeanDefinitionsFromRegistrars(ConfigurationClassBeanDefinitionReader.java:352)
	at org.springframework.context.annotation.ConfigurationClassBeanDefinitionReader.loadBeanDefinitionsForConfigurationClass(ConfigurationClassBeanDefinitionReader.java:143)
	at org.springframework.context.annotation.ConfigurationClassBeanDefinitionReader.loadBeanDefinitions(ConfigurationClassBeanDefinitionReader.java:116)
	at org.springframework.context.annotation.ConfigurationClassPostProcessor.processConfigBeanDefinitions(ConfigurationClassPostProcessor.java:320)
	at org.springframework.context.annotation.ConfigurationClassPostProcessor.postProcessBeanDefinitionRegistry(ConfigurationClassPostProcessor.java:228)
	at org.springframework.context.support.PostProcessorRegistrationDelegate.invokeBeanDefinitionRegistryPostProcessors(PostProcessorRegistrationDelegate.java:270)
	at org.springframework.context.support.PostProcessorRegistrationDelegate.invokeBeanFactoryPostProcessors(PostProcessorRegistrationDelegate.java:93)
	at org.springframework.context.support.AbstractApplicationContext.invokeBeanFactoryPostProcessors(AbstractApplicationContext.java:686)
	at org.springframework.context.support.AbstractApplicationContext.refresh(AbstractApplicationContext.java:524)
	at org.springframework.boot.SpringApplication.refresh(SpringApplication.java:737)
	at org.springframework.boot.SpringApplication.refreshContext(SpringApplication.java:370)
	at org.springframework.boot.SpringApplication.run(SpringApplication.java:314)
	at org.springframework.boot.test.context.SpringBootContextLoader.loadContext(SpringBootContextLoader.java:120)
	at org.springframework.test.context.cache.DefaultCacheAwareContextLoaderDelegate.loadContextInternal(DefaultCacheAwareContextLoaderDelegate.java:98)
	at org.springframework.test.context.cache.DefaultCacheAwareContextLoaderDelegate.loadContext(DefaultCacheAwareContextLoaderDelegate.java:116)
	... 25 more
17:18:08 [INFO][main][org.springframework.boot.test.context.SpringBootTestContextBootstrapper]- Neither @ContextConfiguration nor @ContextHierarchy found for test class [springbootTest.TestSptingboot], using SpringBootContextLoader
17:18:08 [INFO][main][org.springframework.test.context.support.AbstractContextLoader]- Could not detect default resource locations for test class [springbootTest.TestSptingboot]: no resource found for suffixes {-context.xml, Context.groovy}.
17:18:08 [INFO][main][org.springframework.boot.test.context.SpringBootTestContextBootstrapper]- Loaded default TestExecutionListener class names from location [META-INF/spring.factories]: [org.springframework.boot.test.mock.mockito.MockitoTestExecutionListener, org.springframework.boot.test.mock.mockito.ResetMocksTestExecutionListener, org.springframework.boot.test.autoconfigure.restdocs.RestDocsTestExecutionListener, org.springframework.boot.test.autoconfigure.web.client.MockRestServiceServerResetTestExecutionListener, org.springframework.boot.test.autoconfigure.web.servlet.MockMvcPrintOnlyOnFailureTestExecutionListener, org.springframework.boot.test.autoconfigure.web.servlet.WebDriverTestExecutionListener, org.springframework.test.context.web.ServletTestExecutionListener, org.springframework.test.context.support.DirtiesContextBeforeModesTestExecutionListener, org.springframework.test.context.support.DependencyInjectionTestExecutionListener, org.springframework.test.context.support.DirtiesContextTestExecutionListener, org.springframework.test.context.transaction.TransactionalTestExecutionListener, org.springframework.test.context.jdbc.SqlScriptsTestExecutionListener]
17:18:08 [INFO][main][org.springframework.boot.test.context.SpringBootTestContextBootstrapper]- Using TestExecutionListeners: [org.springframework.test.context.web.ServletTestExecutionListener@4d41cee, org.springframework.test.context.support.DirtiesContextBeforeModesTestExecutionListener@3712b94, org.springframework.boot.test.autoconfigure.SpringBootDependencyInjectionTestExecutionListener@2833cc44, org.springframework.test.context.support.DirtiesContextTestExecutionListener@33f88ab, org.springframework.test.context.transaction.TransactionalTestExecutionListener@27a8c74e, org.springframework.test.context.jdbc.SqlScriptsTestExecutionListener@2d8f65a4, org.springframework.boot.test.mock.mockito.ResetMocksTestExecutionListener@1b68ddbd, org.springframework.boot.test.autoconfigure.web.servlet.WebDriverTestExecutionListener@646d64ab, org.springframework.boot.test.autoconfigure.restdocs.RestDocsTestExecutionListener@59e5ddf, org.springframework.boot.test.autoconfigure.web.servlet.MockMvcPrintOnlyOnFailureTestExecutionListener@536aaa8d, org.springframework.boot.test.autoconfigure.web.client.MockRestServiceServerResetTestExecutionListener@e320068, org.springframework.boot.test.mock.mockito.MockitoTestExecutionListener@1f57539]
17:18:09 [INFO][main][springbootTest.TestSptingboot]- Starting TestSptingboot on DESKTOP-4EJ981U with PID 13912 (started by weipan in D:\Users\admin\weip\springbootTest)
17:18:09 [INFO][main][springbootTest.TestSptingboot]- The following profiles are active: test
17:18:09 [INFO][main][org.springframework.web.context.support.GenericWebApplicationContext]- Refreshing org.springframework.web.context.support.GenericWebApplicationContext@5f9b2141: startup date [Mon Apr 23 17:18:09 CST 2018]; root of context hierarchy
17:18:10 [INFO][background-preinit][org.hibernate.validator.internal.util.Version]- HV000001: Hibernate Validator 5.3.4.Final
17:18:10 [INFO][main][org.springframework.beans.factory.support.DefaultListableBeanFactory]- Overriding bean definition for bean 'sqlSessionTemplate1' with a different definition: replacing [Root bean: class [null]; scope=; abstract=false; lazyInit=false; autowireMode=3; dependencyCheck=0; autowireCandidate=true; primary=false; factoryBeanName=mybatisDb1Config; factoryMethodName=sqlSessionTemplate1; initMethodName=null; destroyMethodName=(inferred); defined in class path resource [com/test/config/MybatisDb1Config.class]] with [Root bean: class [null]; scope=; abstract=false; lazyInit=false; autowireMode=3; dependencyCheck=0; autowireCandidate=true; primary=false; factoryBeanName=mybatisDb2Config; factoryMethodName=sqlSessionTemplate1; initMethodName=null; destroyMethodName=(inferred); defined in class path resource [com/test/config/MybatisDb2Config.class]]
17:18:10 [INFO][main][org.springframework.context.support.PostProcessorRegistrationDelegate$BeanPostProcessorChecker]- Bean 'org.springframework.boot.autoconfigure.validation.ValidationAutoConfiguration' of type [class org.springframework.boot.autoconfigure.validation.ValidationAutoConfiguration] is not eligible for getting processed by all BeanPostProcessors (for example: not eligible for auto-proxying)
17:18:11 [INFO][main][org.springframework.context.support.PostProcessorRegistrationDelegate$BeanPostProcessorChecker]- Bean 'validator' of type [class org.springframework.validation.beanvalidation.LocalValidatorFactoryBean] is not eligible for getting processed by all BeanPostProcessors (for example: not eligible for auto-proxying)
17:18:11 [INFO][main][org.springframework.context.support.PostProcessorRegistrationDelegate$BeanPostProcessorChecker]- Bean 'org.springframework.transaction.annotation.ProxyTransactionManagementConfiguration' of type [class org.springframework.transaction.annotation.ProxyTransactionManagementConfiguration$$EnhancerBySpringCGLIB$$bb04eddb] is not eligible for getting processed by all BeanPostProcessors (for example: not eligible for auto-proxying)
17:18:12 [INFO][main][org.springframework.web.servlet.mvc.method.annotation.RequestMappingHandlerAdapter]- Looking for @ControllerAdvice: org.springframework.web.context.support.GenericWebApplicationContext@5f9b2141: startup date [Mon Apr 23 17:18:09 CST 2018]; root of context hierarchy
17:18:13 [INFO][main][org.springframework.web.servlet.mvc.method.annotation.RequestMappingHandlerMapping]- Mapped "{[/error]}" onto public org.springframework.http.ResponseEntity<java.util.Map<java.lang.String, java.lang.Object>> org.springframework.boot.autoconfigure.web.BasicErrorController.error(javax.servlet.http.HttpServletRequest)
17:18:13 [INFO][main][org.springframework.web.servlet.mvc.method.annotation.RequestMappingHandlerMapping]- Mapped "{[/error],produces=[text/html]}" onto public org.springframework.web.servlet.ModelAndView org.springframework.boot.autoconfigure.web.BasicErrorController.errorHtml(javax.servlet.http.HttpServletRequest,javax.servlet.http.HttpServletResponse)
17:18:13 [INFO][main][org.springframework.web.servlet.handler.SimpleUrlHandlerMapping]- Mapped URL path [/webjars/**] onto handler of type [class org.springframework.web.servlet.resource.ResourceHttpRequestHandler]
17:18:13 [INFO][main][org.springframework.web.servlet.handler.SimpleUrlHandlerMapping]- Mapped URL path [/**] onto handler of type [class org.springframework.web.servlet.resource.ResourceHttpRequestHandler]
17:18:13 [INFO][main][org.springframework.web.servlet.mvc.method.annotation.ExceptionHandlerExceptionResolver]- Detected @ExceptionHandler methods in globalExceptionHandler
17:18:13 [INFO][main][org.springframework.web.servlet.handler.SimpleUrlHandlerMapping]- Mapped URL path [/**/favicon.ico] onto handler of type [class org.springframework.web.servlet.resource.ResourceHttpRequestHandler]
17:18:13 [INFO][main][org.springframework.boot.autoconfigure.web.WebMvcAutoConfiguration$WelcomePageHandlerMapping]- Adding welcome page: ServletContext resource [/index.html]
17:18:13 [INFO][main][springbootTest.TestSptingboot]- Started TestSptingboot in 4.676 seconds (JVM running for 5.51)
17:18:14 [INFO][Thread-3][org.springframework.web.context.support.GenericWebApplicationContext]- Closing org.springframework.web.context.support.GenericWebApplicationContext@5f9b2141: startup date [Mon Apr 23 17:18:09 CST 2018]; root of context hierarchy
17:18:20 [INFO][main][org.springframework.boot.test.context.SpringBootTestContextBootstrapper]- Neither @ContextConfiguration nor @ContextHierarchy found for test class [springbootTest.TestSptingboot], using SpringBootContextLoader
17:18:20 [INFO][main][org.springframework.test.context.support.AbstractContextLoader]- Could not detect default resource locations for test class [springbootTest.TestSptingboot]: no resource found for suffixes {-context.xml, Context.groovy}.
17:18:20 [INFO][main][org.springframework.boot.test.context.SpringBootTestContextBootstrapper]- Loaded default TestExecutionListener class names from location [META-INF/spring.factories]: [org.springframework.boot.test.mock.mockito.MockitoTestExecutionListener, org.springframework.boot.test.mock.mockito.ResetMocksTestExecutionListener, org.springframework.boot.test.autoconfigure.restdocs.RestDocsTestExecutionListener, org.springframework.boot.test.autoconfigure.web.client.MockRestServiceServerResetTestExecutionListener, org.springframework.boot.test.autoconfigure.web.servlet.MockMvcPrintOnlyOnFailureTestExecutionListener, org.springframework.boot.test.autoconfigure.web.servlet.WebDriverTestExecutionListener, org.springframework.test.context.web.ServletTestExecutionListener, org.springframework.test.context.support.DirtiesContextBeforeModesTestExecutionListener, org.springframework.test.context.support.DependencyInjectionTestExecutionListener, org.springframework.test.context.support.DirtiesContextTestExecutionListener, org.springframework.test.context.transaction.TransactionalTestExecutionListener, org.springframework.test.context.jdbc.SqlScriptsTestExecutionListener]
17:18:20 [INFO][main][org.springframework.boot.test.context.SpringBootTestContextBootstrapper]- Using TestExecutionListeners: [org.springframework.test.context.web.ServletTestExecutionListener@4d41cee, org.springframework.test.context.support.DirtiesContextBeforeModesTestExecutionListener@3712b94, org.springframework.boot.test.autoconfigure.SpringBootDependencyInjectionTestExecutionListener@2833cc44, org.springframework.test.context.support.DirtiesContextTestExecutionListener@33f88ab, org.springframework.test.context.transaction.TransactionalTestExecutionListener@27a8c74e, org.springframework.test.context.jdbc.SqlScriptsTestExecutionListener@2d8f65a4, org.springframework.boot.test.mock.mockito.ResetMocksTestExecutionListener@1b68ddbd, org.springframework.boot.test.autoconfigure.web.servlet.WebDriverTestExecutionListener@646d64ab, org.springframework.boot.test.autoconfigure.restdocs.RestDocsTestExecutionListener@59e5ddf, org.springframework.boot.test.autoconfigure.web.servlet.MockMvcPrintOnlyOnFailureTestExecutionListener@536aaa8d, org.springframework.boot.test.autoconfigure.web.client.MockRestServiceServerResetTestExecutionListener@e320068, org.springframework.boot.test.mock.mockito.MockitoTestExecutionListener@1f57539]
17:18:21 [INFO][main][springbootTest.TestSptingboot]- Starting TestSptingboot on DESKTOP-4EJ981U with PID 14312 (started by weipan in D:\Users\admin\weip\springbootTest)
17:18:21 [INFO][main][springbootTest.TestSptingboot]- The following profiles are active: test
17:18:21 [INFO][main][org.springframework.web.context.support.GenericWebApplicationContext]- Refreshing org.springframework.web.context.support.GenericWebApplicationContext@5f9b2141: startup date [Mon Apr 23 17:18:21 CST 2018]; root of context hierarchy
17:18:21 [INFO][background-preinit][org.hibernate.validator.internal.util.Version]- HV000001: Hibernate Validator 5.3.4.Final
17:18:22 [INFO][main][org.springframework.beans.factory.support.DefaultListableBeanFactory]- Overriding bean definition for bean 'sqlSessionTemplate1' with a different definition: replacing [Root bean: class [null]; scope=; abstract=false; lazyInit=false; autowireMode=3; dependencyCheck=0; autowireCandidate=true; primary=false; factoryBeanName=mybatisDb1Config; factoryMethodName=sqlSessionTemplate1; initMethodName=null; destroyMethodName=(inferred); defined in class path resource [com/test/config/MybatisDb1Config.class]] with [Root bean: class [null]; scope=; abstract=false; lazyInit=false; autowireMode=3; dependencyCheck=0; autowireCandidate=true; primary=false; factoryBeanName=mybatisDb2Config; factoryMethodName=sqlSessionTemplate1; initMethodName=null; destroyMethodName=(inferred); defined in class path resource [com/test/config/MybatisDb2Config.class]]
17:18:22 [INFO][main][org.springframework.context.support.PostProcessorRegistrationDelegate$BeanPostProcessorChecker]- Bean 'org.springframework.boot.autoconfigure.validation.ValidationAutoConfiguration' of type [class org.springframework.boot.autoconfigure.validation.ValidationAutoConfiguration] is not eligible for getting processed by all BeanPostProcessors (for example: not eligible for auto-proxying)
17:18:22 [INFO][main][org.springframework.context.support.PostProcessorRegistrationDelegate$BeanPostProcessorChecker]- Bean 'validator' of type [class org.springframework.validation.beanvalidation.LocalValidatorFactoryBean] is not eligible for getting processed by all BeanPostProcessors (for example: not eligible for auto-proxying)
17:18:22 [INFO][main][org.springframework.context.support.PostProcessorRegistrationDelegate$BeanPostProcessorChecker]- Bean 'org.springframework.transaction.annotation.ProxyTransactionManagementConfiguration' of type [class org.springframework.transaction.annotation.ProxyTransactionManagementConfiguration$$EnhancerBySpringCGLIB$$3a1ba6ae] is not eligible for getting processed by all BeanPostProcessors (for example: not eligible for auto-proxying)
17:18:24 [INFO][main][org.springframework.web.servlet.mvc.method.annotation.RequestMappingHandlerAdapter]- Looking for @ControllerAdvice: org.springframework.web.context.support.GenericWebApplicationContext@5f9b2141: startup date [Mon Apr 23 17:18:21 CST 2018]; root of context hierarchy
17:18:24 [INFO][main][org.springframework.web.servlet.mvc.method.annotation.RequestMappingHandlerMapping]- Mapped "{[/error]}" onto public org.springframework.http.ResponseEntity<java.util.Map<java.lang.String, java.lang.Object>> org.springframework.boot.autoconfigure.web.BasicErrorController.error(javax.servlet.http.HttpServletRequest)
17:18:24 [INFO][main][org.springframework.web.servlet.mvc.method.annotation.RequestMappingHandlerMapping]- Mapped "{[/error],produces=[text/html]}" onto public org.springframework.web.servlet.ModelAndView org.springframework.boot.autoconfigure.web.BasicErrorController.errorHtml(javax.servlet.http.HttpServletRequest,javax.servlet.http.HttpServletResponse)
17:18:24 [INFO][main][org.springframework.web.servlet.handler.SimpleUrlHandlerMapping]- Mapped URL path [/webjars/**] onto handler of type [class org.springframework.web.servlet.resource.ResourceHttpRequestHandler]
17:18:24 [INFO][main][org.springframework.web.servlet.handler.SimpleUrlHandlerMapping]- Mapped URL path [/**] onto handler of type [class org.springframework.web.servlet.resource.ResourceHttpRequestHandler]
17:18:24 [INFO][main][org.springframework.web.servlet.mvc.method.annotation.ExceptionHandlerExceptionResolver]- Detected @ExceptionHandler methods in globalExceptionHandler
17:18:24 [INFO][main][org.springframework.web.servlet.handler.SimpleUrlHandlerMapping]- Mapped URL path [/**/favicon.ico] onto handler of type [class org.springframework.web.servlet.resource.ResourceHttpRequestHandler]
17:18:24 [INFO][main][org.springframework.boot.autoconfigure.web.WebMvcAutoConfiguration$WelcomePageHandlerMapping]- Adding welcome page: ServletContext resource [/index.html]
17:18:25 [INFO][main][springbootTest.TestSptingboot]- Started TestSptingboot in 4.513 seconds (JVM running for 5.296)
17:18:26 [INFO][Thread-3][org.springframework.web.context.support.GenericWebApplicationContext]- Closing org.springframework.web.context.support.GenericWebApplicationContext@5f9b2141: startup date [Mon Apr 23 17:18:21 CST 2018]; root of context hierarchy
17:22:21 [INFO][restartedMain][com.test.app.SpringBootMain]- Starting SpringBootMain on DESKTOP-4EJ981U with PID 13780 (D:\Users\admin\weip\springbootTest\target\classes started by weipan in D:\Users\admin\weip\springbootTest)
17:22:21 [INFO][restartedMain][com.test.app.SpringBootMain]- The following profiles are active: test
17:22:21 [INFO][restartedMain][org.springframework.boot.context.embedded.AnnotationConfigEmbeddedWebApplicationContext]- Refreshing org.springframework.boot.context.embedded.AnnotationConfigEmbeddedWebApplicationContext@70c43371: startup date [Mon Apr 23 17:22:21 CST 2018]; root of context hierarchy
17:22:22 [INFO][background-preinit][org.hibernate.validator.internal.util.Version]- HV000001: Hibernate Validator 5.3.4.Final
17:22:22 [INFO][restartedMain][org.springframework.beans.factory.support.DefaultListableBeanFactory]- Overriding bean definition for bean 'sqlSessionTemplate1' with a different definition: replacing [Root bean: class [null]; scope=; abstract=false; lazyInit=false; autowireMode=3; dependencyCheck=0; autowireCandidate=true; primary=false; factoryBeanName=mybatisDb1Config; factoryMethodName=sqlSessionTemplate1; initMethodName=null; destroyMethodName=(inferred); defined in class path resource [com/test/config/MybatisDb1Config.class]] with [Root bean: class [null]; scope=; abstract=false; lazyInit=false; autowireMode=3; dependencyCheck=0; autowireCandidate=true; primary=false; factoryBeanName=mybatisDb2Config; factoryMethodName=sqlSessionTemplate1; initMethodName=null; destroyMethodName=(inferred); defined in class path resource [com/test/config/MybatisDb2Config.class]]
17:22:23 [INFO][restartedMain][org.springframework.context.support.PostProcessorRegistrationDelegate$BeanPostProcessorChecker]- Bean 'org.springframework.boot.autoconfigure.validation.ValidationAutoConfiguration' of type [class org.springframework.boot.autoconfigure.validation.ValidationAutoConfiguration] is not eligible for getting processed by all BeanPostProcessors (for example: not eligible for auto-proxying)
17:22:23 [INFO][restartedMain][org.springframework.context.support.PostProcessorRegistrationDelegate$BeanPostProcessorChecker]- Bean 'validator' of type [class org.springframework.validation.beanvalidation.LocalValidatorFactoryBean] is not eligible for getting processed by all BeanPostProcessors (for example: not eligible for auto-proxying)
17:22:23 [INFO][restartedMain][org.springframework.context.support.PostProcessorRegistrationDelegate$BeanPostProcessorChecker]- Bean 'org.springframework.transaction.annotation.ProxyTransactionManagementConfiguration' of type [class org.springframework.transaction.annotation.ProxyTransactionManagementConfiguration$$EnhancerBySpringCGLIB$$310cdd50] is not eligible for getting processed by all BeanPostProcessors (for example: not eligible for auto-proxying)
17:22:24 [INFO][restartedMain][org.springframework.boot.context.embedded.tomcat.TomcatEmbeddedServletContainer]- Tomcat initialized with port(s): 18081 (http)
17:22:24 [INFO][localhost-startStop-1][org.springframework.web.context.ContextLoader]- Root WebApplicationContext: initialization completed in 2883 ms
17:22:25 [INFO][localhost-startStop-1][org.springframework.boot.web.servlet.ServletRegistrationBean]- Mapping servlet: 'dispatcherServlet' to [/]
17:22:25 [INFO][localhost-startStop-1][org.springframework.boot.web.servlet.FilterRegistrationBean]- Mapping filter: 'characterEncodingFilter' to: [/*]
17:22:25 [INFO][localhost-startStop-1][org.springframework.boot.web.servlet.FilterRegistrationBean]- Mapping filter: 'hiddenHttpMethodFilter' to: [/*]
17:22:25 [INFO][localhost-startStop-1][org.springframework.boot.web.servlet.FilterRegistrationBean]- Mapping filter: 'httpPutFormContentFilter' to: [/*]
17:22:25 [INFO][localhost-startStop-1][org.springframework.boot.web.servlet.FilterRegistrationBean]- Mapping filter: 'requestContextFilter' to: [/*]
17:22:26 [INFO][restartedMain][org.springframework.web.servlet.mvc.method.annotation.RequestMappingHandlerAdapter]- Looking for @ControllerAdvice: org.springframework.boot.context.embedded.AnnotationConfigEmbeddedWebApplicationContext@70c43371: startup date [Mon Apr 23 17:22:21 CST 2018]; root of context hierarchy
17:22:26 [INFO][restartedMain][org.springframework.web.servlet.mvc.method.annotation.RequestMappingHandlerMapping]- Mapped "{[/getEmps],methods=[GET]}" onto public java.util.Map<java.lang.String, java.util.List<com.test.entity.Emp>> com.test.controller.Controller.getEmps()
17:22:26 [INFO][restartedMain][org.springframework.web.servlet.mvc.method.annotation.RequestMappingHandlerMapping]- Mapped "{[/exception]}" onto public int com.test.controller.Controller.Exception()
17:22:26 [INFO][restartedMain][org.springframework.web.servlet.mvc.method.annotation.RequestMappingHandlerMapping]- Mapped "{[/error]}" onto public org.springframework.http.ResponseEntity<java.util.Map<java.lang.String, java.lang.Object>> org.springframework.boot.autoconfigure.web.BasicErrorController.error(javax.servlet.http.HttpServletRequest)
17:22:26 [INFO][restartedMain][org.springframework.web.servlet.mvc.method.annotation.RequestMappingHandlerMapping]- Mapped "{[/error],produces=[text/html]}" onto public org.springframework.web.servlet.ModelAndView org.springframework.boot.autoconfigure.web.BasicErrorController.errorHtml(javax.servlet.http.HttpServletRequest,javax.servlet.http.HttpServletResponse)
17:22:26 [INFO][restartedMain][org.springframework.web.servlet.handler.SimpleUrlHandlerMapping]- Mapped URL path [/webjars/**] onto handler of type [class org.springframework.web.servlet.resource.ResourceHttpRequestHandler]
17:22:26 [INFO][restartedMain][org.springframework.web.servlet.handler.SimpleUrlHandlerMapping]- Mapped URL path [/**] onto handler of type [class org.springframework.web.servlet.resource.ResourceHttpRequestHandler]
17:22:26 [INFO][restartedMain][org.springframework.web.servlet.mvc.method.annotation.ExceptionHandlerExceptionResolver]- Detected @ExceptionHandler methods in globalExceptionHandler
17:22:26 [INFO][restartedMain][org.springframework.web.servlet.handler.SimpleUrlHandlerMapping]- Mapped URL path [/**/favicon.ico] onto handler of type [class org.springframework.web.servlet.resource.ResourceHttpRequestHandler]
17:22:26 [INFO][restartedMain][org.springframework.boot.autoconfigure.web.WebMvcAutoConfiguration$WelcomePageHandlerMapping]- Adding welcome page: class path resource [static/index.html]
17:22:27 [INFO][restartedMain][org.springframework.boot.devtools.autoconfigure.OptionalLiveReloadServer]- LiveReload server is running on port 35729
17:22:27 [INFO][restartedMain][org.springframework.jmx.export.annotation.AnnotationMBeanExporter]- Registering beans for JMX exposure on startup
17:22:27 [INFO][restartedMain][org.springframework.boot.context.embedded.tomcat.TomcatEmbeddedServletContainer]- Tomcat started on port(s): 18081 (http)
17:22:27 [INFO][restartedMain][com.test.app.SpringBootMain]- Started SpringBootMain in 5.974 seconds (JVM running for 6.482)
17:22:52 [INFO][http-nio-18081-exec-1][org.springframework.web.servlet.DispatcherServlet]- FrameworkServlet 'dispatcherServlet': initialization started
17:22:52 [INFO][http-nio-18081-exec-1][org.springframework.web.servlet.DispatcherServlet]- FrameworkServlet 'dispatcherServlet': initialization completed in 58 ms
17:22:52 [INFO][http-nio-18081-exec-4][com.test.aspect.WebLogAspect]- ........11
17:22:52 [INFO][http-nio-18081-exec-4][com.test.aspect.WebLogAspect]- URL : http://localhost:18081/springboot/getEmps
17:22:52 [INFO][http-nio-18081-exec-4][com.test.aspect.WebLogAspect]- HTTP_METHOD : GET
17:22:52 [INFO][http-nio-18081-exec-4][com.test.aspect.WebLogAspect]- IP : 0:0:0:0:0:0:0:1
17:22:52 [INFO][http-nio-18081-exec-4][com.test.aspect.WebLogAspect]- name:{cPage},value:{1}
17:22:53 [INFO][http-nio-18081-exec-4][com.test.aspect.WebLogAspect]- RESPONSE : {data=[com.test.entity.Emp@4e6d31c4, com.test.entity.Emp@3acc8683, com.test.entity.Emp@749553d5, com.test.entity.Emp@fe5d056, com.test.entity.Emp@2821337f, com.test.entity.Emp@76874066, com.test.entity.Emp@2852ae98, com.test.entity.Emp@994aca4, com.test.entity.Emp@288fcc22, com.test.entity.Emp@64c73d25, com.test.entity.Emp@595c694b, com.test.entity.Emp@75811f48, com.test.entity.Emp@23392306, com.test.entity.Emp@7eca1c51, com.test.entity.Emp@446624f2, com.test.entity.Emp@39600869]}
17:22:53 [INFO][http-nio-18081-exec-4][com.test.aspect.WebLogAspect]- .....
